Log file open, 03/22/22 14:58:04
LogWindows: Failed to load 'aqProf.dll' (GetLastError=126)
LogWindows: File 'aqProf.dll' does not exist
LogWindows: Failed to load 'VtuneApi.dll' (GetLastError=126)
LogWindows: File 'VtuneApi.dll' does not exist
LogWindows: Failed to load 'VtuneApi32e.dll' (GetLastError=126)
LogWindows: File 'VtuneApi32e.dll' does not exist
LogConsoleResponse: Display: Failed to find resolution value strings in scalability ini. Falling back to default.
LogConsoleResponse: Display: Failed to find resolution value strings in scalability ini. Falling back to default.
LogInit: Display: Running engine for game: FPSExperiment
LogPlatformFile: Not using cached read wrapper
LogTaskGraph: Started task graph with 5 named threads and 35 total threads with 3 sets of task threads.
LogStats: Stats thread started at 0.401887
LogICUInternationalization: ICU TimeZone Detection - Raw Offset: -5:00, Platform Override: ''
LogInit: Display: Loading text-based GConfig....
LogPluginManager: Mounting plugin MeshPainting
LogPluginManager: Mounting plugin XGEController
LogPluginManager: Mounting plugin Paper2D
LogPluginManager: Mounting plugin LiveLink
LogPluginManager: Mounting plugin AISupport
LogPluginManager: Mounting plugin EnvironmentQueryEditor
LogPluginManager: Mounting plugin CryptoKeys
LogPluginManager: Mounting plugin OodleNetwork
LogPluginManager: Mounting plugin AssetManagerEditor
LogPluginManager: Mounting plugin CurveEditorTools
LogPluginManager: Mounting plugin FacialAnimation
LogPluginManager: Mounting plugin MacGraphicsSwitching
LogPluginManager: Mounting plugin OodleData
LogPluginManager: Mounting plugin MobileLauncherProfileWizard
LogPluginManager: Mounting plugin PluginBrowser
LogPluginManager: Mounting plugin DataValidation
LogPluginManager: Mounting plugin SpeedTreeImporter
LogPluginManager: Mounting plugin MaterialAnalyzer
LogPluginManager: Mounting plugin GameplayTagsEditor
LogPluginManager: Mounting plugin CameraShakePreviewer
LogPluginManager: Mounting plugin DatasmithContent
LogPluginManager: Mounting plugin GameplayCameras
LogPluginManager: Mounting plugin GeometryMode
LogPluginManager: Mounting plugin VariantManagerContent
LogPluginManager: Mounting plugin AlembicImporter
LogPluginManager: Mounting plugin AutomationUtils
LogPluginManager: Mounting plugin BackChannel
LogPluginManager: Mounting plugin ChaosClothEditor
LogPluginManager: Mounting plugin ChaosEditor
LogPluginManager: Mounting plugin ChaosNiagara
LogPluginManager: Mounting plugin ChaosCloth
LogPluginManager: Mounting plugin CharacterAI
LogPluginManager: Mounting plugin ChaosSolverPlugin
LogPluginManager: Mounting plugin Niagara
LogPluginManager: Mounting plugin GeometryCache
LogPluginManager: Mounting plugin GeometryCollectionPlugin
LogPluginManager: Mounting plugin GeometryProcessing
LogPluginManager: Mounting plugin OpenImageDenoise
LogPluginManager: Mounting plugin MotoSynth
LogPluginManager: Mounting plugin PlanarCut
LogPluginManager: Mounting plugin ProxyLODPlugin
LogPluginManager: Mounting plugin PlatformCrypto
LogPluginManager: Mounting plugin PythonScriptPlugin
LogPluginManager: Mounting plugin SkeletalReduction
LogPluginManager: Mounting plugin LuminPlatformFeatures
LogPluginManager: Mounting plugin MagicLeap
LogPluginManager: Mounting plugin MagicLeapMedia
LogPluginManager: Mounting plugin AndroidMedia
LogPluginManager: Mounting plugin MagicLeapLightEstimation
LogPluginManager: Mounting plugin AvfMedia
LogPluginManager: Mounting plugin MagicLeapPassableWorld
LogPluginManager: Mounting plugin MLSDK
LogPluginManager: Mounting plugin ImgMedia
LogPluginManager: Mounting plugin MediaCompositing
LogPluginManager: Mounting plugin MediaPlayerEditor
LogPluginManager: Mounting plugin WebMMedia
LogPluginManager: Mounting plugin WmfMedia
LogPluginManager: Mounting plugin TcpMessaging
LogPluginManager: Mounting plugin UdpMessaging
LogPluginManager: Mounting plugin LevelSequenceEditor
LogPluginManager: Mounting plugin ActorSequence
LogPluginManager: Mounting plugin TemplateSequence
LogPluginManager: Mounting plugin MatineeToLevelSequence
LogPluginManager: Mounting plugin OnlineSubsystem
LogPluginManager: Mounting plugin OnlineSubsystemNull
LogPluginManager: Mounting plugin LauncherChunkInstaller
LogPluginManager: Mounting plugin ActorLayerUtilities
LogPluginManager: Mounting plugin OnlineSubsystemUtils
LogPluginManager: Mounting plugin AndroidDeviceProfileSelector
LogPluginManager: Mounting plugin AndroidMoviePlayer
LogPluginManager: Mounting plugin AndroidPermission
LogPluginManager: Mounting plugin AppleImageUtils
LogPluginManager: Mounting plugin AppleMoviePlayer
LogPluginManager: Mounting plugin ArchVisCharacter
LogPluginManager: Mounting plugin AssetTags
LogPluginManager: Mounting plugin AudioCapture
LogPluginManager: Mounting plugin CableComponent
LogPluginManager: Mounting plugin ChunkDownloader
LogPluginManager: Mounting plugin AudioSynesthesia
LogPluginManager: Mounting plugin EditableMesh
LogPluginManager: Mounting plugin ExampleDeviceProfileSelector
LogPluginManager: Mounting plugin CustomMeshComponent
LogPluginManager: Mounting plugin GooglePAD
LogPluginManager: Mounting plugin GoogleCloudMessaging
LogPluginManager: Mounting plugin IOSDeviceProfileSelector
LogPluginManager: Mounting plugin LinuxDeviceProfileSelector
LogPluginManager: Mounting plugin LocationServicesBPLibrary
LogPluginManager: Mounting plugin MobilePatchingUtils
LogPluginManager: Mounting plugin OpenXR
LogPluginManager: Mounting plugin OpenXREyeTracker
LogPluginManager: Mounting plugin OpenXRHandTracking
LogPluginManager: Mounting plugin PhysXVehicles
LogPluginManager: Mounting plugin PostSplashScreen
LogPluginManager: Mounting plugin ProceduralMeshComponent
LogPluginManager: Mounting plugin PropertyAccessEditor
LogPluginManager: Mounting plugin RuntimePhysXCooking
LogPluginManager: Mounting plugin SignificanceManager
LogPluginManager: Mounting plugin SoundFields
LogPluginManager: Mounting plugin Synthesis
LogPluginManager: Mounting plugin WebMMoviePlayer
LogPluginManager: Mounting plugin WindowsMoviePlayer
LogPluginManager: Mounting plugin ScreenshotTools
LogPluginManager: Mounting plugin Takes
LogPluginManager: Mounting plugin AnimationSharing
LogPluginManager: Mounting plugin CLionSourceCodeAccess
LogPluginManager: Mounting plugin CodeLiteSourceCodeAccess
LogPluginManager: Mounting plugin KDevelopSourceCodeAccess
LogPluginManager: Mounting plugin GitSourceControl
LogPluginManager: Mounting plugin NullSourceCodeAccess
LogPluginManager: Mounting plugin PixWinPlugin
LogPluginManager: Mounting plugin PerforceSourceControl
LogPluginManager: Mounting plugin PropertyAccessNode
LogPluginManager: Mounting plugin PlasticSourceControl
LogPluginManager: Mounting plugin PluginUtils
LogPluginManager: Mounting plugin SubversionSourceControl
LogPluginManager: Mounting plugin TextureFormatOodle
LogPluginManager: Mounting plugin VisualStudioCodeSourceCodeAccess
LogPluginManager: Mounting plugin UObjectPlugin
LogPluginManager: Mounting plugin XCodeSourceCodeAccess
LogPluginManager: Mounting plugin VisualStudioSourceCodeAccess
LogPluginManager: Mounting plugin LightPropagationVolume
LogPluginManager: Mounting plugin RiderSourceCodeAccess
LogPluginManager: Mounting plugin ContentBrowserClassDataSource
LogPluginManager: Mounting plugin ContentBrowserAssetDataSource
LogPluginManager: Mounting plugin ContentBrowserFileDataSource
LogPluginManager: Mounting plugin OnlineSubsystemGooglePlay
LogPluginManager: Mounting plugin OnlineSubsystemIOS
LogPluginManager: Mounting plugin OculusVR
LogPluginManager: Mounting plugin SteamVR
LogInit: Using libcurl 7.55.1-DEV
LogInit:  - built for x86_64-pc-win32
LogInit:  - supports SSL with OpenSSL/1.1.1
LogInit:  - supports HTTP deflate (compression) using libz 1.2.8
LogInit:  - other features:
LogInit:      CURL_VERSION_SSL
LogInit:      CURL_VERSION_LIBZ
LogInit:      CURL_VERSION_IPV6
LogInit:      CURL_VERSION_ASYNCHDNS
LogInit:      CURL_VERSION_LARGEFILE
LogInit:      CURL_VERSION_IDN
LogInit:  CurlRequestOptions (configurable via config and command line):
LogInit:  - bVerifyPeer = true  - Libcurl will verify peer certificate
LogInit:  - bUseHttpProxy = false  - Libcurl will NOT use HTTP proxy
LogInit:  - bDontReuseConnections = false  - Libcurl will reuse connections
LogInit:  - MaxHostConnections = 16  - Libcurl will limit the number of connections to a host
LogInit:  - LocalHostAddr = Default
LogInit:  - BufferSize = 65536
LogOnline: OSS: Creating online subsystem instance for: NULL
LogInit: WinSock: version 1.1 (2.2), MaxSocks=32767, MaxUdp=65467
LogOnline: OSS: TryLoadSubsystemAndSetDefault: Loaded subsystem for module [NULL]
PixWinPlugin: PIX capture plugin failed to initialize! Check that the process is launched from PIX.
LogOculusPluginWrapper: OculusPlugin initialized successfully
LogHMD: Failed initializing OVRPlugin 1.59.0
LogInit: Build: ++UE4+Release-4.27-CL-17735300
LogInit: Engine Version: 4.27.1-17735300+++UE4+Release-4.27
LogInit: Compatible Engine Version: 4.27.0-17155196+++UE4+Release-4.27
LogInit: Net CL: 17155196
LogInit: OS: Windows 10 (Release 2009) (), CPU: AMD Ryzen 5 2600 Six-Core Processor            , GPU: NVIDIA GeForce RTX 3070
LogInit: Compiled (64-bit): Oct  6 2021 14:42:51
LogInit: Compiled with Visual C++: 19.24.28315.00
LogInit: Build Configuration: Development
LogInit: Branch Name: ++UE4+Release-4.27
LogInit: Command Line:  -skipcompile
LogInit: Base Directory: X:/Epic Games/Games4Epic/UE_4.27/Engine/Binaries/Win64/
LogInit: Allocator: TBB
LogInit: Installed Engine Build: 1
LogDevObjectVersion: Number of dev versions registered: 29
LogDevObjectVersion:   Dev-Blueprints (B0D832E4-1F89-4F0D-ACCF-7EB736FD4AA2): 10
LogDevObjectVersion:   Dev-Build (E1C64328-A22C-4D53-A36C-8E866417BD8C): 0
LogDevObjectVersion:   Dev-Core (375EC13C-06E4-48FB-B500-84F0262A717E): 4
LogDevObjectVersion:   Dev-Editor (E4B068ED-F494-42E9-A231-DA0B2E46BB41): 40
LogDevObjectVersion:   Dev-Framework (CFFC743F-43B0-4480-9391-14DF171D2073): 37
LogDevObjectVersion:   Dev-Mobile (B02B49B5-BB20-44E9-A304-32B752E40360): 3
LogDevObjectVersion:   Dev-Networking (A4E4105C-59A1-49B5-A7C5-40C4547EDFEE): 0
LogDevObjectVersion:   Dev-Online (39C831C9-5AE6-47DC-9A44-9C173E1C8E7C): 0
LogDevObjectVersion:   Dev-Physics (78F01B33-EBEA-4F98-B9B4-84EACCB95AA2): 14
LogDevObjectVersion:   Dev-Platform (6631380F-2D4D-43E0-8009-CF276956A95A): 0
LogDevObjectVersion:   Dev-Rendering (12F88B9F-8875-4AFC-A67C-D90C383ABD29): 45
LogDevObjectVersion:   Dev-Sequencer (7B5AE74C-D270-4C10-A958-57980B212A5A): 13
LogDevObjectVersion:   Dev-VR (D7296918-1DD6-4BDD-9DE2-64A83CC13884): 3
LogDevObjectVersion:   Dev-LoadTimes (C2A15278-BFE7-4AFE-6C17-90FF531DF755): 1
LogDevObjectVersion:   Private-Geometry (6EACA3D4-40EC-4CC1-B786-8BED09428FC5): 3
LogDevObjectVersion:   Dev-AnimPhys (29E575DD-E0A3-4627-9D10-D276232CDCEA): 17
LogDevObjectVersion:   Dev-Anim (AF43A65D-7FD3-4947-9873-3E8ED9C1BB05): 15
LogDevObjectVersion:   Dev-ReflectionCapture (6B266CEC-1EC7-4B8F-A30B-E4D90942FC07): 1
LogDevObjectVersion:   Dev-Automation (0DF73D61-A23F-47EA-B727-89E90C41499A): 1
LogDevObjectVersion:   FortniteMain (601D1886-AC64-4F84-AA16-D3DE0DEAC7D6): 47
LogDevObjectVersion:   FortniteRelease (E7086368-6B23-4C58-8439-1B7016265E91): 1
LogDevObjectVersion:   Dev-Enterprise (9DFFBCD6-494F-0158-E221-12823C92A888): 10
LogDevObjectVersion:   Dev-Niagara (F2AED0AC-9AFE-416F-8664-AA7FFA26D6FC): 1
LogDevObjectVersion:   Dev-Destruction (174F1F0B-B4C6-45A5-B13F-2EE8D0FB917D): 10
LogDevObjectVersion:   Dev-Physics-Ext (35F94A83-E258-406C-A318-09F59610247C): 41
LogDevObjectVersion:   Dev-PhysicsMaterial-Chaos (B68FC16E-8B1B-42E2-B453-215C058844FE): 1
LogDevObjectVersion:   Dev-CineCamera (B2E18506-4273-CFC2-A54E-F4BB758BBA07): 1
LogDevObjectVersion:   Dev-VirtualProduction (64F58936-FD1B-42BA-BA96-7289D5D0FA4E): 1
LogDevObjectVersion:   Dev-MediaFramework (6F0ED827-A609-4895-9C91-998D90180EA4): 2
LogInit: Presizing for max 25165824 objects, including 0 objects not considered by GC, pre-allocating 0 bytes for permanent pool.
LogConfig: Applying CVar settings from Section [/Script/Engine.StreamingSettings] File [X:/Repo/UnrealFPS/UnrealFPSExperiment/FPSExperiment/Saved/Config/Windows/Engine.ini]
LogConfig: Setting CVar [[s.MinBulkDataSizeForAsyncLoading:131072]]
LogConfig: Setting CVar [[s.AsyncLoadingThreadEnabled:0]]
LogConfig: Setting CVar [[s.EventDrivenLoaderEnabled:1]]
LogConfig: Setting CVar [[s.WarnIfTimeLimitExceeded:0]]
LogConfig: Setting CVar [[s.TimeLimitExceededMultiplier:1.5]]
LogConfig: Setting CVar [[s.TimeLimitExceededMinTime:0.005]]
LogConfig: Setting CVar [[s.UseBackgroundLevelStreaming:1]]
LogConfig: Setting CVar [[s.PriorityAsyncLoadingExtraTime:15.0]]
LogConfig: Setting CVar [[s.LevelStreamingActorsUpdateTimeLimit:5.0]]
LogConfig: Setting CVar [[s.PriorityLevelStreamingActorsUpdateExtraTime:5.0]]
LogConfig: Setting CVar [[s.LevelStreamingComponentsRegistrationGranularity:10]]
LogConfig: Setting CVar [[s.UnregisterComponentsTimeLimit:1.0]]
LogConfig: Setting CVar [[s.LevelStreamingComponentsUnregistrationGranularity:5]]
LogConfig: Setting CVar [[s.FlushStreamingOnExit:1]]
LogInit: Object subsystem initialized
LogConfig: Setting CVar [[con.DebugEarlyDefault:1]]
LogConfig: Setting CVar [[r.setres:1280x720]]
[2022.03.22-18.58.05:727][  0]LogConfig: Setting CVar [[r.VSync:0]]
[2022.03.22-18.58.05:728][  0]LogConfig: Setting CVar [[r.RHICmdBypass:0]]
[2022.03.22-18.58.05:728][  0]LogConfig: Applying CVar settings from Section [/Script/Engine.RendererSettings] File [X:/Repo/UnrealFPS/UnrealFPSExperiment/FPSExperiment/Saved/Config/Windows/Engine.ini]
[2022.03.22-18.58.05:728][  0]LogConfig: Setting CVar [[r.GPUCrashDebugging:0]]
[2022.03.22-18.58.05:728][  0]LogConfig: Applying CVar settings from Section [/Script/Engine.RendererOverrideSettings] File [X:/Repo/UnrealFPS/UnrealFPSExperiment/FPSExperiment/Saved/Config/Windows/Engine.ini]
[2022.03.22-18.58.05:728][  0]LogConfig: Applying CVar settings from Section [/Script/Engine.StreamingSettings] File [X:/Repo/UnrealFPS/UnrealFPSExperiment/FPSExperiment/Saved/Config/Windows/Engine.ini]
[2022.03.22-18.58.05:728][  0]LogConfig: Setting CVar [[s.MinBulkDataSizeForAsyncLoading:131072]]
[2022.03.22-18.58.05:728][  0]LogConfig: Setting CVar [[s.AsyncLoadingThreadEnabled:0]]
[2022.03.22-18.58.05:728][  0]LogConfig: Setting CVar [[s.EventDrivenLoaderEnabled:1]]
[2022.03.22-18.58.05:728][  0]LogConfig: Setting CVar [[s.WarnIfTimeLimitExceeded:0]]
[2022.03.22-18.58.05:728][  0]LogConfig: Setting CVar [[s.TimeLimitExceededMultiplier:1.5]]
[2022.03.22-18.58.05:728][  0]LogConfig: Setting CVar [[s.TimeLimitExceededMinTime:0.005]]
[2022.03.22-18.58.05:728][  0]LogConfig: Setting CVar [[s.UseBackgroundLevelStreaming:1]]
[2022.03.22-18.58.05:728][  0]LogConfig: Setting CVar [[s.PriorityAsyncLoadingExtraTime:15.0]]
[2022.03.22-18.58.05:729][  0]LogConfig: Setting CVar [[s.LevelStreamingActorsUpdateTimeLimit:5.0]]
[2022.03.22-18.58.05:729][  0]LogConfig: Setting CVar [[s.PriorityLevelStreamingActorsUpdateExtraTime:5.0]]
[2022.03.22-18.58.05:729][  0]LogConfig: Setting CVar [[s.LevelStreamingComponentsRegistrationGranularity:10]]
[2022.03.22-18.58.05:729][  0]LogConfig: Setting CVar [[s.UnregisterComponentsTimeLimit:1.0]]
[2022.03.22-18.58.05:729][  0]LogConfig: Setting CVar [[s.LevelStreamingComponentsUnregistrationGranularity:5]]
[2022.03.22-18.58.05:729][  0]LogConfig: Setting CVar [[s.FlushStreamingOnExit:1]]
[2022.03.22-18.58.05:729][  0]LogConfig: Applying CVar settings from Section [/Script/Engine.GarbageCollectionSettings] File [X:/Repo/UnrealFPS/UnrealFPSExperiment/FPSExperiment/Saved/Config/Windows/Engine.ini]
[2022.03.22-18.58.05:729][  0]LogConfig: Setting CVar [[gc.MaxObjectsNotConsideredByGC:1]]
[2022.03.22-18.58.05:729][  0]LogConfig: Setting CVar [[gc.SizeOfPermanentObjectPool:0]]
[2022.03.22-18.58.05:729][  0]LogConfig: Setting CVar [[gc.FlushStreamingOnGC:0]]
[2022.03.22-18.58.05:729][  0]LogConfig: Setting CVar [[gc.NumRetriesBeforeForcingGC:10]]
[2022.03.22-18.58.05:729][  0]LogConfig: Setting CVar [[gc.AllowParallelGC:1]]
[2022.03.22-18.58.05:729][  0]LogConfig: Setting CVar [[gc.TimeBetweenPurgingPendingKillObjects:61.1]]
[2022.03.22-18.58.05:729][  0]LogConfig: Setting CVar [[gc.MaxObjectsInEditor:25165824]]
[2022.03.22-18.58.05:729][  0]LogConfig: Setting CVar [[gc.IncrementalBeginDestroyEnabled:1]]
[2022.03.22-18.58.05:729][  0]LogConfig: Setting CVar [[gc.CreateGCClusters:1]]
[2022.03.22-18.58.05:729][  0]LogConfig: Setting CVar [[gc.MinGCClusterSize:5]]
[2022.03.22-18.58.05:729][  0]LogConfig: Setting CVar [[gc.ActorClusteringEnabled:0]]
[2022.03.22-18.58.05:730][  0]LogConfig: Setting CVar [[gc.BlueprintClusteringEnabled:0]]
[2022.03.22-18.58.05:730][  0]LogConfig: Setting CVar [[gc.UseDisregardForGCOnDedicatedServers:0]]
[2022.03.22-18.58.05:730][  0]LogConfig: Setting CVar [[gc.MultithreadedDestructionEnabled:1]]
[2022.03.22-18.58.05:730][  0]LogConfig: Applying CVar settings from Section [/Script/Engine.NetworkSettings] File [X:/Repo/UnrealFPS/UnrealFPSExperiment/FPSExperiment/Saved/Config/Windows/Engine.ini]
[2022.03.22-18.58.05:730][  0]LogConfig: Applying CVar settings from Section [/Script/UnrealEd.CookerSettings] File [X:/Repo/UnrealFPS/UnrealFPSExperiment/FPSExperiment/Saved/Config/Windows/Engine.ini]
[2022.03.22-18.58.05:747][  0]LogConfig: Applying CVar settings from Section [ViewDistanceQuality@3] File [X:/Repo/UnrealFPS/UnrealFPSExperiment/FPSExperiment/Saved/Config/Windows/Scalability.ini]
[2022.03.22-18.58.05:747][  0]LogConfig: Setting CVar [[r.SkeletalMeshLODBias:0]]
[2022.03.22-18.58.05:747][  0]LogConfig: Setting CVar [[r.ViewDistanceScale:1.0]]
[2022.03.22-18.58.05:747][  0]LogConfig: Applying CVar settings from Section [AntiAliasingQuality@3] File [X:/Repo/UnrealFPS/UnrealFPSExperiment/FPSExperiment/Saved/Config/Windows/Scalability.ini]
[2022.03.22-18.58.05:747][  0]LogConfig: Setting CVar [[r.PostProcessAAQuality:4]]
[2022.03.22-18.58.05:747][  0]LogConfig: Applying CVar settings from Section [ShadowQuality@3] File [X:/Repo/UnrealFPS/UnrealFPSExperiment/FPSExperiment/Saved/Config/Windows/Scalability.ini]
[2022.03.22-18.58.05:747][  0]LogConfig: Setting CVar [[r.LightFunctionQuality:1]]
[2022.03.22-18.58.05:747][  0]LogConfig: Setting CVar [[r.ShadowQuality:5]]
[2022.03.22-18.58.05:747][  0]LogConfig: Setting CVar [[r.Shadow.CSM.MaxCascades:10]]
[2022.03.22-18.58.05:747][  0]LogConfig: Setting CVar [[r.Shadow.MaxResolution:2048]]
[2022.03.22-18.58.05:748][  0]LogConfig: Setting CVar [[r.Shadow.MaxCSMResolution:2048]]
[2022.03.22-18.58.05:748][  0]LogConfig: Setting CVar [[r.Shadow.RadiusThreshold:0.01]]
[2022.03.22-18.58.05:748][  0]LogConfig: Setting CVar [[r.Shadow.DistanceScale:1.0]]
[2022.03.22-18.58.05:748][  0]LogConfig: Setting CVar [[r.Shadow.CSM.TransitionScale:1.0]]
[2022.03.22-18.58.05:748][  0]LogConfig: Setting CVar [[r.Shadow.PreShadowResolutionFactor:1.0]]
[2022.03.22-18.58.05:748][  0]LogConfig: Setting CVar [[r.DistanceFieldShadowing:1]]
[2022.03.22-18.58.05:748][  0]LogConfig: Setting CVar [[r.DistanceFieldAO:1]]
[2022.03.22-18.58.05:748][  0]LogConfig: Setting CVar [[r.AOQuality:2]]
[2022.03.22-18.58.05:748][  0]LogConfig: Setting CVar [[r.VolumetricFog:1]]
[2022.03.22-18.58.05:748][  0]LogConfig: Setting CVar [[r.VolumetricFog.GridPixelSize:8]]
[2022.03.22-18.58.05:748][  0]LogConfig: Setting CVar [[r.VolumetricFog.GridSizeZ:128]]
[2022.03.22-18.58.05:748][  0]LogConfig: Setting CVar [[r.VolumetricFog.HistoryMissSupersampleCount:4]]
[2022.03.22-18.58.05:748][  0]LogConfig: Setting CVar [[r.LightMaxDrawDistanceScale:1]]
[2022.03.22-18.58.05:748][  0]LogConfig: Setting CVar [[r.CapsuleShadows:1]]
[2022.03.22-18.58.05:748][  0]LogConfig: Applying CVar settings from Section [PostProcessQuality@3] File [X:/Repo/UnrealFPS/UnrealFPSExperiment/FPSExperiment/Saved/Config/Windows/Scalability.ini]
[2022.03.22-18.58.05:748][  0]LogConfig: Setting CVar [[r.MotionBlurQuality:4]]
[2022.03.22-18.58.05:748][  0]LogConfig: Setting CVar [[r.AmbientOcclusionMipLevelFactor:0.4]]
[2022.03.22-18.58.05:748][  0]LogConfig: Setting CVar [[r.AmbientOcclusionMaxQuality:100]]
[2022.03.22-18.58.05:749][  0]LogConfig: Setting CVar [[r.AmbientOcclusionLevels:-1]]
[2022.03.22-18.58.05:749][  0]LogConfig: Setting CVar [[r.AmbientOcclusionRadiusScale:1.0]]
[2022.03.22-18.58.05:749][  0]LogConfig: Setting CVar [[r.DepthOfFieldQuality:2]]
[2022.03.22-18.58.05:749][  0]LogConfig: Setting CVar [[r.RenderTargetPoolMin:400]]
[2022.03.22-18.58.05:749][  0]LogConfig: Setting CVar [[r.LensFlareQuality:2]]
[2022.03.22-18.58.05:749][  0]LogConfig: Setting CVar [[r.SceneColorFringeQuality:1]]
[2022.03.22-18.58.05:749][  0]LogConfig: Setting CVar [[r.EyeAdaptationQuality:2]]
[2022.03.22-18.58.05:749][  0]LogConfig: Setting CVar [[r.BloomQuality:5]]
[2022.03.22-18.58.05:749][  0]LogConfig: Setting CVar [[r.FastBlurThreshold:100]]
[2022.03.22-18.58.05:749][  0]LogConfig: Setting CVar [[r.Upscale.Quality:3]]
[2022.03.22-18.58.05:749][  0]LogConfig: Setting CVar [[r.Tonemapper.GrainQuantization:1]]
[2022.03.22-18.58.05:749][  0]LogConfig: Setting CVar [[r.LightShaftQuality:1]]
[2022.03.22-18.58.05:749][  0]LogConfig: Setting CVar [[r.Filter.SizeScale:1]]
[2022.03.22-18.58.05:749][  0]LogConfig: Setting CVar [[r.Tonemapper.Quality:5]]
[2022.03.22-18.58.05:749][  0]LogConfig: Setting CVar [[r.DOF.Gather.AccumulatorQuality:1        ; higher gathering accumulator quality]]
[2022.03.22-18.58.05:749][  0]LogConfig: Setting CVar [[r.DOF.Gather.PostfilterMethod:1          ; Median3x3 postfilering method]]
[2022.03.22-18.58.05:749][  0]LogConfig: Setting CVar [[r.DOF.Gather.EnableBokehSettings:0       ; no bokeh simulation when gathering]]
[2022.03.22-18.58.05:749][  0]LogConfig: Setting CVar [[r.DOF.Gather.RingCount:4                 ; medium number of samples when gathering]]
[2022.03.22-18.58.05:750][  0]LogConfig: Setting CVar [[r.DOF.Scatter.ForegroundCompositing:1    ; additive foreground scattering]]
[2022.03.22-18.58.05:750][  0]LogConfig: Setting CVar [[r.DOF.Scatter.BackgroundCompositing:2    ; additive background scattering]]
[2022.03.22-18.58.05:750][  0]LogConfig: Setting CVar [[r.DOF.Scatter.EnableBokehSettings:1      ; bokeh simulation when scattering]]
[2022.03.22-18.58.05:750][  0]LogConfig: Setting CVar [[r.DOF.Scatter.MaxSpriteRatio:0.1         ; only a maximum of 10% of scattered bokeh]]
[2022.03.22-18.58.05:750][  0]LogConfig: Setting CVar [[r.DOF.Recombine.Quality:1                ; cheap slight out of focus]]
[2022.03.22-18.58.05:750][  0]LogConfig: Setting CVar [[r.DOF.Recombine.EnableBokehSettings:0    ; no bokeh simulation on slight out of focus]]
[2022.03.22-18.58.05:750][  0]LogConfig: Setting CVar [[r.DOF.TemporalAAQuality:1                ; more stable temporal accumulation]]
[2022.03.22-18.58.05:750][  0]LogConfig: Setting CVar [[r.DOF.Kernel.MaxForegroundRadius:0.025]]
[2022.03.22-18.58.05:750][  0]LogConfig: Setting CVar [[r.DOF.Kernel.MaxBackgroundRadius:0.025]]
[2022.03.22-18.58.05:750][  0]LogConfig: Applying CVar settings from Section [TextureQuality@3] File [X:/Repo/UnrealFPS/UnrealFPSExperiment/FPSExperiment/Saved/Config/Windows/Scalability.ini]
[2022.03.22-18.58.05:750][  0]LogConfig: Setting CVar [[r.Streaming.MipBias:0]]
[2022.03.22-18.58.05:750][  0]LogConfig: Setting CVar [[r.Streaming.AmortizeCPUToGPUCopy:0]]
[2022.03.22-18.58.05:750][  0]LogConfig: Setting CVar [[r.Streaming.MaxNumTexturesToStreamPerFrame:0]]
[2022.03.22-18.58.05:750][  0]LogConfig: Setting CVar [[r.Streaming.Boost:1]]
[2022.03.22-18.58.05:750][  0]LogConfig: Setting CVar [[r.MaxAnisotropy:8]]
[2022.03.22-18.58.05:750][  0]LogConfig: Setting CVar [[r.VT.MaxAnisotropy:8]]
[2022.03.22-18.58.05:750][  0]LogConfig: Setting CVar [[r.Streaming.LimitPoolSizeToVRAM:0]]
[2022.03.22-18.58.05:750][  0]LogConfig: Setting CVar [[r.Streaming.PoolSize:1000]]
[2022.03.22-18.58.05:750][  0]LogConfig: Setting CVar [[r.Streaming.MaxEffectiveScreenSize:0]]
[2022.03.22-18.58.05:751][  0]LogConfig: Applying CVar settings from Section [EffectsQuality@3] File [X:/Repo/UnrealFPS/UnrealFPSExperiment/FPSExperiment/Saved/Config/Windows/Scalability.ini]
[2022.03.22-18.58.05:751][  0]LogConfig: Setting CVar [[r.TranslucencyLightingVolumeDim:64]]
[2022.03.22-18.58.05:751][  0]LogConfig: Setting CVar [[r.RefractionQuality:2]]
[2022.03.22-18.58.05:751][  0]LogConfig: Setting CVar [[r.SSR.Quality:3]]
[2022.03.22-18.58.05:751][  0]LogConfig: Setting CVar [[r.SSR.HalfResSceneColor:0]]
[2022.03.22-18.58.05:751][  0]LogConfig: Setting CVar [[r.SceneColorFormat:4]]
[2022.03.22-18.58.05:751][  0]LogConfig: Setting CVar [[r.DetailMode:2]]
[2022.03.22-18.58.05:751][  0]LogConfig: Setting CVar [[r.TranslucencyVolumeBlur:1]]
[2022.03.22-18.58.05:751][  0]LogConfig: Setting CVar [[r.MaterialQualityLevel:1 ; High quality]]
[2022.03.22-18.58.05:751][  0]LogConfig: Setting CVar [[r.AnisotropicMaterials:1]]
[2022.03.22-18.58.05:751][  0]LogConfig: Setting CVar [[r.SSS.Scale:1]]
[2022.03.22-18.58.05:751][  0]LogConfig: Setting CVar [[r.SSS.SampleSet:2]]
[2022.03.22-18.58.05:751][  0]LogConfig: Setting CVar [[r.SSS.Quality:1]]
[2022.03.22-18.58.05:751][  0]LogConfig: Setting CVar [[r.SSS.HalfRes:0]]
[2022.03.22-18.58.05:751][  0]LogConfig: Setting CVar [[r.SSGI.Quality:3]]
[2022.03.22-18.58.05:751][  0]LogConfig: Setting CVar [[r.EmitterSpawnRateScale:1.0]]
[2022.03.22-18.58.05:751][  0]LogConfig: Setting CVar [[r.ParticleLightQuality:2]]
[2022.03.22-18.58.05:751][  0]LogConfig: Setting CVar [[r.SkyAtmosphere.AerialPerspectiveLUT.FastApplyOnOpaque:1 ; Always have FastSkyLUT 1 in this case to avoid wrong sky]]
[2022.03.22-18.58.05:751][  0]LogConfig: Setting CVar [[r.SkyAtmosphere.AerialPerspectiveLUT.SampleCountMaxPerSlice:4]]
[2022.03.22-18.58.05:751][  0]LogConfig: Setting CVar [[r.SkyAtmosphere.AerialPerspectiveLUT.DepthResolution:16.0]]
[2022.03.22-18.58.05:752][  0]LogConfig: Setting CVar [[r.SkyAtmosphere.FastSkyLUT:1]]
[2022.03.22-18.58.05:752][  0]LogConfig: Setting CVar [[r.SkyAtmosphere.FastSkyLUT.SampleCountMin:4.0]]
[2022.03.22-18.58.05:752][  0]LogConfig: Setting CVar [[r.SkyAtmosphere.FastSkyLUT.SampleCountMax:128.0]]
[2022.03.22-18.58.05:752][  0]LogConfig: Setting CVar [[r.SkyAtmosphere.SampleCountMin:4.0]]
[2022.03.22-18.58.05:752][  0]LogConfig: Setting CVar [[r.SkyAtmosphere.SampleCountMax:128.0]]
[2022.03.22-18.58.05:752][  0]LogConfig: Setting CVar [[r.SkyAtmosphere.TransmittanceLUT.UseSmallFormat:0]]
[2022.03.22-18.58.05:752][  0]LogConfig: Setting CVar [[r.SkyAtmosphere.TransmittanceLUT.SampleCount:10.0]]
[2022.03.22-18.58.05:752][  0]LogConfig: Setting CVar [[r.SkyAtmosphere.MultiScatteringLUT.SampleCount:15.0]]
[2022.03.22-18.58.05:752][  0]LogConfig: Setting CVar [[r.SkyLight.RealTimeReflectionCapture:1]]
[2022.03.22-18.58.05:752][  0]LogConfig: Applying CVar settings from Section [FoliageQuality@3] File [X:/Repo/UnrealFPS/UnrealFPSExperiment/FPSExperiment/Saved/Config/Windows/Scalability.ini]
[2022.03.22-18.58.05:752][  0]LogConfig: Setting CVar [[foliage.DensityScale:1.0]]
[2022.03.22-18.58.05:752][  0]LogConfig: Setting CVar [[grass.DensityScale:1.0]]
[2022.03.22-18.58.05:752][  0]LogConfig: Applying CVar settings from Section [ShadingQuality@3] File [X:/Repo/UnrealFPS/UnrealFPSExperiment/FPSExperiment/Saved/Config/Windows/Scalability.ini]
[2022.03.22-18.58.05:752][  0]LogConfig: Setting CVar [[r.HairStrands.SkyLighting.IntegrationType:2]]
[2022.03.22-18.58.05:752][  0]LogConfig: Setting CVar [[r.HairStrands.SkyAO.SampleCount:4]]
[2022.03.22-18.58.05:752][  0]LogConfig: Setting CVar [[r.HairStrands.Visibility.MSAA.SamplePerPixel:4]]
[2022.03.22-18.58.05:752][  0]LogInit: Selected Device Profile: [Windows]
[2022.03.22-18.58.05:752][  0]LogInit: Applying CVar settings loaded from the selected device profile: [Windows]
[2022.03.22-18.58.05:753][  0]LogHAL: Display: Platform has ~ 32 GB [34307088384 / 34359738368 / 32], which maps to Largest [LargestMinGB=32, LargerMinGB=12, DefaultMinGB=8, SmallerMinGB=6, SmallestMinGB=0)
[2022.03.22-18.58.05:753][  0]LogInit: Going up to parent DeviceProfile []
[2022.03.22-18.58.05:753][  0]LogConfig: Applying CVar settings from Section [ViewDistanceQuality@3] File [X:/Repo/UnrealFPS/UnrealFPSExperiment/FPSExperiment/Saved/Config/Windows/Scalability.ini]
[2022.03.22-18.58.05:753][  0]LogConfig: Setting CVar [[r.SkeletalMeshLODBias:0]]
[2022.03.22-18.58.05:753][  0]LogConfig: Setting CVar [[r.ViewDistanceScale:1.0]]
[2022.03.22-18.58.05:753][  0]LogConfig: Applying CVar settings from Section [AntiAliasingQuality@3] File [X:/Repo/UnrealFPS/UnrealFPSExperiment/FPSExperiment/Saved/Config/Windows/Scalability.ini]
[2022.03.22-18.58.05:753][  0]LogConfig: Setting CVar [[r.PostProcessAAQuality:4]]
[2022.03.22-18.58.05:753][  0]LogConfig: Applying CVar settings from Section [ShadowQuality@3] File [X:/Repo/UnrealFPS/UnrealFPSExperiment/FPSExperiment/Saved/Config/Windows/Scalability.ini]
[2022.03.22-18.58.05:753][  0]LogConfig: Setting CVar [[r.LightFunctionQuality:1]]
[2022.03.22-18.58.05:753][  0]LogConfig: Setting CVar [[r.ShadowQuality:5]]
[2022.03.22-18.58.05:753][  0]LogConfig: Setting CVar [[r.Shadow.CSM.MaxCascades:10]]
[2022.03.22-18.58.05:753][  0]LogConfig: Setting CVar [[r.Shadow.MaxResolution:2048]]
[2022.03.22-18.58.05:753][  0]LogConfig: Setting CVar [[r.Shadow.MaxCSMResolution:2048]]
[2022.03.22-18.58.05:753][  0]LogConfig: Setting CVar [[r.Shadow.RadiusThreshold:0.01]]
[2022.03.22-18.58.05:754][  0]LogConfig: Setting CVar [[r.Shadow.DistanceScale:1.0]]
[2022.03.22-18.58.05:754][  0]LogConfig: Setting CVar [[r.Shadow.CSM.TransitionScale:1.0]]
[2022.03.22-18.58.05:754][  0]LogConfig: Setting CVar [[r.Shadow.PreShadowResolutionFactor:1.0]]
[2022.03.22-18.58.05:754][  0]LogConfig: Setting CVar [[r.DistanceFieldShadowing:1]]
[2022.03.22-18.58.05:754][  0]LogConfig: Setting CVar [[r.DistanceFieldAO:1]]
[2022.03.22-18.58.05:754][  0]LogConfig: Setting CVar [[r.AOQuality:2]]
[2022.03.22-18.58.05:754][  0]LogConfig: Setting CVar [[r.VolumetricFog:1]]
[2022.03.22-18.58.05:754][  0]LogConfig: Setting CVar [[r.VolumetricFog.GridPixelSize:8]]
[2022.03.22-18.58.05:754][  0]LogConfig: Setting CVar [[r.VolumetricFog.GridSizeZ:128]]
[2022.03.22-18.58.05:754][  0]LogConfig: Setting CVar [[r.VolumetricFog.HistoryMissSupersampleCount:4]]
[2022.03.22-18.58.05:754][  0]LogConfig: Setting CVar [[r.LightMaxDrawDistanceScale:1]]
[2022.03.22-18.58.05:754][  0]LogConfig: Setting CVar [[r.CapsuleShadows:1]]
[2022.03.22-18.58.05:754][  0]LogConfig: Applying CVar settings from Section [PostProcessQuality@3] File [X:/Repo/UnrealFPS/UnrealFPSExperiment/FPSExperiment/Saved/Config/Windows/Scalability.ini]
[2022.03.22-18.58.05:754][  0]LogConfig: Setting CVar [[r.MotionBlurQuality:4]]
[2022.03.22-18.58.05:754][  0]LogConfig: Setting CVar [[r.AmbientOcclusionMipLevelFactor:0.4]]
[2022.03.22-18.58.05:754][  0]LogConfig: Setting CVar [[r.AmbientOcclusionMaxQuality:100]]
[2022.03.22-18.58.05:754][  0]LogConfig: Setting CVar [[r.AmbientOcclusionLevels:-1]]
[2022.03.22-18.58.05:754][  0]LogConfig: Setting CVar [[r.AmbientOcclusionRadiusScale:1.0]]
[2022.03.22-18.58.05:755][  0]LogConfig: Setting CVar [[r.DepthOfFieldQuality:2]]
[2022.03.22-18.58.05:755][  0]LogConfig: Setting CVar [[r.RenderTargetPoolMin:400]]
[2022.03.22-18.58.05:755][  0]LogConfig: Setting CVar [[r.LensFlareQuality:2]]
[2022.03.22-18.58.05:755][  0]LogConfig: Setting CVar [[r.SceneColorFringeQuality:1]]
[2022.03.22-18.58.05:755][  0]LogConfig: Setting CVar [[r.EyeAdaptationQuality:2]]
[2022.03.22-18.58.05:755][  0]LogConfig: Setting CVar [[r.BloomQuality:5]]
[2022.03.22-18.58.05:755][  0]LogConfig: Setting CVar [[r.FastBlurThreshold:100]]
[2022.03.22-18.58.05:755][  0]LogConfig: Setting CVar [[r.Upscale.Quality:3]]
[2022.03.22-18.58.05:755][  0]LogConfig: Setting CVar [[r.Tonemapper.GrainQuantization:1]]
[2022.03.22-18.58.05:755][  0]LogConfig: Setting CVar [[r.LightShaftQuality:1]]
[2022.03.22-18.58.05:755][  0]LogConfig: Setting CVar [[r.Filter.SizeScale:1]]
[2022.03.22-18.58.05:755][  0]LogConfig: Setting CVar [[r.Tonemapper.Quality:5]]
[2022.03.22-18.58.05:755][  0]LogConfig: Setting CVar [[r.DOF.Gather.AccumulatorQuality:1        ; higher gathering accumulator quality]]
[2022.03.22-18.58.05:755][  0]LogConfig: Setting CVar [[r.DOF.Gather.PostfilterMethod:1          ; Median3x3 postfilering method]]
[2022.03.22-18.58.05:755][  0]LogConfig: Setting CVar [[r.DOF.Gather.EnableBokehSettings:0       ; no bokeh simulation when gathering]]
[2022.03.22-18.58.05:755][  0]LogConfig: Setting CVar [[r.DOF.Gather.RingCount:4                 ; medium number of samples when gathering]]
[2022.03.22-18.58.05:755][  0]LogConfig: Setting CVar [[r.DOF.Scatter.ForegroundCompositing:1    ; additive foreground scattering]]
[2022.03.22-18.58.05:755][  0]LogConfig: Setting CVar [[r.DOF.Scatter.BackgroundCompositing:2    ; additive background scattering]]
[2022.03.22-18.58.05:756][  0]LogConfig: Setting CVar [[r.DOF.Scatter.EnableBokehSettings:1      ; bokeh simulation when scattering]]
[2022.03.22-18.58.05:756][  0]LogConfig: Setting CVar [[r.DOF.Scatter.MaxSpriteRatio:0.1         ; only a maximum of 10% of scattered bokeh]]
[2022.03.22-18.58.05:756][  0]LogConfig: Setting CVar [[r.DOF.Recombine.Quality:1                ; cheap slight out of focus]]
[2022.03.22-18.58.05:756][  0]LogConfig: Setting CVar [[r.DOF.Recombine.EnableBokehSettings:0    ; no bokeh simulation on slight out of focus]]
[2022.03.22-18.58.05:756][  0]LogConfig: Setting CVar [[r.DOF.TemporalAAQuality:1                ; more stable temporal accumulation]]
[2022.03.22-18.58.05:756][  0]LogConfig: Setting CVar [[r.DOF.Kernel.MaxForegroundRadius:0.025]]
[2022.03.22-18.58.05:756][  0]LogConfig: Setting CVar [[r.DOF.Kernel.MaxBackgroundRadius:0.025]]
[2022.03.22-18.58.05:756][  0]LogConfig: Applying CVar settings from Section [TextureQuality@3] File [X:/Repo/UnrealFPS/UnrealFPSExperiment/FPSExperiment/Saved/Config/Windows/Scalability.ini]
[2022.03.22-18.58.05:756][  0]LogConfig: Setting CVar [[r.Streaming.MipBias:0]]
[2022.03.22-18.58.05:756][  0]LogConfig: Setting CVar [[r.Streaming.AmortizeCPUToGPUCopy:0]]
[2022.03.22-18.58.05:756][  0]LogConfig: Setting CVar [[r.Streaming.MaxNumTexturesToStreamPerFrame:0]]
[2022.03.22-18.58.05:756][  0]LogConfig: Setting CVar [[r.Streaming.Boost:1]]
[2022.03.22-18.58.05:756][  0]LogConfig: Setting CVar [[r.MaxAnisotropy:8]]
[2022.03.22-18.58.05:756][  0]LogConfig: Setting CVar [[r.VT.MaxAnisotropy:8]]
[2022.03.22-18.58.05:756][  0]LogConfig: Setting CVar [[r.Streaming.LimitPoolSizeToVRAM:0]]
[2022.03.22-18.58.05:756][  0]LogConfig: Setting CVar [[r.Streaming.PoolSize:1000]]
[2022.03.22-18.58.05:756][  0]LogConfig: Setting CVar [[r.Streaming.MaxEffectiveScreenSize:0]]
[2022.03.22-18.58.05:757][  0]LogConfig: Applying CVar settings from Section [EffectsQuality@3] File [X:/Repo/UnrealFPS/UnrealFPSExperiment/FPSExperiment/Saved/Config/Windows/Scalability.ini]
[2022.03.22-18.58.05:757][  0]LogConfig: Setting CVar [[r.TranslucencyLightingVolumeDim:64]]
[2022.03.22-18.58.05:757][  0]LogConfig: Setting CVar [[r.RefractionQuality:2]]
[2022.03.22-18.58.05:757][  0]LogConfig: Setting CVar [[r.SSR.Quality:3]]
[2022.03.22-18.58.05:757][  0]LogConfig: Setting CVar [[r.SSR.HalfResSceneColor:0]]
[2022.03.22-18.58.05:757][  0]LogConfig: Setting CVar [[r.SceneColorFormat:4]]
[2022.03.22-18.58.05:757][  0]LogConfig: Setting CVar [[r.DetailMode:2]]
[2022.03.22-18.58.05:757][  0]LogConfig: Setting CVar [[r.TranslucencyVolumeBlur:1]]
[2022.03.22-18.58.05:757][  0]LogConfig: Setting CVar [[r.MaterialQualityLevel:1 ; High quality]]
[2022.03.22-18.58.05:757][  0]LogConfig: Setting CVar [[r.AnisotropicMaterials:1]]
[2022.03.22-18.58.05:757][  0]LogConfig: Setting CVar [[r.SSS.Scale:1]]
[2022.03.22-18.58.05:757][  0]LogConfig: Setting CVar [[r.SSS.SampleSet:2]]
[2022.03.22-18.58.05:757][  0]LogConfig: Setting CVar [[r.SSS.Quality:1]]
[2022.03.22-18.58.05:757][  0]LogConfig: Setting CVar [[r.SSS.HalfRes:0]]
[2022.03.22-18.58.05:757][  0]LogConfig: Setting CVar [[r.SSGI.Quality:3]]
[2022.03.22-18.58.05:757][  0]LogConfig: Setting CVar [[r.EmitterSpawnRateScale:1.0]]
[2022.03.22-18.58.05:757][  0]LogConfig: Setting CVar [[r.ParticleLightQuality:2]]
[2022.03.22-18.58.05:757][  0]LogConfig: Setting CVar [[r.SkyAtmosphere.AerialPerspectiveLUT.FastApplyOnOpaque:1 ; Always have FastSkyLUT 1 in this case to avoid wrong sky]]
[2022.03.22-18.58.05:758][  0]LogConfig: Setting CVar [[r.SkyAtmosphere.AerialPerspectiveLUT.SampleCountMaxPerSlice:4]]
[2022.03.22-18.58.05:758][  0]LogConfig: Setting CVar [[r.SkyAtmosphere.AerialPerspectiveLUT.DepthResolution:16.0]]
[2022.03.22-18.58.05:758][  0]LogConfig: Setting CVar [[r.SkyAtmosphere.FastSkyLUT:1]]
[2022.03.22-18.58.05:758][  0]LogConfig: Setting CVar [[r.SkyAtmosphere.FastSkyLUT.SampleCountMin:4.0]]
[2022.03.22-18.58.05:758][  0]LogConfig: Setting CVar [[r.SkyAtmosphere.FastSkyLUT.SampleCountMax:128.0]]
[2022.03.22-18.58.05:758][  0]LogConfig: Setting CVar [[r.SkyAtmosphere.SampleCountMin:4.0]]
[2022.03.22-18.58.05:758][  0]LogConfig: Setting CVar [[r.SkyAtmosphere.SampleCountMax:128.0]]
[2022.03.22-18.58.05:758][  0]LogConfig: Setting CVar [[r.SkyAtmosphere.TransmittanceLUT.UseSmallFormat:0]]
[2022.03.22-18.58.05:758][  0]LogConfig: Setting CVar [[r.SkyAtmosphere.TransmittanceLUT.SampleCount:10.0]]
[2022.03.22-18.58.05:758][  0]LogConfig: Setting CVar [[r.SkyAtmosphere.MultiScatteringLUT.SampleCount:15.0]]
[2022.03.22-18.58.05:758][  0]LogConfig: Setting CVar [[r.SkyLight.RealTimeReflectionCapture:1]]
[2022.03.22-18.58.05:758][  0]LogConfig: Applying CVar settings from Section [FoliageQuality@3] File [X:/Repo/UnrealFPS/UnrealFPSExperiment/FPSExperiment/Saved/Config/Windows/Scalability.ini]
[2022.03.22-18.58.05:758][  0]LogConfig: Setting CVar [[foliage.DensityScale:1.0]]
[2022.03.22-18.58.05:758][  0]LogConfig: Setting CVar [[grass.DensityScale:1.0]]
[2022.03.22-18.58.05:758][  0]LogConfig: Applying CVar settings from Section [ShadingQuality@3] File [X:/Repo/UnrealFPS/UnrealFPSExperiment/FPSExperiment/Saved/Config/Windows/Scalability.ini]
[2022.03.22-18.58.05:758][  0]LogConfig: Setting CVar [[r.HairStrands.SkyLighting.IntegrationType:2]]
[2022.03.22-18.58.05:759][  0]LogConfig: Setting CVar [[r.HairStrands.SkyAO.SampleCount:4]]
[2022.03.22-18.58.05:759][  0]LogConfig: Setting CVar [[r.HairStrands.Visibility.MSAA.SamplePerPixel:4]]
[2022.03.22-18.58.05:759][  0]LogConfig: Applying CVar settings from Section [Startup] File [../../../Engine/Config/ConsoleVariables.ini]
[2022.03.22-18.58.05:759][  0]LogConfig: Setting CVar [[net.UseAdaptiveNetUpdateFrequency:0]]
[2022.03.22-18.58.05:759][  0]LogConfig: Setting CVar [[p.chaos.AllowCreatePhysxBodies:1]]
[2022.03.22-18.58.05:759][  0]LogConfig: Setting CVar [[fx.SkipVectorVMBackendOptimizations:1]]
[2022.03.22-18.58.05:759][  0]LogConfig: Applying CVar settings from Section [ConsoleVariables] File [X:/Repo/UnrealFPS/UnrealFPSExperiment/FPSExperiment/Saved/Config/Windows/Engine.ini]
[2022.03.22-18.58.05:759][  0]LogConfig: Applying CVar settings from Section [ConsoleVariables] File [X:/Repo/UnrealFPS/UnrealFPSExperiment/FPSExperiment/Saved/Config/Windows/Editor.ini]
[2022.03.22-18.58.05:759][  0]LogInit: Computer: STYXBOX-2
[2022.03.22-18.58.05:759][  0]LogInit: User: Stickman
[2022.03.22-18.58.05:759][  0]LogInit: CPU Page size=4096, Cores=6
[2022.03.22-18.58.05:759][  0]LogInit: High frequency timer resolution =10.000000 MHz
[2022.03.22-18.58.05:760][  0]LogMemory: Memory total: Physical=32.0GB (32GB approx)
[2022.03.22-18.58.05:760][  0]LogMemory: Platform Memory Stats for Windows
[2022.03.22-18.58.05:760][  0]LogMemory: Process Physical Memory: 149.55 MB used, 149.55 MB peak
[2022.03.22-18.58.05:760][  0]LogMemory: Process Virtual Memory: 127.98 MB used, 127.98 MB peak
[2022.03.22-18.58.05:760][  0]LogMemory: Physical Memory: 15829.31 MB used,  16888.48 MB free, 32717.79 MB total
[2022.03.22-18.58.05:760][  0]LogMemory: Virtual Memory: 134205856.00 MB used,  11873.70 MB free, 134217728.00 MB total
[2022.03.22-18.58.05:772][  0]LogWindows: WindowsPlatformFeatures enabled
[2022.03.22-18.58.05:960][  0]LogInit: Physics initialised using underlying interface: PhysX
[2022.03.22-18.58.05:961][  0]LogInit: Using OS detected language (en-US).
[2022.03.22-18.58.05:961][  0]LogInit: Using OS detected locale (en-US).
[2022.03.22-18.58.05:965][  0]LogTextLocalizationManager: No specific localization for 'en-US' exists, so the 'en' localization will be used.
[2022.03.22-18.58.06:205][  0]LogInit: Setting process to per monitor DPI aware
[2022.03.22-18.58.06:244][  0]LogWindowsTextInputMethodSystem: Display: IME system deactivated.
[2022.03.22-18.58.06:267][  0]LogSlate: New Slate User Created.  User Index 0, Is Virtual User: 0
[2022.03.22-18.58.06:267][  0]LogSlate: Slate User Registered.  User Index 0, Is Virtual User: 0
[2022.03.22-18.58.06:445][  0]LogD3D11RHI: Loaded GFSDK_Aftermath_Lib.x64.dll
[2022.03.22-18.58.06:531][  0]LogHMD: Failed to initialize OpenVR with code 108
[2022.03.22-18.58.06:531][  0]LogD3D11RHI: D3D11 min allowed feature level: 11_0
[2022.03.22-18.58.06:531][  0]LogD3D11RHI: D3D11 max allowed feature level: 11_0
[2022.03.22-18.58.06:531][  0]LogD3D11RHI: D3D11 adapters:
[2022.03.22-18.58.06:675][  0]LogD3D11RHI:    0. 'NVIDIA GeForce RTX 3070' (Feature Level 11_0)
[2022.03.22-18.58.06:675][  0]LogD3D11RHI:       8043/0/16358 MB DedicatedVideo/DedicatedSystem/SharedSystem, Outputs:2, VendorId:0x10de
[2022.03.22-18.58.06:682][  0]LogD3D11RHI:    1. 'Microsoft Basic Render Driver' (Feature Level 11_0)
[2022.03.22-18.58.06:682][  0]LogD3D11RHI:       0/0/16358 MB DedicatedVideo/DedicatedSystem/SharedSystem, Outputs:0, VendorId:0x1414
[2022.03.22-18.58.06:682][  0]LogD3D11RHI: Chosen D3D11 Adapter:
[2022.03.22-18.58.06:682][  0]LogD3D11RHI:     Description : NVIDIA GeForce RTX 3070
[2022.03.22-18.58.06:682][  0]LogD3D11RHI:     VendorId    : 10de
[2022.03.22-18.58.06:682][  0]LogD3D11RHI:     DeviceId    : 2488
[2022.03.22-18.58.06:683][  0]LogD3D11RHI:     SubSysId    : 47553842
[2022.03.22-18.58.06:683][  0]LogD3D11RHI:     Revision    : 00a1
[2022.03.22-18.58.06:683][  0]LogD3D11RHI:     DedicatedVideoMemory : 8433696768 bytes
[2022.03.22-18.58.06:683][  0]LogD3D11RHI:     DedicatedSystemMemory : 0 bytes
[2022.03.22-18.58.06:683][  0]LogD3D11RHI:     SharedSystemMemory : 17153544192 bytes
[2022.03.22-18.58.06:683][  0]LogD3D11RHI:     AdapterLuid : 0 56512
[2022.03.22-18.58.06:693][  0]LogD3D11RHI: Creating new Direct3DDevice
[2022.03.22-18.58.06:693][  0]LogD3D11RHI:     GPU DeviceId: 0x2488 (for the marketing name, search the web for "GPU Device Id")
[2022.03.22-18.58.06:693][  0]LogWindows: EnumDisplayDevices:
[2022.03.22-18.58.06:694][  0]LogWindows:    0. 'NVIDIA GeForce RTX 3070' (P:0 D:1)
[2022.03.22-18.58.06:694][  0]LogWindows:    1. 'NVIDIA GeForce RTX 3070' (P:1 D:1)
[2022.03.22-18.58.06:694][  0]LogWindows:    2. 'NVIDIA GeForce RTX 3070' (P:0 D:0)
[2022.03.22-18.58.06:695][  0]LogWindows:    3. 'NVIDIA GeForce RTX 3070' (P:0 D:0)
[2022.03.22-18.58.06:695][  0]LogWindows: DebugString: FoundDriverCount:4 
[2022.03.22-18.58.06:695][  0]LogD3D11RHI:     Adapter Name: NVIDIA GeForce RTX 3070
[2022.03.22-18.58.06:695][  0]LogD3D11RHI:   Driver Version: 496.49 (internal:30.0.14.9649, unified:496.49)
[2022.03.22-18.58.06:695][  0]LogD3D11RHI:      Driver Date: 10-20-2021
[2022.03.22-18.58.06:695][  0]LogRHI: Texture pool is 5630 MB (70% of 8043 MB)
[2022.03.22-18.58.06:695][  0]LogD3D11RHI: Creating D3DDevice using adapter:
[2022.03.22-18.58.06:695][  0]LogD3D11RHI:     Description : NVIDIA GeForce RTX 3070
[2022.03.22-18.58.06:695][  0]LogD3D11RHI:     VendorId    : 10de
[2022.03.22-18.58.06:695][  0]LogD3D11RHI:     DeviceId    : 2488
[2022.03.22-18.58.06:695][  0]LogD3D11RHI:     SubSysId    : 47553842
[2022.03.22-18.58.06:695][  0]LogD3D11RHI:     Revision    : 00a1
[2022.03.22-18.58.06:696][  0]LogD3D11RHI:     DedicatedVideoMemory : 8433696768 bytes
[2022.03.22-18.58.06:696][  0]LogD3D11RHI:     DedicatedSystemMemory : 0 bytes
[2022.03.22-18.58.06:696][  0]LogD3D11RHI:     SharedSystemMemory : 17153544192 bytes
[2022.03.22-18.58.06:696][  0]LogD3D11RHI:     AdapterLuid : 0 56512
[2022.03.22-18.58.06:777][  0]LogD3D11RHI: RHI has support for 64 bit atomics
[2022.03.22-18.58.06:777][  0]LogD3D11RHI: Async texture creation enabled
[2022.03.22-18.58.06:777][  0]LogD3D11RHI: Array index from any shader is supported
[2022.03.22-18.58.06:796][  0]LogD3D11RHI: GPU Timing Frequency: 1000.000000 (Debug: 2 1)
[2022.03.22-18.58.06:840][  0]LogRHI: GeForceNow SDK initialized: 1
[2022.03.22-18.58.07:189][  0]LogTargetPlatformManager: Display: Loaded TargetPlatform 'AllDesktop'
[2022.03.22-18.58.07:217][  0]LogTargetPlatformManager: Display: Loaded TargetPlatform 'Android'
[2022.03.22-18.58.07:218][  0]LogTargetPlatformManager: Display: Loaded TargetPlatform 'Android_ASTC'
[2022.03.22-18.58.07:218][  0]LogTargetPlatformManager: Display: Loaded TargetPlatform 'Android_DXT'
[2022.03.22-18.58.07:218][  0]LogTargetPlatformManager: Display: Loaded TargetPlatform 'Android_ETC2'
[2022.03.22-18.58.07:218][  0]LogTargetPlatformManager: Display: Loaded TargetPlatform 'AndroidClient'
[2022.03.22-18.58.07:218][  0]LogTargetPlatformManager: Display: Loaded TargetPlatform 'Android_ASTCClient'
[2022.03.22-18.58.07:218][  0]LogTargetPlatformManager: Display: Loaded TargetPlatform 'Android_DXTClient'
[2022.03.22-18.58.07:218][  0]LogTargetPlatformManager: Display: Loaded TargetPlatform 'Android_ETC2Client'
[2022.03.22-18.58.07:218][  0]LogTargetPlatformManager: Display: Loaded TargetPlatform 'Android_Multi'
[2022.03.22-18.58.07:218][  0]LogTargetPlatformManager: Display: Loaded TargetPlatform 'Android_MultiClient'
[2022.03.22-18.58.07:247][  0]LogTargetPlatformManager: Display: Loaded TargetPlatform 'IOSClient'
[2022.03.22-18.58.07:247][  0]LogTargetPlatformManager: Display: Loaded TargetPlatform 'IOS'
[2022.03.22-18.58.07:259][  0]LogTargetPlatformManager: Display: Loaded TargetPlatform 'Linux'
[2022.03.22-18.58.07:268][  0]LogTargetPlatformManager: Display: Loaded TargetPlatform 'LinuxNoEditor'
[2022.03.22-18.58.07:275][  0]LogTargetPlatformManager: Display: Loaded TargetPlatform 'LinuxClient'
[2022.03.22-18.58.07:282][  0]LogTargetPlatformManager: Display: Loaded TargetPlatform 'LinuxServer'
[2022.03.22-18.58.07:295][  0]LogTargetPlatformManager: Display: Loaded TargetPlatform 'LinuxAArch64NoEditor'
[2022.03.22-18.58.07:305][  0]LogTargetPlatformManager: Display: Loaded TargetPlatform 'LinuxAArch64Client'
[2022.03.22-18.58.07:312][  0]LogTargetPlatformManager: Display: Loaded TargetPlatform 'LinuxAArch64Server'
[2022.03.22-18.58.07:346][  0]LogTargetPlatformManager: Display: Loaded TargetPlatform 'Lumin'
[2022.03.22-18.58.07:346][  0]LogTargetPlatformManager: Display: Loaded TargetPlatform 'LuminClient'
[2022.03.22-18.58.07:357][  0]LogTargetPlatformManager: Display: Loaded TargetPlatform 'MacNoEditor'
[2022.03.22-18.58.07:363][  0]LogTargetPlatformManager: Display: Loaded TargetPlatform 'Mac'
[2022.03.22-18.58.07:370][  0]LogTargetPlatformManager: Display: Loaded TargetPlatform 'MacClient'
[2022.03.22-18.58.07:379][  0]LogTargetPlatformManager: Display: Loaded TargetPlatform 'MacServer'
[2022.03.22-18.58.07:394][  0]LogTargetPlatformManager: Display: Loaded TargetPlatform 'TVOSClient'
[2022.03.22-18.58.07:395][  0]LogTargetPlatformManager: Display: Loaded TargetPlatform 'TVOS'
[2022.03.22-18.58.07:407][  0]LogTargetPlatformManager: Display: Loaded TargetPlatform 'WindowsNoEditor'
[2022.03.22-18.58.07:415][  0]LogTargetPlatformManager: Display: Loaded TargetPlatform 'Windows'
[2022.03.22-18.58.07:425][  0]LogTargetPlatformManager: Display: Loaded TargetPlatform 'WindowsClient'
[2022.03.22-18.58.07:433][  0]LogTargetPlatformManager: Display: Loaded TargetPlatform 'WindowsServer'
[2022.03.22-18.58.07:433][  0]LogTargetPlatformManager: Display: Building Assets For Windows
[2022.03.22-18.58.07:451][  0]LogAudioDebug: Display: Lib vorbis DLL was dynamically loaded.
[2022.03.22-18.58.07:516][  0]LogTextureFormatOodle: Display: Oodle Texture 2.9.0 init RDO Off
[2022.03.22-18.58.07:594][  0]LogRendererCore: Ray tracing is disabled. Reason: r.RayTracing=0.
[2022.03.22-18.58.07:594][  0]LogShaderCompilers: Guid format shader working directory is -17 characters bigger than the processId version (../../../../../../Repo/UnrealFPS/UnrealFPSExperiment/FPSExperiment/Intermediate/Shaders/WorkingDirectory/5648/).
[2022.03.22-18.58.07:595][  0]LogShaderCompilers: Cleaned the shader compiler working directory 'C:/Users/Stickman/AppData/Local/Temp/UnrealShaderWorkingDir/63604D3B4A06F943D6DF1DA0988C457E/'.
[2022.03.22-18.58.07:595][  0]LogXGEController: Cannot use XGE Controller as Incredibuild is not installed on this machine.
[2022.03.22-18.58.07:595][  0]LogShaderCompilers: Cannot use XGE Shader Compiler as Incredibuild is not installed on this machine.
[2022.03.22-18.58.07:595][  0]LogShaderCompilers: Display: Using Local Shader Compiler.
[2022.03.22-18.58.08:436][  0]LogDerivedDataCache: Display: Max Cache Size: 512 MB
[2022.03.22-18.58.08:503][  0]LogDerivedDataCache: Loaded boot cache 0.07s 99MB C:/Users/Stickman/AppData/Local/UnrealEngine/4.27/DerivedDataCache/Boot.ddc.
[2022.03.22-18.58.08:503][  0]LogDerivedDataCache: Display: Loaded Boot cache: C:/Users/Stickman/AppData/Local/UnrealEngine/4.27/DerivedDataCache/Boot.ddc
[2022.03.22-18.58.08:503][  0]LogDerivedDataCache: FDerivedDataBackendGraph:  Pak pak cache file ../../../../../../Repo/UnrealFPS/UnrealFPSExperiment/FPSExperiment/DerivedDataCache/DDC.ddp not found, will not use a pak cache.
[2022.03.22-18.58.08:503][  0]LogDerivedDataCache: Unable to find inner node Pak for hierarchical cache Hierarchy.
[2022.03.22-18.58.08:504][  0]LogDerivedDataCache: FDerivedDataBackendGraph:  CompressedPak pak cache file ../../../../../../Repo/UnrealFPS/UnrealFPSExperiment/FPSExperiment/DerivedDataCache/Compressed.ddp not found, will not use a pak cache.
[2022.03.22-18.58.08:504][  0]LogDerivedDataCache: Unable to find inner node CompressedPak for hierarchical cache Hierarchy.
[2022.03.22-18.58.08:523][  0]LogDerivedDataCache: Display: Pak cache opened for reading ../../../Engine/DerivedDataCache/Compressed.ddp.
[2022.03.22-18.58.08:523][  0]LogDerivedDataCache: FDerivedDataBackendGraph:  EnterprisePak pak cache file ../../../Enterprise/DerivedDataCache/Compressed.ddp not found, will not use a pak cache.
[2022.03.22-18.58.08:523][  0]LogDerivedDataCache: Unable to find inner node EnterprisePak for hierarchical cache Hierarchy.
[2022.03.22-18.58.08:535][  0]LogDerivedDataCache: Speed tests for C:/Users/Stickman/AppData/Local/UnrealEngine/Common/DerivedDataCache took 0.01 seconds
[2022.03.22-18.58.08:535][  0]LogDerivedDataCache: Display: Performance to C:/Users/Stickman/AppData/Local/UnrealEngine/Common/DerivedDataCache: Latency=0.05ms. RandomReadSpeed=740.73MBs, RandomWriteSpeed=94.71MBs. Assigned SpeedClass 'Local'
[2022.03.22-18.58.08:538][  0]LogDerivedDataCache: Using Local data cache path C:/Users/Stickman/AppData/Local/UnrealEngine/Common/DerivedDataCache: Writable
[2022.03.22-18.58.08:538][  0]LogDerivedDataCache: Shared data cache path not found in *engine.ini, will not use an Shared cache.
[2022.03.22-18.58.08:538][  0]LogDerivedDataCache: Unable to find inner node Shared for hierarchical cache Hierarchy.
[2022.03.22-18.58.08:589][  0]LogSlate: Using FreeType 2.10.0
[2022.03.22-18.58.08:590][  0]LogSlate: SlateFontServices - WITH_FREETYPE: 1, WITH_HARFBUZZ: 1
[2022.03.22-18.58.08:618][  0]LogAssetRegistry: FAssetRegistry took 0.0053 seconds to start up
[2022.03.22-18.58.08:896][  0]LogInit: Selected Device Profile: [Windows]
[2022.03.22-18.58.08:896][  0]LogInit: Active device profile: [000001B208BE4900][000001B27C92A0C0 49] Windows
[2022.03.22-18.58.08:897][  0]LogInit: Profiles: [000001B208BE4900][000001B27C92A0C0 49] Windows, [000001B208BD7300][000001B27C932240 49] WindowsNoEditor, [000001B208BE7500][000001B2071203C0 49] WindowsServer, [000001B208BD7D00][000001B207124540 49] WindowsClient, [000001B208BE7800][000001B2071286C0 49] IOS, [000001B208BD6300][000001B27C92E800 49] iPadAir, [000001B208BE6000][000001B20712C940 49] iPadAir2, [000001B208B78A00][000001B208708B80 49] IPadPro, [000001B208B78B00][000001B208704BC0 49] iPadAir3, [000001B208BD5400][000001B208710D40 49] iPadAir4, [000001B208B7B400][000001B208714EC0 49] iPadMini2, [000001B208BD6500][000001B208719040 49] iPadMini3, [000001B208B79700][000001B20871D1C0 49] iPadMini4, [000001B208BE5100][000001B208721340 49] iPadMini5, [000001B208B9C300][000001B208729600 49] iPhone6, [000001B208B9C400][000001B208725640 49] iPodTouch6, [000001B208B7B600][000001B27F7F1900 49] iPhone7, [000001B208B79800][000001B20872D940 49] iPodTouch7, [000001B208B9FF00][000001B27F7F5AC0 49] iPhone5S, [000001B208BD5D00][000001B27F7F80C0 49] iPhone6Plus, [000001B208B78200][000001B27F7FC240 49] iPhone6S, [000001B208BD5F00][000001B27F8003C0 49] iPhone6SPlus, [000001B208B7BC00][000001B27F804540 49] iPhone7Plus, [000001B208BD4300][000001B27F8086C0 49] iPhoneSE, [000001B208B7B500][000001B27F80C840 49] iPhone8, [000001B208BD5900][000001B20870C980 49] iPhone8Plus, [000001B208B79100][000001B27F810AC0 49] iPhoneX, [000001B208BD4400][000001B27F814C00 49] iPhoneXS, [000001B208B79300][000001B27F818D40 49] iPhoneXSMax, [000001B208BD4F00][000001B27F820EC0 49] iPhoneXR, [000001B208B7B800][000001B27F825040 49] iPhone11, [000001B208BD6900][000001B27F8291C0 49] iPhone11Pro, [000001B208B7B700][000001B27F82D340 49] iPhone11ProMax, [000001B208BD7C00][000001B27F8314C0 49] iPhoneSE2, [000001B208B7AE00][000001B27F835640 49] iPhone12Mini, [000001B208BD7700][000001B27F8397C0 49] iPhone12, [000001B208B7A400][000001B27F83D940 49] iPhone12Pro, [000001B208BD4700][000001B27F841AC0 49] iPhone12ProMax, [000001B208B7A300][000001B27F8440C0 49] iPadPro105, [000001B208BD6C00][000001B27F848240 49] iPadPro129, [000001B208B7A200][000001B27F84C3C0 49] iPadPro97, [000001B208BD4B00][000001B27F850540 49] iPadPro2_129, [000001B208B7B200][000001B27F8546C0 49] iPad5, [000001B208BD6F00][000001B27F858840 49] iPad6, [000001B208B7B300][000001B27F85C9C0 49] iPad7, [000001B208BD4200][000001B27F860B40 49] iPad8, [000001B208B79A00][000001B27F81CC80 49] iPadPro11, [000001B208BD5100][000001B27F864DC0 49] iPadPro2_11, [000001B208B79D00][000001B27F868F00 49] iPadPro3_129, [000001B208BD7400][000001B27F871080 49] iPadPro4_129, [000001B208B7B000][000001B27F875200 49] AppleTV, [000001B208BD7A00][000001B27F879380 49] AppleTV4K, [000001B208B78100][000001B2098FF500 49] TVOS, [000001B208BD6000][000001B209903680 49] Mac, [000001B208B7BB00][000001B209947800 49] MacClient, [000001B208BD5600][000001B2099EB980 49] MacNoEditor, [000001B208B7AC00][000001B209AA3B00 49] MacServer, [000001B208BD4A00][000001B209AA6100 49] Linux, [000001B208B7A000][000001B2070BC280 49] LinuxAArch64, [000001B208BD6200][000001B2070C4400 49] LinuxNoEditor, [000001B208B7A500][000001B2070CC580 49] LinuxAArch64NoEditor, [000001B208BD5000][000001B2070D0700 49] LinuxClient, [000001B208B7B900][000001B20AF2C880 49] LinuxAArch64Client, [000001B208BD5200][000001B20AF34A00 49] LinuxServer, [000001B208B79900][000001B2070ECB80 49] LinuxAArch64Server, [000001B208BD7200][000001B20AF4CD00 49] Android, [000001B208B78600][000001B27F86CE40 49] Android_Low, [000001B208BD6800][000001B20709AF80 49] Android_Mid, [000001B208BE7A00][000001B20709F0C0 49] Android_High, [000001B208B9DC00][000001B209B39240 49] Android_Default, [000001B208BE6100][000001B209B3D3C0 49] Android_Adreno4xx, [000001B208B9E700][000001B2070A3540 49] Android_Adreno5xx_Low, [000001B208BE4A00][000001B2070A76C0 49] Android_Adreno5xx, [000001B208B9ED00][000001B2070AB840 49] Android_Adreno6xx, [000001B208BE5200][000001B2070AF9C0 49] Android_Adreno6xx_Vulkan, [000001B208B9E800][000001B2070B3B40 49] Android_Mali_T6xx, [000001B208BE6600][000001B2070B6140 49] Android_Mali_T7xx, [000001B208B9EE00][000001B27F5A02C0 49] Android_Mali_T8xx, [000001B208BE7200][000001B27F5A4440 49] Android_Mali_G71, [000001B208B9FC00][000001B27F5A85C0 49] Android_Mali_G72, [000001B208BE6A00][000001B27F5C8740 49] Android_Mali_G72_Vulkan, [000001B208B9DB00][000001B209A988C0 49] Android_Mali_G76, [000001B208BE5A00][000001B209A9CA40 49] Android_Mali_G76_Vulkan, [000001B208B9E000][000001B208592BC0 49] Android_Mali_G77, [000001B208BE6D00][000001B208596D40 49] Android_Mali_G77_Vulkan, [000001B208B9F800][000001B20859EEC0 49] Android_Mali_G78, [000001B208BE6800][000001B209B35000 49] Android_Mali_G78_Vulkan, [000001B208B9D200][000001B2085AD140 49] Android_Mali_G710, [000001B208BE4E00][000001B2085B1280 49] Android_Mali_G710_Vulkan, [000001B208B9F500][000001B2085B53C0 49] Android_Vulkan_SM5, [000001B208BE7400][000001B2085BD540 49] Android_PowerVR_G6xxx, [000001B208B9EC00][000001B2085C16C0 49] Android_PowerVR_GT7xxx, [000001B208BE7C00][000001B2085C5840 49] Android_PowerVR_GE8xxx, [000001B208B9CE00][000001B2085DD9C0 49] Android_PowerVR_GM9xxx, [000001B208BE5800][000001B2085E9B40 49] Android_PowerVR_GM9xxx_Vulkan, [000001B208B9E400][000001B2085F0140 49] Android_TegraK1, [000001B208BE5000][000001B209B182C0 49] Android_Unknown_Vulkan, [000001B208BD7500][000001B209B1C440 49] Lumin, [000001B208BE5E00][000001B20B3585C0 49] Lumin_Desktop, [000001B208BD5700][000001B20B35C740 49] HoloLens, 
[2022.03.22-18.58.09:070][  0]LogMeshReduction: Using QuadricMeshReduction for automatic static mesh reduction
[2022.03.22-18.58.09:071][  0]LogMeshReduction: Using SimplygonMeshReduction for automatic skeletal mesh reduction
[2022.03.22-18.58.09:071][  0]LogMeshReduction: Using ProxyLODMeshReduction for automatic mesh merging
[2022.03.22-18.58.09:071][  0]LogMeshReduction: No distributed automatic mesh merging module available
[2022.03.22-18.58.09:071][  0]LogMeshMerging: No distributed automatic mesh merging module available
[2022.03.22-18.58.09:093][  0]LogNetVersion: FPSExperiment 1.0.0, NetCL: 17155196, EngineNetVer: 17, GameNetVer: 0 (Checksum: 290680636)
[2022.03.22-18.58.09:530][  0]LogTexture: Default maximum texture size for cubemaps generated from long-lat sources has been changed from 512 to unlimited. In order to preserve old behaiour for '/Engine/MapTemplates/Sky/DaylightAmbientCubemap.DaylightAmbientCubemap', its maximum texture size has been explicitly set to 512.
[2022.03.22-18.58.09:595][  0]LogHMD: PokeAHoleMaterial loaded successfully
[2022.03.22-18.58.09:602][  0]LogUObjectArray: 17178 objects as part of root set at end of initial load.
[2022.03.22-18.58.09:602][  0]LogUObjectAllocator: 4301856 out of 0 bytes used by permanent object pool.
[2022.03.22-18.58.09:602][  0]LogUObjectArray: CloseDisregardForGC: 0/0 objects in disregard for GC pool
[2022.03.22-18.58.10:028][  0]LogNiagaraDebuggerClient: Niagara Debugger Client Initialized | Session: E0DB1C364DEB0B947BCB95A7F3D703A2 | Instance: 8BC7E685463A8CFC9444AD9E2C134E5F (STYXBOX-2-5648).
[2022.03.22-18.58.10:075][  0]LogImageWrapper: Warning: PNG Warning: Duplicate iCCP chunk
[2022.03.22-18.58.10:075][  0]LogImageWrapper: Warning: PNG Warning: Duplicate iCCP chunk
[2022.03.22-18.58.10:075][  0]LogPython: Using Python 3.7.7
[2022.03.22-18.58.10:823][  0]LogTcpMessaging: Initializing TcpMessaging bridge
[2022.03.22-18.58.10:831][  0]LogUdpMessaging: Initializing bridge on interface 0.0.0.0:0 to multicast group 230.0.0.1:6666.
[2022.03.22-18.58.17:893][  0]LogOpenImageDenoise: OIDN starting up
[2022.03.22-18.58.17:969][  0]LogAndroidPermission: UAndroidPermissionCallbackProxy::GetInstance
[2022.03.22-18.58.18:004][  0]LogAudioCaptureCore: Display: No Audio Capture implementations found. Audio input will be silent.
[2022.03.22-18.58.18:004][  0]LogAudioCaptureCore: Display: No Audio Capture implementations found. Audio input will be silent.
[2022.03.22-18.58.18:172][  0]SourceControl: Source control is disabled
[2022.03.22-18.58.18:173][  0]SourceControl: Source control is disabled
[2022.03.22-18.58.18:179][  0]SourceControl: Source control is disabled
[2022.03.22-18.58.18:184][  0]SourceControl: Source control is disabled
[2022.03.22-18.58.18:190][  0]SourceControl: Source control is disabled
[2022.03.22-18.58.18:195][  0]LogUProjectInfo: Found projects:
[2022.03.22-18.58.18:236][  0]LogCollectionManager: Loaded 0 collections in 0.000809 seconds
[2022.03.22-18.58.18:276][  0]LogFileCache: Scanning file cache for directory 'X:/Repo/UnrealFPS/UnrealFPSExperiment/FPSExperiment/Saved/Collections/' took 0.00s
[2022.03.22-18.58.18:276][  0]LogFileCache: Scanning file cache for directory 'X:/Repo/UnrealFPS/UnrealFPSExperiment/FPSExperiment/Content/Developers/Stickman/Collections/' took 0.00s
[2022.03.22-18.58.18:276][  0]LogFileCache: Scanning file cache for directory 'X:/Repo/UnrealFPS/UnrealFPSExperiment/FPSExperiment/Content/Collections/' took 0.00s
[2022.03.22-18.58.18:276][  0]LogOcInput: OculusInput pre-init called
[2022.03.22-18.58.18:537][  0]LogImageWrapper: Warning: PNG Warning: Duplicate iCCP chunk
[2022.03.22-18.58.18:537][  0]LogImageWrapper: Warning: PNG Warning: Duplicate iCCP chunk
[2022.03.22-18.58.18:537][  0]LogEngine: Initializing Engine...
[2022.03.22-18.58.18:637][  0]LogHMD: Failed to initialize OpenVR with code 108
[2022.03.22-18.58.18:659][  0]LogHMD: Optional extension XR_VARJO_quad_views is not available
[2022.03.22-18.58.18:659][  0]LogHMD: Warning: Required extension XR_EXT_eye_gaze_interaction is not available
[2022.03.22-18.58.18:660][  0]LogHMD: Could not enable all required OpenXR extensions for OpenXREyeTracker on current system. This plugin will be loaded but ignored, but will be enabled on a target platform that supports the required extension.
[2022.03.22-18.58.18:723][  0]LogHMD: Failed to create an OpenXR instance, result is XR_ERROR_RUNTIME_FAILURE. Please check if you have an OpenXR runtime installed. The following extensions were enabled:
[2022.03.22-18.58.18:723][  0]LogHMD: - XR_KHR_D3D11_enable
[2022.03.22-18.58.18:723][  0]LogHMD: - XR_KHR_D3D12_enable
[2022.03.22-18.58.18:723][  0]LogHMD: - XR_KHR_opengl_enable
[2022.03.22-18.58.18:723][  0]LogHMD: - XR_KHR_vulkan_enable
[2022.03.22-18.58.18:723][  0]LogHMD: - XR_KHR_composition_layer_depth
[2022.03.22-18.58.18:723][  0]LogHMD: - XR_KHR_visibility_mask
[2022.03.22-18.58.18:723][  0]LogHMD: - XR_EXT_hand_tracking
[2022.03.22-18.58.18:723][  0]LogMagicLeap: Warning: VR disabled because ZI is not enabled.  To enable, in the editor, Edit -> Project Settings -> Plugins -> Magic Leap Plugin -> Enable Zero Iteration
[2022.03.22-18.58.18:724][  0]LogStats: UGameplayTagsManager::InitializeManager -  0.000 s
[2022.03.22-18.58.18:852][  0]LogInit: Initializing FReadOnlyCVARCache
[2022.03.22-18.58.18:864][  0]LogAIModule: Creating AISystem for world Untitled
[2022.03.22-18.58.18:880][  0]LogAudio: Display: Initializing Audio Device Manager...
[2022.03.22-18.58.18:886][  0]LogAudio: Display: Loading Default Audio Settings Objects...
[2022.03.22-18.58.18:887][  0]LogAudio: Display: No default SoundConcurrencyObject specified (or failed to load).
[2022.03.22-18.58.18:888][  0]LogAudio: Display: Audio Device Manager Initialized
[2022.03.22-18.58.18:888][  0]LogAudio: Display: Creating Audio Device:                 Id: 1, Scope: Shared, Realtime: True
[2022.03.22-18.58.18:888][  0]LogAudioMixer: Display: Audio Mixer Platform Settings:
[2022.03.22-18.58.18:888][  0]LogAudioMixer: Display: 	Sample Rate:						  48000
[2022.03.22-18.58.18:888][  0]LogAudioMixer: Display: 	Callback Buffer Frame Size Requested: 1024
[2022.03.22-18.58.18:888][  0]LogAudioMixer: Display: 	Callback Buffer Frame Size To Use:	  1024
[2022.03.22-18.58.18:888][  0]LogAudioMixer: Display: 	Number of buffers to queue:			  2
[2022.03.22-18.58.18:888][  0]LogAudioMixer: Display: 	Max Channels (voices):				  32
[2022.03.22-18.58.18:888][  0]LogAudioMixer: Display: 	Number of Async Source Workers:		  0
[2022.03.22-18.58.18:888][  0]LogAudio: Display: AudioDevice MaxSources: 32
[2022.03.22-18.58.18:889][  0]LogAudio: Display: Audio Spatialization Plugin: None (built-in).
[2022.03.22-18.58.18:889][  0]LogAudio: Display: Audio Reverb Plugin: None (built-in).
[2022.03.22-18.58.18:889][  0]LogAudio: Display: Audio Occlusion Plugin: None (built-in).
[2022.03.22-18.58.18:889][  0]LogAudioMixer: Display: Initializing audio mixer.
[2022.03.22-18.58.18:910][  0]LogAudioMixer: Display: 0: FrontLeft
[2022.03.22-18.58.18:910][  0]LogAudioMixer: Display: 1: FrontRight
[2022.03.22-18.58.18:945][  0]LogAudioMixer: Display: Using Audio Device Realtek HD Audio 2nd output (Realtek(R) Audio)
[2022.03.22-18.58.18:948][  0]LogAudioMixer: Display: Initializing Sound Submixes...
[2022.03.22-18.58.18:951][  0]LogAudioMixer: Display: Creating Master Submix 'MasterSubmixDefault'
[2022.03.22-18.58.18:951][  0]LogAudioMixer: Display: Creating Master Submix 'MasterReverbSubmixDefault'
[2022.03.22-18.58.18:962][  0]LogAudioMixer: Display: Creating Master Submix 'MasterEQSubmixDefault'
[2022.03.22-18.58.18:962][  0]LogAudioMixer: FMixerPlatformXAudio2::StartAudioStream() called
[2022.03.22-18.58.18:962][  0]LogAudioMixer: Display: Output buffers initialized: Frames=1024, Channels=2, Samples=2048
[2022.03.22-18.58.18:965][  0]LogAudioMixer: Display: Starting AudioMixerPlatformInterface::RunInternal()
[2022.03.22-18.58.18:965][  0]LogAudioMixer: Display: FMixerPlatformXAudio2::SubmitBuffer() called for the first time
[2022.03.22-18.58.18:965][  0]LogInit: FAudioDevice initialized.
[2022.03.22-18.58.18:965][  0]LogAudio: Display: Audio Device (ID: 1) registered with world 'Untitled'.
[2022.03.22-18.58.18:965][  0]LogNetVersion: Set ProjectVersion to 1.0.0.0. Version Checksum will be recalculated on next use.
[2022.03.22-18.58.19:087][  0]LogDerivedDataCache: Saved boot cache 0.12s 99MB C:/Users/Stickman/AppData/Local/UnrealEngine/4.27/DerivedDataCache/Boot.ddc.
[2022.03.22-18.58.19:088][  0]LogInit: Texture streaming: Enabled
[2022.03.22-18.58.19:111][  0]LogAnalytics: Display: [UEEditor.Rocket.Release] APIServer = https://datarouter.ol.epicgames.com/. AppVersion = 4.27.1-17735300+++UE4+Release-4.27
[2022.03.22-18.58.19:119][  0]LogEngineSessionManager: EngineSessionManager initialized
[2022.03.22-18.58.19:119][  0]LogEngineSessionManager: EngineSessionManager sent abnormal shutdown report. Type=Debugger, SessionId={B0B1DAD4-4D54-4D60-E344-DD88A84C5D09}
[2022.03.22-18.58.19:119][  0]LogEditorSessionSummary: Verbose: Initializing EditorSessionSummaryWriter for editor session tracking
[2022.03.22-18.58.19:121][  0]LogEditorSessionSummary: EditorSessionSummaryWriter initialized
[2022.03.22-18.58.19:148][  0]LogInit: Transaction tracking system initialized
[2022.03.22-18.58.19:184][  0]BlueprintLog: New page: Editor Load
[2022.03.22-18.58.19:284][  0]LocalizationService: Localization service is disabled
[2022.03.22-18.58.19:328][  0]TimingProfiler: Initialize
[2022.03.22-18.58.19:329][  0]TimingProfiler: OnSessionChanged
[2022.03.22-18.58.19:329][  0]LoadingProfiler: Initialize
[2022.03.22-18.58.19:329][  0]LoadingProfiler: OnSessionChanged
[2022.03.22-18.58.19:329][  0]NetworkingProfiler: Initialize
[2022.03.22-18.58.19:329][  0]NetworkingProfiler: OnSessionChanged
[2022.03.22-18.58.19:329][  0]MemoryProfiler: Initialize
[2022.03.22-18.58.19:330][  0]MemoryProfiler: OnSessionChanged
[2022.03.22-18.58.19:515][  0]LogCook: Display: CookSettings for Memory: MemoryMaxUsedVirtual 0MiB, MemoryMaxUsedPhysical 16384MiB, MemoryMinFreeVirtual 0MiB, MemoryMinFreePhysical 1024MiB
[2022.03.22-18.58.19:515][  0]LogCook: Display: Mobile HDR setting 1
[2022.03.22-18.58.19:799][  0]LogFileCache: Scanning file cache for directory 'X:/Repo/UnrealFPS/UnrealFPSExperiment/FPSExperiment/Content/' took 0.00s
[2022.03.22-18.58.19:991][  0]LogImageWrapper: Warning: PNG Warning: Duplicate iCCP chunk
[2022.03.22-18.58.19:991][  0]LogImageWrapper: Warning: PNG Warning: Duplicate iCCP chunk
[2022.03.22-18.58.19:991][  0]LogInit: Display: Engine is initialized. Leaving FEngineLoop::Init()
[2022.03.22-18.58.19:995][  0]SourceControl: Source control is disabled
[2022.03.22-18.58.19:995][  0]LogUnrealEdMisc: Loading editor; pre map load, took 16.006
[2022.03.22-18.58.19:995][  0]Cmd: MAP LOAD FILE="../../../../../../Repo/UnrealFPS/UnrealFPSExperiment/FPSExperiment/Content/FirstPersonCPP/Maps/FirstPersonExampleMap.umap" TEMPLATE=0 SHOWPROGRESS=1 FEATURELEVEL=3
[2022.03.22-18.58.19:996][  0]LightingResults: New page: Lighting Build
[2022.03.22-18.58.19:997][  0]LogWorld: UWorld::CleanupWorld for Untitled, bSessionEnded=true, bCleanupResources=true
[2022.03.22-18.58.19:998][  0]LogSlate: InvalidateAllWidgets triggered.  All widgets were invalidated
[2022.03.22-18.58.19:998][  0]MapCheck: New page: Map Check
[2022.03.22-18.58.19:998][  0]LightingResults: New page: Lighting Build
[2022.03.22-18.58.20:003][  0]LogAudio: Display: Audio Device unregistered from world 'None'.
[2022.03.22-18.58.20:008][  0]LogUObjectHash: Compacting FUObjectHashTables data took   1.08ms
[2022.03.22-18.58.20:081][  0]LogAudio: Display: Audio Device (ID: 1) registered with world 'FirstPersonExampleMap'.
[2022.03.22-18.58.20:082][  0]LogAIModule: Creating AISystem for world FirstPersonExampleMap
[2022.03.22-18.58.20:093][  0]LogEditorServer: Finished looking for orphan Actors (0.000 secs)
[2022.03.22-18.58.20:112][  0]LogUObjectHash: Compacting FUObjectHashTables data took   1.23ms
[2022.03.22-18.58.20:112][  0]Cmd: MAP CHECKDEP NOCLEARLOG
[2022.03.22-18.58.20:112][  0]MapCheck: Map check complete: 0 Error(s), 0 Warning(s), took 0.183ms to complete.
[2022.03.22-18.58.20:113][  0]LogFileHelpers: Loading map 'FirstPersonExampleMap' took 0.117
[2022.03.22-18.58.20:116][  0]LogUnrealEdMisc: Total Editor Startup Time, took 16.127
[2022.03.22-18.58.20:264][  0]LogSlate: Updating window title bar state: overlay mode, drag disabled, window buttons hidden, title bar hidden
[2022.03.22-18.58.20:271][  0]LogSlate: Updating window title bar state: overlay mode, drag disabled, window buttons hidden, title bar hidden
[2022.03.22-18.58.20:279][  0]LogSlate: Updating window title bar state: overlay mode, drag disabled, window buttons hidden, title bar hidden
[2022.03.22-18.58.20:286][  0]LogSlate: Updating window title bar state: overlay mode, drag disabled, window buttons hidden, title bar hidden
[2022.03.22-18.58.20:301][  0]LogNativeClassHierarchy: Verbose: Native class hierarchy populated in 0.0115 seconds. Added 3827 classes and 930 folders.
[2022.03.22-18.58.20:304][  0]LogNativeClassHierarchy: Verbose: Native class hierarchy updated for 'WidgetCarousel' in 0.0003 seconds. Added 0 classes and 0 folders.
[2022.03.22-18.58.20:305][  0]LogPakFile: PakFile PrimaryIndexSize=187
[2022.03.22-18.58.20:305][  0]LogPakFile: PakFile PathHashIndexSize=101
[2022.03.22-18.58.20:305][  0]LogPakFile: PakFile FullDirectoryIndexSize=148
[2022.03.22-18.58.20:306][  0]LogShaderLibrary: Display: ShaderCodeLibraryPakFileMountedCallback: PakFile 'X:/Epic Games/Games4Epic/UE_4.27/FeaturePacks/FP_FirstPerson.upack' (chunk index -1, root 'root:/') mounted
[2022.03.22-18.58.20:306][  0]LogShaderLibrary: Display: ShaderCodeLibraryPakFileMountedCallback: pending pak file info (ChunkID:-1 Root:root:/ File:X:/Epic Games/Games4Epic/UE_4.27/FeaturePacks/FP_FirstPerson.upack)
[2022.03.22-18.58.20:306][  0]LogPakFile: OnPakFileMounted2Time == 0.000175
[2022.03.22-18.58.20:306][  0]LogPakFile: PakFile PrimaryIndexSize=189
[2022.03.22-18.58.20:306][  0]LogPakFile: PakFile PathHashIndexSize=101
[2022.03.22-18.58.20:307][  0]LogPakFile: PakFile FullDirectoryIndexSize=152
[2022.03.22-18.58.20:307][  0]LogShaderLibrary: Display: ShaderCodeLibraryPakFileMountedCallback: PakFile 'X:/Epic Games/Games4Epic/UE_4.27/FeaturePacks/FP_FirstPersonBP.upack' (chunk index -1, root 'root:/') mounted
[2022.03.22-18.58.20:307][  0]LogShaderLibrary: Display: ShaderCodeLibraryPakFileMountedCallback: pending pak file info (ChunkID:-1 Root:root:/ File:X:/Epic Games/Games4Epic/UE_4.27/FeaturePacks/FP_FirstPersonBP.upack)
[2022.03.22-18.58.20:307][  0]LogPakFile: OnPakFileMounted2Time == 0.000136
[2022.03.22-18.58.20:307][  0]LogPakFile: PakFile PrimaryIndexSize=191
[2022.03.22-18.58.20:307][  0]LogPakFile: PakFile PathHashIndexSize=101
[2022.03.22-18.58.20:307][  0]LogPakFile: PakFile FullDirectoryIndexSize=160
[2022.03.22-18.58.20:307][  0]LogShaderLibrary: Display: ShaderCodeLibraryPakFileMountedCallback: PakFile 'X:/Epic Games/Games4Epic/UE_4.27/FeaturePacks/MobileStarterContent.upack' (chunk index -1, root 'root:/') mounted
[2022.03.22-18.58.20:308][  0]LogShaderLibrary: Display: ShaderCodeLibraryPakFileMountedCallback: pending pak file info (ChunkID:-1 Root:root:/ File:X:/Epic Games/Games4Epic/UE_4.27/FeaturePacks/MobileStarterContent.upack)
[2022.03.22-18.58.20:308][  0]LogPakFile: OnPakFileMounted2Time == 0.000179
[2022.03.22-18.58.20:308][  0]LogPakFile: PakFile PrimaryIndexSize=185
[2022.03.22-18.58.20:308][  0]LogPakFile: PakFile PathHashIndexSize=101
[2022.03.22-18.58.20:309][  0]LogPakFile: PakFile FullDirectoryIndexSize=148
[2022.03.22-18.58.20:309][  0]LogShaderLibrary: Display: ShaderCodeLibraryPakFileMountedCallback: PakFile 'X:/Epic Games/Games4Epic/UE_4.27/FeaturePacks/StarterContent.upack' (chunk index -1, root 'root:/') mounted
[2022.03.22-18.58.20:309][  0]LogShaderLibrary: Display: ShaderCodeLibraryPakFileMountedCallback: pending pak file info (ChunkID:-1 Root:root:/ File:X:/Epic Games/Games4Epic/UE_4.27/FeaturePacks/StarterContent.upack)
[2022.03.22-18.58.20:309][  0]LogPakFile: OnPakFileMounted2Time == 0.000162
[2022.03.22-18.58.20:309][  0]LogPakFile: PakFile PrimaryIndexSize=190
[2022.03.22-18.58.20:309][  0]LogPakFile: PakFile PathHashIndexSize=101
[2022.03.22-18.58.20:310][  0]LogPakFile: PakFile FullDirectoryIndexSize=154
[2022.03.22-18.58.20:310][  0]LogShaderLibrary: Display: ShaderCodeLibraryPakFileMountedCallback: PakFile 'X:/Epic Games/Games4Epic/UE_4.27/FeaturePacks/TP_2DSideScroller.upack' (chunk index -1, root 'root:/') mounted
[2022.03.22-18.58.20:310][  0]LogShaderLibrary: Display: ShaderCodeLibraryPakFileMountedCallback: pending pak file info (ChunkID:-1 Root:root:/ File:X:/Epic Games/Games4Epic/UE_4.27/FeaturePacks/TP_2DSideScroller.upack)
[2022.03.22-18.58.20:310][  0]LogPakFile: OnPakFileMounted2Time == 0.000163
[2022.03.22-18.58.20:311][  0]LogPakFile: PakFile PrimaryIndexSize=192
[2022.03.22-18.58.20:311][  0]LogPakFile: PakFile PathHashIndexSize=101
[2022.03.22-18.58.20:311][  0]LogPakFile: PakFile FullDirectoryIndexSize=158
[2022.03.22-18.58.20:311][  0]LogShaderLibrary: Display: ShaderCodeLibraryPakFileMountedCallback: PakFile 'X:/Epic Games/Games4Epic/UE_4.27/FeaturePacks/TP_2DSideScrollerBP.upack' (chunk index -1, root 'root:/') mounted
[2022.03.22-18.58.20:311][  0]LogShaderLibrary: Display: ShaderCodeLibraryPakFileMountedCallback: pending pak file info (ChunkID:-1 Root:root:/ File:X:/Epic Games/Games4Epic/UE_4.27/FeaturePacks/TP_2DSideScrollerBP.upack)
[2022.03.22-18.58.20:311][  0]LogPakFile: OnPakFileMounted2Time == 0.000199
[2022.03.22-18.58.20:312][  0]LogPakFile: PakFile PrimaryIndexSize=182
[2022.03.22-18.58.20:312][  0]LogPakFile: PakFile PathHashIndexSize=101
[2022.03.22-18.58.20:312][  0]LogPakFile: PakFile FullDirectoryIndexSize=138
[2022.03.22-18.58.20:312][  0]LogShaderLibrary: Display: ShaderCodeLibraryPakFileMountedCallback: PakFile 'X:/Epic Games/Games4Epic/UE_4.27/FeaturePacks/TP_Flying.upack' (chunk index -1, root 'root:/') mounted
[2022.03.22-18.58.20:313][  0]LogShaderLibrary: Display: ShaderCodeLibraryPakFileMountedCallback: pending pak file info (ChunkID:-1 Root:root:/ File:X:/Epic Games/Games4Epic/UE_4.27/FeaturePacks/TP_Flying.upack)
[2022.03.22-18.58.20:313][  0]LogPakFile: OnPakFileMounted2Time == 0.000171
[2022.03.22-18.58.20:313][  0]LogPakFile: PakFile PrimaryIndexSize=184
[2022.03.22-18.58.20:313][  0]LogPakFile: PakFile PathHashIndexSize=101
[2022.03.22-18.58.20:313][  0]LogPakFile: PakFile FullDirectoryIndexSize=142
[2022.03.22-18.58.20:314][  0]LogShaderLibrary: Display: ShaderCodeLibraryPakFileMountedCallback: PakFile 'X:/Epic Games/Games4Epic/UE_4.27/FeaturePacks/TP_FlyingBP.upack' (chunk index -1, root 'root:/') mounted
[2022.03.22-18.58.20:314][  0]LogShaderLibrary: Display: ShaderCodeLibraryPakFileMountedCallback: pending pak file info (ChunkID:-1 Root:root:/ File:X:/Epic Games/Games4Epic/UE_4.27/FeaturePacks/TP_FlyingBP.upack)
[2022.03.22-18.58.20:314][  0]LogPakFile: OnPakFileMounted2Time == 0.000184
[2022.03.22-18.58.20:314][  0]LogPakFile: PakFile PrimaryIndexSize=188
[2022.03.22-18.58.20:314][  0]LogPakFile: PakFile PathHashIndexSize=101
[2022.03.22-18.58.20:315][  0]LogPakFile: PakFile FullDirectoryIndexSize=150
[2022.03.22-18.58.20:315][  0]LogShaderLibrary: Display: ShaderCodeLibraryPakFileMountedCallback: PakFile 'X:/Epic Games/Games4Epic/UE_4.27/FeaturePacks/TP_HandheldARBP.upack' (chunk index -1, root 'root:/') mounted
[2022.03.22-18.58.20:315][  0]LogShaderLibrary: Display: ShaderCodeLibraryPakFileMountedCallback: pending pak file info (ChunkID:-1 Root:root:/ File:X:/Epic Games/Games4Epic/UE_4.27/FeaturePacks/TP_HandheldARBP.upack)
[2022.03.22-18.58.20:315][  0]LogPakFile: OnPakFileMounted2Time == 0.000135
[2022.03.22-18.58.20:316][  0]LogPakFile: PakFile PrimaryIndexSize=182
[2022.03.22-18.58.20:316][  0]LogPakFile: PakFile PathHashIndexSize=101
[2022.03.22-18.58.20:316][  0]LogPakFile: PakFile FullDirectoryIndexSize=138
[2022.03.22-18.58.20:316][  0]LogShaderLibrary: Display: ShaderCodeLibraryPakFileMountedCallback: PakFile 'X:/Epic Games/Games4Epic/UE_4.27/FeaturePacks/TP_Puzzle.upack' (chunk index -1, root 'root:/') mounted
[2022.03.22-18.58.20:316][  0]LogShaderLibrary: Display: ShaderCodeLibraryPakFileMountedCallback: pending pak file info (ChunkID:-1 Root:root:/ File:X:/Epic Games/Games4Epic/UE_4.27/FeaturePacks/TP_Puzzle.upack)
[2022.03.22-18.58.20:316][  0]LogPakFile: OnPakFileMounted2Time == 0.000129
[2022.03.22-18.58.20:317][  0]LogPakFile: PakFile PrimaryIndexSize=184
[2022.03.22-18.58.20:317][  0]LogPakFile: PakFile PathHashIndexSize=101
[2022.03.22-18.58.20:317][  0]LogPakFile: PakFile FullDirectoryIndexSize=142
[2022.03.22-18.58.20:317][  0]LogShaderLibrary: Display: ShaderCodeLibraryPakFileMountedCallback: PakFile 'X:/Epic Games/Games4Epic/UE_4.27/FeaturePacks/TP_PuzzleBP.upack' (chunk index -1, root 'root:/') mounted
[2022.03.22-18.58.20:317][  0]LogShaderLibrary: Display: ShaderCodeLibraryPakFileMountedCallback: pending pak file info (ChunkID:-1 Root:root:/ File:X:/Epic Games/Games4Epic/UE_4.27/FeaturePacks/TP_PuzzleBP.upack)
[2022.03.22-18.58.20:317][  0]LogPakFile: OnPakFileMounted2Time == 0.000183
[2022.03.22-18.58.20:318][  0]LogPakFile: PakFile PrimaryIndexSize=183
[2022.03.22-18.58.20:318][  0]LogPakFile: PakFile PathHashIndexSize=101
[2022.03.22-18.58.20:318][  0]LogPakFile: PakFile FullDirectoryIndexSize=140
[2022.03.22-18.58.20:318][  0]LogShaderLibrary: Display: ShaderCodeLibraryPakFileMountedCallback: PakFile 'X:/Epic Games/Games4Epic/UE_4.27/FeaturePacks/TP_Rolling.upack' (chunk index -1, root 'root:/') mounted
[2022.03.22-18.58.20:318][  0]LogShaderLibrary: Display: ShaderCodeLibraryPakFileMountedCallback: pending pak file info (ChunkID:-1 Root:root:/ File:X:/Epic Games/Games4Epic/UE_4.27/FeaturePacks/TP_Rolling.upack)
[2022.03.22-18.58.20:318][  0]LogPakFile: OnPakFileMounted2Time == 0.000132
[2022.03.22-18.58.20:319][  0]LogPakFile: PakFile PrimaryIndexSize=185
[2022.03.22-18.58.20:319][  0]LogPakFile: PakFile PathHashIndexSize=101
[2022.03.22-18.58.20:319][  0]LogPakFile: PakFile FullDirectoryIndexSize=144
[2022.03.22-18.58.20:319][  0]LogShaderLibrary: Display: ShaderCodeLibraryPakFileMountedCallback: PakFile 'X:/Epic Games/Games4Epic/UE_4.27/FeaturePacks/TP_RollingBP.upack' (chunk index -1, root 'root:/') mounted
[2022.03.22-18.58.20:319][  0]LogShaderLibrary: Display: ShaderCodeLibraryPakFileMountedCallback: pending pak file info (ChunkID:-1 Root:root:/ File:X:/Epic Games/Games4Epic/UE_4.27/FeaturePacks/TP_RollingBP.upack)
[2022.03.22-18.58.20:319][  0]LogPakFile: OnPakFileMounted2Time == 0.000148
[2022.03.22-18.58.20:320][  0]LogPakFile: PakFile PrimaryIndexSize=188
[2022.03.22-18.58.20:320][  0]LogPakFile: PakFile PathHashIndexSize=101
[2022.03.22-18.58.20:320][  0]LogPakFile: PakFile FullDirectoryIndexSize=150
[2022.03.22-18.58.20:320][  0]LogShaderLibrary: Display: ShaderCodeLibraryPakFileMountedCallback: PakFile 'X:/Epic Games/Games4Epic/UE_4.27/FeaturePacks/TP_SideScroller.upack' (chunk index -1, root 'root:/') mounted
[2022.03.22-18.58.20:320][  0]LogShaderLibrary: Display: ShaderCodeLibraryPakFileMountedCallback: pending pak file info (ChunkID:-1 Root:root:/ File:X:/Epic Games/Games4Epic/UE_4.27/FeaturePacks/TP_SideScroller.upack)
[2022.03.22-18.58.20:320][  0]LogPakFile: OnPakFileMounted2Time == 0.000124
[2022.03.22-18.58.20:321][  0]LogPakFile: PakFile PrimaryIndexSize=190
[2022.03.22-18.58.20:321][  0]LogPakFile: PakFile PathHashIndexSize=101
[2022.03.22-18.58.20:321][  0]LogPakFile: PakFile FullDirectoryIndexSize=154
[2022.03.22-18.58.20:321][  0]LogShaderLibrary: Display: ShaderCodeLibraryPakFileMountedCallback: PakFile 'X:/Epic Games/Games4Epic/UE_4.27/FeaturePacks/TP_SideScrollerBP.upack' (chunk index -1, root 'root:/') mounted
[2022.03.22-18.58.20:321][  0]LogShaderLibrary: Display: ShaderCodeLibraryPakFileMountedCallback: pending pak file info (ChunkID:-1 Root:root:/ File:X:/Epic Games/Games4Epic/UE_4.27/FeaturePacks/TP_SideScrollerBP.upack)
[2022.03.22-18.58.20:321][  0]LogPakFile: OnPakFileMounted2Time == 0.000136
[2022.03.22-18.58.20:322][  0]LogPakFile: PakFile PrimaryIndexSize=187
[2022.03.22-18.58.20:322][  0]LogPakFile: PakFile PathHashIndexSize=101
[2022.03.22-18.58.20:322][  0]LogPakFile: PakFile FullDirectoryIndexSize=148
[2022.03.22-18.58.20:322][  0]LogShaderLibrary: Display: ShaderCodeLibraryPakFileMountedCallback: PakFile 'X:/Epic Games/Games4Epic/UE_4.27/FeaturePacks/TP_ThirdPerson.upack' (chunk index -1, root 'root:/') mounted
[2022.03.22-18.58.20:322][  0]LogShaderLibrary: Display: ShaderCodeLibraryPakFileMountedCallback: pending pak file info (ChunkID:-1 Root:root:/ File:X:/Epic Games/Games4Epic/UE_4.27/FeaturePacks/TP_ThirdPerson.upack)
[2022.03.22-18.58.20:322][  0]LogPakFile: OnPakFileMounted2Time == 0.000140
[2022.03.22-18.58.20:322][  0]LogPakFile: PakFile PrimaryIndexSize=189
[2022.03.22-18.58.20:323][  0]LogPakFile: PakFile PathHashIndexSize=101
[2022.03.22-18.58.20:323][  0]LogPakFile: PakFile FullDirectoryIndexSize=152
[2022.03.22-18.58.20:323][  0]LogShaderLibrary: Display: ShaderCodeLibraryPakFileMountedCallback: PakFile 'X:/Epic Games/Games4Epic/UE_4.27/FeaturePacks/TP_ThirdPersonBP.upack' (chunk index -1, root 'root:/') mounted
[2022.03.22-18.58.20:323][  0]LogShaderLibrary: Display: ShaderCodeLibraryPakFileMountedCallback: pending pak file info (ChunkID:-1 Root:root:/ File:X:/Epic Games/Games4Epic/UE_4.27/FeaturePacks/TP_ThirdPersonBP.upack)
[2022.03.22-18.58.20:323][  0]LogPakFile: OnPakFileMounted2Time == 0.000176
[2022.03.22-18.58.20:324][  0]LogPakFile: PakFile PrimaryIndexSize=183
[2022.03.22-18.58.20:324][  0]LogPakFile: PakFile PathHashIndexSize=101
[2022.03.22-18.58.20:324][  0]LogPakFile: PakFile FullDirectoryIndexSize=140
[2022.03.22-18.58.20:324][  0]LogShaderLibrary: Display: ShaderCodeLibraryPakFileMountedCallback: PakFile 'X:/Epic Games/Games4Epic/UE_4.27/FeaturePacks/TP_TopDown.upack' (chunk index -1, root 'root:/') mounted
[2022.03.22-18.58.20:324][  0]LogShaderLibrary: Display: ShaderCodeLibraryPakFileMountedCallback: pending pak file info (ChunkID:-1 Root:root:/ File:X:/Epic Games/Games4Epic/UE_4.27/FeaturePacks/TP_TopDown.upack)
[2022.03.22-18.58.20:324][  0]LogPakFile: OnPakFileMounted2Time == 0.000146
[2022.03.22-18.58.20:325][  0]LogPakFile: PakFile PrimaryIndexSize=185
[2022.03.22-18.58.20:325][  0]LogPakFile: PakFile PathHashIndexSize=101
[2022.03.22-18.58.20:325][  0]LogPakFile: PakFile FullDirectoryIndexSize=144
[2022.03.22-18.58.20:325][  0]LogShaderLibrary: Display: ShaderCodeLibraryPakFileMountedCallback: PakFile 'X:/Epic Games/Games4Epic/UE_4.27/FeaturePacks/TP_TopDownBP.upack' (chunk index -1, root 'root:/') mounted
[2022.03.22-18.58.20:325][  0]LogShaderLibrary: Display: ShaderCodeLibraryPakFileMountedCallback: pending pak file info (ChunkID:-1 Root:root:/ File:X:/Epic Games/Games4Epic/UE_4.27/FeaturePacks/TP_TopDownBP.upack)
[2022.03.22-18.58.20:325][  0]LogPakFile: OnPakFileMounted2Time == 0.000177
[2022.03.22-18.58.20:326][  0]LogPakFile: PakFile PrimaryIndexSize=185
[2022.03.22-18.58.20:326][  0]LogPakFile: PakFile PathHashIndexSize=101
[2022.03.22-18.58.20:326][  0]LogPakFile: PakFile FullDirectoryIndexSize=144
[2022.03.22-18.58.20:326][  0]LogShaderLibrary: Display: ShaderCodeLibraryPakFileMountedCallback: PakFile 'X:/Epic Games/Games4Epic/UE_4.27/FeaturePacks/TP_TwinStick.upack' (chunk index -1, root 'root:/') mounted
[2022.03.22-18.58.20:326][  0]LogShaderLibrary: Display: ShaderCodeLibraryPakFileMountedCallback: pending pak file info (ChunkID:-1 Root:root:/ File:X:/Epic Games/Games4Epic/UE_4.27/FeaturePacks/TP_TwinStick.upack)
[2022.03.22-18.58.20:326][  0]LogPakFile: OnPakFileMounted2Time == 0.000171
[2022.03.22-18.58.20:327][  0]LogPakFile: PakFile PrimaryIndexSize=187
[2022.03.22-18.58.20:327][  0]LogPakFile: PakFile PathHashIndexSize=101
[2022.03.22-18.58.20:327][  0]LogPakFile: PakFile FullDirectoryIndexSize=148
[2022.03.22-18.58.20:328][  0]LogShaderLibrary: Display: ShaderCodeLibraryPakFileMountedCallback: PakFile 'X:/Epic Games/Games4Epic/UE_4.27/FeaturePacks/TP_TwinStickBP.upack' (chunk index -1, root 'root:/') mounted
[2022.03.22-18.58.20:328][  0]LogShaderLibrary: Display: ShaderCodeLibraryPakFileMountedCallback: pending pak file info (ChunkID:-1 Root:root:/ File:X:/Epic Games/Games4Epic/UE_4.27/FeaturePacks/TP_TwinStickBP.upack)
[2022.03.22-18.58.20:328][  0]LogPakFile: OnPakFileMounted2Time == 0.000261
[2022.03.22-18.58.20:329][  0]LogPakFile: PakFile PrimaryIndexSize=183
[2022.03.22-18.58.20:329][  0]LogPakFile: PakFile PathHashIndexSize=101
[2022.03.22-18.58.20:329][  0]LogPakFile: PakFile FullDirectoryIndexSize=140
[2022.03.22-18.58.20:329][  0]LogShaderLibrary: Display: ShaderCodeLibraryPakFileMountedCallback: PakFile 'X:/Epic Games/Games4Epic/UE_4.27/FeaturePacks/TP_Vehicle.upack' (chunk index -1, root 'root:/') mounted
[2022.03.22-18.58.20:329][  0]LogShaderLibrary: Display: ShaderCodeLibraryPakFileMountedCallback: pending pak file info (ChunkID:-1 Root:root:/ File:X:/Epic Games/Games4Epic/UE_4.27/FeaturePacks/TP_Vehicle.upack)
[2022.03.22-18.58.20:329][  0]LogPakFile: OnPakFileMounted2Time == 0.000233
[2022.03.22-18.58.20:330][  0]LogPakFile: PakFile PrimaryIndexSize=186
[2022.03.22-18.58.20:330][  0]LogPakFile: PakFile PathHashIndexSize=101
[2022.03.22-18.58.20:330][  0]LogPakFile: PakFile FullDirectoryIndexSize=146
[2022.03.22-18.58.20:330][  0]LogShaderLibrary: Display: ShaderCodeLibraryPakFileMountedCallback: PakFile 'X:/Epic Games/Games4Epic/UE_4.27/FeaturePacks/TP_VehicleAdv.upack' (chunk index -1, root 'root:/') mounted
[2022.03.22-18.58.20:330][  0]LogShaderLibrary: Display: ShaderCodeLibraryPakFileMountedCallback: pending pak file info (ChunkID:-1 Root:root:/ File:X:/Epic Games/Games4Epic/UE_4.27/FeaturePacks/TP_VehicleAdv.upack)
[2022.03.22-18.58.20:330][  0]LogPakFile: OnPakFileMounted2Time == 0.000127
[2022.03.22-18.58.20:331][  0]LogPakFile: PakFile PrimaryIndexSize=188
[2022.03.22-18.58.20:331][  0]LogPakFile: PakFile PathHashIndexSize=101
[2022.03.22-18.58.20:332][  0]LogPakFile: PakFile FullDirectoryIndexSize=150
[2022.03.22-18.58.20:332][  0]LogShaderLibrary: Display: ShaderCodeLibraryPakFileMountedCallback: PakFile 'X:/Epic Games/Games4Epic/UE_4.27/FeaturePacks/TP_VehicleAdvBP.upack' (chunk index -1, root 'root:/') mounted
[2022.03.22-18.58.20:332][  0]LogShaderLibrary: Display: ShaderCodeLibraryPakFileMountedCallback: pending pak file info (ChunkID:-1 Root:root:/ File:X:/Epic Games/Games4Epic/UE_4.27/FeaturePacks/TP_VehicleAdvBP.upack)
[2022.03.22-18.58.20:332][  0]LogPakFile: OnPakFileMounted2Time == 0.000212
[2022.03.22-18.58.20:333][  0]LogPakFile: PakFile PrimaryIndexSize=185
[2022.03.22-18.58.20:333][  0]LogPakFile: PakFile PathHashIndexSize=101
[2022.03.22-18.58.20:333][  0]LogPakFile: PakFile FullDirectoryIndexSize=144
[2022.03.22-18.58.20:333][  0]LogShaderLibrary: Display: ShaderCodeLibraryPakFileMountedCallback: PakFile 'X:/Epic Games/Games4Epic/UE_4.27/FeaturePacks/TP_VehicleBP.upack' (chunk index -1, root 'root:/') mounted
[2022.03.22-18.58.20:333][  0]LogShaderLibrary: Display: ShaderCodeLibraryPakFileMountedCallback: pending pak file info (ChunkID:-1 Root:root:/ File:X:/Epic Games/Games4Epic/UE_4.27/FeaturePacks/TP_VehicleBP.upack)
[2022.03.22-18.58.20:333][  0]LogPakFile: OnPakFileMounted2Time == 0.000196
[2022.03.22-18.58.20:334][  0]LogPakFile: PakFile PrimaryIndexSize=192
[2022.03.22-18.58.20:334][  0]LogPakFile: PakFile PathHashIndexSize=101
[2022.03.22-18.58.20:334][  0]LogPakFile: PakFile FullDirectoryIndexSize=158
[2022.03.22-18.58.20:334][  0]LogShaderLibrary: Display: ShaderCodeLibraryPakFileMountedCallback: PakFile 'X:/Epic Games/Games4Epic/UE_4.27/FeaturePacks/TP_VirtualRealityBP.upack' (chunk index -1, root 'root:/') mounted
[2022.03.22-18.58.20:335][  0]LogShaderLibrary: Display: ShaderCodeLibraryPakFileMountedCallback: pending pak file info (ChunkID:-1 Root:root:/ File:X:/Epic Games/Games4Epic/UE_4.27/FeaturePacks/TP_VirtualRealityBP.upack)
[2022.03.22-18.58.20:335][  0]LogPakFile: OnPakFileMounted2Time == 0.000200
[2022.03.22-18.58.20:399][  0]LogNativeClassHierarchy: Verbose: Native class hierarchy updated for 'AddContentDialog' in 0.0003 seconds. Added 0 classes and 0 folders.
[2022.03.22-18.58.20:400][  0]LogNativeClassHierarchy: Verbose: Native class hierarchy updated for 'SceneOutliner' in 0.0003 seconds. Added 2 classes and 0 folders.
[2022.03.22-18.58.20:512][  0]LogSlate: Took 0.000455 seconds to synchronously load lazily loaded font '../../../Engine/Content/Slate/Fonts/Roboto-Regular.ttf' (155K)
[2022.03.22-18.58.20:514][  0]LogSlate: Took 0.000263 seconds to synchronously load lazily loaded font '../../../Engine/Content/Editor/Slate/Fonts/FontAwesome.ttf' (139K)
[2022.03.22-18.58.20:515][  0]LogSlate: Took 0.000215 seconds to synchronously load lazily loaded font '../../../Engine/Content/Slate/Fonts/Roboto-Bold.ttf' (160K)
[2022.03.22-18.58.20:610][  0]LogRenderer: Reallocating scene render targets to support 1208x632 Format 10 NumSamples 1 (Frame:1).
[2022.03.22-18.58.20:665][  0]LogSlate: Took 0.000278 seconds to synchronously load lazily loaded font '../../../Engine/Content/Slate/Fonts/Roboto-Light.ttf' (167K)
[2022.03.22-18.58.20:726][  0]LogNativeClassHierarchy: Verbose: Native class hierarchy updated for 'HierarchicalLODOutliner' in 0.0003 seconds. Added 0 classes and 0 folders.
[2022.03.22-18.58.20:726][  0]LogLoad: (Engine Initialization) Total time: 16.74 seconds
[2022.03.22-18.58.20:726][  0]LogLoad: (Engine Initialization) Total Blueprint compile time: 0.00 seconds
[2022.03.22-18.58.20:769][  0]LogAssetRegistry: Asset discovery search completed in 12.1537 seconds
[2022.03.22-18.58.20:775][  0]LogCollectionManager: Fixed up redirectors for 0 collections in 0.000004 seconds (updated 0 objects)
[2022.03.22-18.58.20:777][  0]LogContentStreaming: Texture pool size now 1000 MB
[2022.03.22-18.58.21:747][102]LogSlate: Took 0.000270 seconds to synchronously load lazily loaded font '../../../Engine/Content/Slate/Fonts/Roboto-Light.ttf' (167K)
[2022.03.22-18.58.23:755][274]LogUObjectHash: Compacting FUObjectHashTables data took   0.69ms
[2022.03.22-18.58.23:837][274]LogSlate: Window 'FPSExperiment - Unreal Editor' being destroyed
[2022.03.22-18.58.23:994][275]Cmd: QUIT_EDITOR
[2022.03.22-18.58.23:994][275]LogCore: Engine exit requested (reason: UUnrealEdEngine::CloseEditor())
[2022.03.22-18.58.23:997][275]LogCore: Engine exit requested (reason: EngineExit() was called; note: exit was already requested)
[2022.03.22-18.58.23:999][275]LogAudio: Display: Beginning Audio Device Manager Shutdown (Module: AudioMixerXAudio2)...
[2022.03.22-18.58.23:999][275]LogAudio: Display: Destroying 1 Remaining Audio Device(s)...
[2022.03.22-18.58.23:999][275]LogAudio: Display: Audio Device unregistered from world 'FirstPersonExampleMap'.
[2022.03.22-18.58.23:999][275]LogAudioMixer: FMixerPlatformXAudio2::StopAudioStream() called
[2022.03.22-18.58.24:001][275]LogAudioMixer: FMixerPlatformXAudio2::StopAudioStream() called
[2022.03.22-18.58.24:005][275]LogAudio: Display: Audio Device Manager Shutdown
[2022.03.22-18.58.24:005][275]LogWindowsTextInputMethodSystem: Display: IME system deactivated.
[2022.03.22-18.58.24:010][275]LogExit: Preparing to exit.
[2022.03.22-18.58.24:621][275]LogUObjectHash: Compacting FUObjectHashTables data took   0.87ms
