Log file open, 03/29/22 17:31:46
LogWindows: Failed to load 'aqProf.dll' (GetLastError=126)
LogWindows: File 'aqProf.dll' does not exist
LogWindows: Failed to load 'VtuneApi.dll' (GetLastError=126)
LogWindows: File 'VtuneApi.dll' does not exist
LogWindows: Failed to load 'VtuneApi32e.dll' (GetLastError=126)
LogWindows: File 'VtuneApi32e.dll' does not exist
LogConsoleResponse: Display: Failed to find resolution value strings in scalability ini. Falling back to default.
LogConsoleResponse: Display: Failed to find resolution value strings in scalability ini. Falling back to default.
LogInit: Display: Running engine for game: FPSExperiment
LogPlatformFile: Not using cached read wrapper
LogTaskGraph: Started task graph with 5 named threads and 35 total threads with 3 sets of task threads.
LogStats: Stats thread started at 0.382262
LogICUInternationalization: ICU TimeZone Detection - Raw Offset: -5:00, Platform Override: ''
LogInit: Display: Loading text-based GConfig....
LogPluginManager: Mounting plugin MeshPainting
LogPluginManager: Mounting plugin XGEController
LogPluginManager: Mounting plugin Paper2D
LogPluginManager: Mounting plugin EnvironmentQueryEditor
LogPluginManager: Mounting plugin LightPropagationVolume
LogPluginManager: Mounting plugin CameraShakePreviewer
LogPluginManager: Mounting plugin GameplayCameras
LogPluginManager: Mounting plugin OodleData
LogPluginManager: Mounting plugin OodleNetwork
LogPluginManager: Mounting plugin AnimationSharing
LogPluginManager: Mounting plugin KDevelopSourceCodeAccess
LogPluginManager: Mounting plugin NullSourceCodeAccess
LogPluginManager: Mounting plugin GitSourceControl
LogPluginManager: Mounting plugin PixWinPlugin
LogPluginManager: Mounting plugin PlasticSourceControl
LogPluginManager: Mounting plugin PluginUtils
LogPluginManager: Mounting plugin PropertyAccessNode
LogPluginManager: Mounting plugin PerforceSourceControl
LogPluginManager: Mounting plugin RiderSourceCodeAccess
LogPluginManager: Mounting plugin SubversionSourceControl
LogPluginManager: Mounting plugin CodeLiteSourceCodeAccess
LogPluginManager: Mounting plugin CLionSourceCodeAccess
LogPluginManager: Mounting plugin TextureFormatOodle
LogPluginManager: Mounting plugin UObjectPlugin
LogPluginManager: Mounting plugin VisualStudioSourceCodeAccess
LogPluginManager: Mounting plugin VisualStudioCodeSourceCodeAccess
LogPluginManager: Mounting plugin XCodeSourceCodeAccess
LogPluginManager: Mounting plugin DatasmithContent
LogPluginManager: Mounting plugin VariantManagerContent
LogPluginManager: Mounting plugin AssetManagerEditor
LogPluginManager: Mounting plugin CryptoKeys
LogPluginManager: Mounting plugin CurveEditorTools
LogPluginManager: Mounting plugin DataValidation
LogPluginManager: Mounting plugin FacialAnimation
LogPluginManager: Mounting plugin GameplayTagsEditor
LogPluginManager: Mounting plugin GeometryMode
LogPluginManager: Mounting plugin LiveLink
LogPluginManager: Mounting plugin MacGraphicsSwitching
LogPluginManager: Mounting plugin MaterialAnalyzer
LogPluginManager: Mounting plugin PluginBrowser
LogPluginManager: Mounting plugin SpeedTreeImporter
LogPluginManager: Mounting plugin MobileLauncherProfileWizard
LogPluginManager: Mounting plugin AlembicImporter
LogPluginManager: Mounting plugin AutomationUtils
LogPluginManager: Mounting plugin BackChannel
LogPluginManager: Mounting plugin ChaosCloth
LogPluginManager: Mounting plugin ChaosClothEditor
LogPluginManager: Mounting plugin ChaosEditor
LogPluginManager: Mounting plugin ChaosNiagara
LogPluginManager: Mounting plugin ChaosSolverPlugin
LogPluginManager: Mounting plugin CharacterAI
LogPluginManager: Mounting plugin Niagara
LogPluginManager: Mounting plugin GeometryCache
LogPluginManager: Mounting plugin GeometryCollectionPlugin
LogPluginManager: Mounting plugin MotoSynth
LogPluginManager: Mounting plugin OpenImageDenoise
LogPluginManager: Mounting plugin PlanarCut
LogPluginManager: Mounting plugin ProxyLODPlugin
LogPluginManager: Mounting plugin PythonScriptPlugin
LogPluginManager: Mounting plugin PlatformCrypto
LogPluginManager: Mounting plugin AISupport
LogPluginManager: Mounting plugin SkeletalReduction
LogPluginManager: Mounting plugin LuminPlatformFeatures
LogPluginManager: Mounting plugin MagicLeapMedia
LogPluginManager: Mounting plugin MagicLeapLightEstimation
LogPluginManager: Mounting plugin GeometryProcessing
LogPluginManager: Mounting plugin MagicLeapPassableWorld
LogPluginManager: Mounting plugin MLSDK
LogPluginManager: Mounting plugin AndroidMedia
LogPluginManager: Mounting plugin MagicLeap
LogPluginManager: Mounting plugin AvfMedia
LogPluginManager: Mounting plugin MediaCompositing
LogPluginManager: Mounting plugin ImgMedia
LogPluginManager: Mounting plugin MediaPlayerEditor
LogPluginManager: Mounting plugin WmfMedia
LogPluginManager: Mounting plugin UdpMessaging
LogPluginManager: Mounting plugin WebMMedia
LogPluginManager: Mounting plugin LevelSequenceEditor
LogPluginManager: Mounting plugin TcpMessaging
LogPluginManager: Mounting plugin MatineeToLevelSequence
LogPluginManager: Mounting plugin TemplateSequence
LogPluginManager: Mounting plugin ActorSequence
LogPluginManager: Mounting plugin OnlineSubsystem
LogPluginManager: Mounting plugin OnlineSubsystemNull
LogPluginManager: Mounting plugin OnlineSubsystemUtils
LogPluginManager: Mounting plugin ActorLayerUtilities
LogPluginManager: Mounting plugin LauncherChunkInstaller
LogPluginManager: Mounting plugin AndroidMoviePlayer
LogPluginManager: Mounting plugin AndroidDeviceProfileSelector
LogPluginManager: Mounting plugin AndroidPermission
LogPluginManager: Mounting plugin AppleMoviePlayer
LogPluginManager: Mounting plugin AssetTags
LogPluginManager: Mounting plugin AudioCapture
LogPluginManager: Mounting plugin CustomMeshComponent
LogPluginManager: Mounting plugin AppleImageUtils
LogPluginManager: Mounting plugin ChunkDownloader
LogPluginManager: Mounting plugin EditableMesh
LogPluginManager: Mounting plugin ExampleDeviceProfileSelector
LogPluginManager: Mounting plugin CableComponent
LogPluginManager: Mounting plugin ArchVisCharacter
LogPluginManager: Mounting plugin GoogleCloudMessaging
LogPluginManager: Mounting plugin IOSDeviceProfileSelector
LogPluginManager: Mounting plugin LinuxDeviceProfileSelector
LogPluginManager: Mounting plugin LocationServicesBPLibrary
LogPluginManager: Mounting plugin AudioSynesthesia
LogPluginManager: Mounting plugin GooglePAD
LogPluginManager: Mounting plugin OpenXRHandTracking
LogPluginManager: Mounting plugin OpenXR
LogPluginManager: Mounting plugin OpenXREyeTracker
LogPluginManager: Mounting plugin PostSplashScreen
LogPluginManager: Mounting plugin PhysXVehicles
LogPluginManager: Mounting plugin ProceduralMeshComponent
LogPluginManager: Mounting plugin PropertyAccessEditor
LogPluginManager: Mounting plugin RuntimePhysXCooking
LogPluginManager: Mounting plugin SignificanceManager
LogPluginManager: Mounting plugin SoundFields
LogPluginManager: Mounting plugin Synthesis
LogPluginManager: Mounting plugin MobilePatchingUtils
LogPluginManager: Mounting plugin WebMMoviePlayer
LogPluginManager: Mounting plugin WindowsMoviePlayer
LogPluginManager: Mounting plugin ScreenshotTools
LogPluginManager: Mounting plugin Takes
LogPluginManager: Mounting plugin ContentBrowserClassDataSource
LogPluginManager: Mounting plugin ContentBrowserAssetDataSource
LogPluginManager: Mounting plugin ContentBrowserFileDataSource
LogPluginManager: Mounting plugin OnlineSubsystemGooglePlay
LogPluginManager: Mounting plugin OnlineSubsystemIOS
LogPluginManager: Mounting plugin OculusVR
LogPluginManager: Mounting plugin SteamVR
PixWinPlugin: PIX capture plugin failed to initialize! Check that the process is launched from PIX.
LogInit: Using libcurl 7.55.1-DEV
LogInit:  - built for x86_64-pc-win32
LogInit:  - supports SSL with OpenSSL/1.1.1
LogInit:  - supports HTTP deflate (compression) using libz 1.2.8
LogInit:  - other features:
LogInit:      CURL_VERSION_SSL
LogInit:      CURL_VERSION_LIBZ
LogInit:      CURL_VERSION_IPV6
LogInit:      CURL_VERSION_ASYNCHDNS
LogInit:      CURL_VERSION_LARGEFILE
LogInit:      CURL_VERSION_IDN
LogInit:  CurlRequestOptions (configurable via config and command line):
LogInit:  - bVerifyPeer = true  - Libcurl will verify peer certificate
LogInit:  - bUseHttpProxy = false  - Libcurl will NOT use HTTP proxy
LogInit:  - bDontReuseConnections = false  - Libcurl will reuse connections
LogInit:  - MaxHostConnections = 16  - Libcurl will limit the number of connections to a host
LogInit:  - LocalHostAddr = Default
LogInit:  - BufferSize = 65536
LogOnline: OSS: Creating online subsystem instance for: NULL
LogInit: WinSock: version 1.1 (2.2), MaxSocks=32767, MaxUdp=65467
LogOnline: OSS: TryLoadSubsystemAndSetDefault: Loaded subsystem for module [NULL]
LogOculusPluginWrapper: OculusPlugin initialized successfully
LogHMD: Failed initializing OVRPlugin 1.59.0
LogInit: Build: ++UE4+Release-4.27-CL-17735300
LogInit: Engine Version: 4.27.1-17735300+++UE4+Release-4.27
LogInit: Compatible Engine Version: 4.27.0-17155196+++UE4+Release-4.27
LogInit: Net CL: 17155196
LogInit: OS: Windows 10 (Release 2009) (), CPU: AMD Ryzen 5 2600 Six-Core Processor            , GPU: NVIDIA GeForce RTX 3070
LogInit: Compiled (64-bit): Oct  6 2021 14:42:51
LogInit: Compiled with Visual C++: 19.24.28315.00
LogInit: Build Configuration: Development
LogInit: Branch Name: ++UE4+Release-4.27
LogInit: Command Line:  -skipcompile
LogInit: Base Directory: X:/Epic Games/Games4Epic/UE_4.27/Engine/Binaries/Win64/
LogInit: Allocator: TBB
LogInit: Installed Engine Build: 1
LogDevObjectVersion: Number of dev versions registered: 29
LogDevObjectVersion:   Dev-Blueprints (B0D832E4-1F89-4F0D-ACCF-7EB736FD4AA2): 10
LogDevObjectVersion:   Dev-Build (E1C64328-A22C-4D53-A36C-8E866417BD8C): 0
LogDevObjectVersion:   Dev-Core (375EC13C-06E4-48FB-B500-84F0262A717E): 4
LogDevObjectVersion:   Dev-Editor (E4B068ED-F494-42E9-A231-DA0B2E46BB41): 40
LogDevObjectVersion:   Dev-Framework (CFFC743F-43B0-4480-9391-14DF171D2073): 37
LogDevObjectVersion:   Dev-Mobile (B02B49B5-BB20-44E9-A304-32B752E40360): 3
LogDevObjectVersion:   Dev-Networking (A4E4105C-59A1-49B5-A7C5-40C4547EDFEE): 0
LogDevObjectVersion:   Dev-Online (39C831C9-5AE6-47DC-9A44-9C173E1C8E7C): 0
LogDevObjectVersion:   Dev-Physics (78F01B33-EBEA-4F98-B9B4-84EACCB95AA2): 14
LogDevObjectVersion:   Dev-Platform (6631380F-2D4D-43E0-8009-CF276956A95A): 0
LogDevObjectVersion:   Dev-Rendering (12F88B9F-8875-4AFC-A67C-D90C383ABD29): 45
LogDevObjectVersion:   Dev-Sequencer (7B5AE74C-D270-4C10-A958-57980B212A5A): 13
LogDevObjectVersion:   Dev-VR (D7296918-1DD6-4BDD-9DE2-64A83CC13884): 3
LogDevObjectVersion:   Dev-LoadTimes (C2A15278-BFE7-4AFE-6C17-90FF531DF755): 1
LogDevObjectVersion:   Private-Geometry (6EACA3D4-40EC-4CC1-B786-8BED09428FC5): 3
LogDevObjectVersion:   Dev-AnimPhys (29E575DD-E0A3-4627-9D10-D276232CDCEA): 17
LogDevObjectVersion:   Dev-Anim (AF43A65D-7FD3-4947-9873-3E8ED9C1BB05): 15
LogDevObjectVersion:   Dev-ReflectionCapture (6B266CEC-1EC7-4B8F-A30B-E4D90942FC07): 1
LogDevObjectVersion:   Dev-Automation (0DF73D61-A23F-47EA-B727-89E90C41499A): 1
LogDevObjectVersion:   FortniteMain (601D1886-AC64-4F84-AA16-D3DE0DEAC7D6): 47
LogDevObjectVersion:   FortniteRelease (E7086368-6B23-4C58-8439-1B7016265E91): 1
LogDevObjectVersion:   Dev-Enterprise (9DFFBCD6-494F-0158-E221-12823C92A888): 10
LogDevObjectVersion:   Dev-Niagara (F2AED0AC-9AFE-416F-8664-AA7FFA26D6FC): 1
LogDevObjectVersion:   Dev-Destruction (174F1F0B-B4C6-45A5-B13F-2EE8D0FB917D): 10
LogDevObjectVersion:   Dev-Physics-Ext (35F94A83-E258-406C-A318-09F59610247C): 41
LogDevObjectVersion:   Dev-PhysicsMaterial-Chaos (B68FC16E-8B1B-42E2-B453-215C058844FE): 1
LogDevObjectVersion:   Dev-CineCamera (B2E18506-4273-CFC2-A54E-F4BB758BBA07): 1
LogDevObjectVersion:   Dev-VirtualProduction (64F58936-FD1B-42BA-BA96-7289D5D0FA4E): 1
LogDevObjectVersion:   Dev-MediaFramework (6F0ED827-A609-4895-9C91-998D90180EA4): 2
LogInit: Presizing for max 25165824 objects, including 0 objects not considered by GC, pre-allocating 0 bytes for permanent pool.
LogConfig: Applying CVar settings from Section [/Script/Engine.StreamingSettings] File [X:/Repo/UnrealFPS/UnrealFPSExperiment/FPSExperiment/Saved/Config/Windows/Engine.ini]
LogConfig: Setting CVar [[s.MinBulkDataSizeForAsyncLoading:131072]]
LogConfig: Setting CVar [[s.AsyncLoadingThreadEnabled:0]]
LogConfig: Setting CVar [[s.EventDrivenLoaderEnabled:1]]
LogConfig: Setting CVar [[s.WarnIfTimeLimitExceeded:0]]
LogConfig: Setting CVar [[s.TimeLimitExceededMultiplier:1.5]]
LogConfig: Setting CVar [[s.TimeLimitExceededMinTime:0.005]]
LogConfig: Setting CVar [[s.UseBackgroundLevelStreaming:1]]
LogConfig: Setting CVar [[s.PriorityAsyncLoadingExtraTime:15.0]]
LogConfig: Setting CVar [[s.LevelStreamingActorsUpdateTimeLimit:5.0]]
LogConfig: Setting CVar [[s.PriorityLevelStreamingActorsUpdateExtraTime:5.0]]
LogConfig: Setting CVar [[s.LevelStreamingComponentsRegistrationGranularity:10]]
LogConfig: Setting CVar [[s.UnregisterComponentsTimeLimit:1.0]]
LogConfig: Setting CVar [[s.LevelStreamingComponentsUnregistrationGranularity:5]]
LogConfig: Setting CVar [[s.FlushStreamingOnExit:1]]
LogInit: Object subsystem initialized
LogConfig: Setting CVar [[con.DebugEarlyDefault:1]]
LogConfig: Setting CVar [[r.setres:1280x720]]
[2022.03.29-21.31.47:018][  0]LogConfig: Setting CVar [[r.VSync:0]]
[2022.03.29-21.31.47:018][  0]LogConfig: Setting CVar [[r.RHICmdBypass:0]]
[2022.03.29-21.31.47:018][  0]LogConfig: Applying CVar settings from Section [/Script/Engine.RendererSettings] File [X:/Repo/UnrealFPS/UnrealFPSExperiment/FPSExperiment/Saved/Config/Windows/Engine.ini]
[2022.03.29-21.31.47:019][  0]LogConfig: Setting CVar [[r.GPUCrashDebugging:0]]
[2022.03.29-21.31.47:019][  0]LogConfig: Applying CVar settings from Section [/Script/Engine.RendererOverrideSettings] File [X:/Repo/UnrealFPS/UnrealFPSExperiment/FPSExperiment/Saved/Config/Windows/Engine.ini]
[2022.03.29-21.31.47:019][  0]LogConfig: Applying CVar settings from Section [/Script/Engine.StreamingSettings] File [X:/Repo/UnrealFPS/UnrealFPSExperiment/FPSExperiment/Saved/Config/Windows/Engine.ini]
[2022.03.29-21.31.47:019][  0]LogConfig: Setting CVar [[s.MinBulkDataSizeForAsyncLoading:131072]]
[2022.03.29-21.31.47:019][  0]LogConfig: Setting CVar [[s.AsyncLoadingThreadEnabled:0]]
[2022.03.29-21.31.47:019][  0]LogConfig: Setting CVar [[s.EventDrivenLoaderEnabled:1]]
[2022.03.29-21.31.47:019][  0]LogConfig: Setting CVar [[s.WarnIfTimeLimitExceeded:0]]
[2022.03.29-21.31.47:019][  0]LogConfig: Setting CVar [[s.TimeLimitExceededMultiplier:1.5]]
[2022.03.29-21.31.47:019][  0]LogConfig: Setting CVar [[s.TimeLimitExceededMinTime:0.005]]
[2022.03.29-21.31.47:019][  0]LogConfig: Setting CVar [[s.UseBackgroundLevelStreaming:1]]
[2022.03.29-21.31.47:019][  0]LogConfig: Setting CVar [[s.PriorityAsyncLoadingExtraTime:15.0]]
[2022.03.29-21.31.47:019][  0]LogConfig: Setting CVar [[s.LevelStreamingActorsUpdateTimeLimit:5.0]]
[2022.03.29-21.31.47:019][  0]LogConfig: Setting CVar [[s.PriorityLevelStreamingActorsUpdateExtraTime:5.0]]
[2022.03.29-21.31.47:019][  0]LogConfig: Setting CVar [[s.LevelStreamingComponentsRegistrationGranularity:10]]
[2022.03.29-21.31.47:019][  0]LogConfig: Setting CVar [[s.UnregisterComponentsTimeLimit:1.0]]
[2022.03.29-21.31.47:019][  0]LogConfig: Setting CVar [[s.LevelStreamingComponentsUnregistrationGranularity:5]]
[2022.03.29-21.31.47:019][  0]LogConfig: Setting CVar [[s.FlushStreamingOnExit:1]]
[2022.03.29-21.31.47:019][  0]LogConfig: Applying CVar settings from Section [/Script/Engine.GarbageCollectionSettings] File [X:/Repo/UnrealFPS/UnrealFPSExperiment/FPSExperiment/Saved/Config/Windows/Engine.ini]
[2022.03.29-21.31.47:019][  0]LogConfig: Setting CVar [[gc.MaxObjectsNotConsideredByGC:1]]
[2022.03.29-21.31.47:019][  0]LogConfig: Setting CVar [[gc.SizeOfPermanentObjectPool:0]]
[2022.03.29-21.31.47:020][  0]LogConfig: Setting CVar [[gc.FlushStreamingOnGC:0]]
[2022.03.29-21.31.47:020][  0]LogConfig: Setting CVar [[gc.NumRetriesBeforeForcingGC:10]]
[2022.03.29-21.31.47:020][  0]LogConfig: Setting CVar [[gc.AllowParallelGC:1]]
[2022.03.29-21.31.47:020][  0]LogConfig: Setting CVar [[gc.TimeBetweenPurgingPendingKillObjects:61.1]]
[2022.03.29-21.31.47:020][  0]LogConfig: Setting CVar [[gc.MaxObjectsInEditor:25165824]]
[2022.03.29-21.31.47:020][  0]LogConfig: Setting CVar [[gc.IncrementalBeginDestroyEnabled:1]]
[2022.03.29-21.31.47:020][  0]LogConfig: Setting CVar [[gc.CreateGCClusters:1]]
[2022.03.29-21.31.47:020][  0]LogConfig: Setting CVar [[gc.MinGCClusterSize:5]]
[2022.03.29-21.31.47:020][  0]LogConfig: Setting CVar [[gc.ActorClusteringEnabled:0]]
[2022.03.29-21.31.47:020][  0]LogConfig: Setting CVar [[gc.BlueprintClusteringEnabled:0]]
[2022.03.29-21.31.47:020][  0]LogConfig: Setting CVar [[gc.UseDisregardForGCOnDedicatedServers:0]]
[2022.03.29-21.31.47:020][  0]LogConfig: Setting CVar [[gc.MultithreadedDestructionEnabled:1]]
[2022.03.29-21.31.47:020][  0]LogConfig: Applying CVar settings from Section [/Script/Engine.NetworkSettings] File [X:/Repo/UnrealFPS/UnrealFPSExperiment/FPSExperiment/Saved/Config/Windows/Engine.ini]
[2022.03.29-21.31.47:020][  0]LogConfig: Applying CVar settings from Section [/Script/UnrealEd.CookerSettings] File [X:/Repo/UnrealFPS/UnrealFPSExperiment/FPSExperiment/Saved/Config/Windows/Engine.ini]
[2022.03.29-21.31.47:042][  0]LogConfig: Applying CVar settings from Section [ViewDistanceQuality@3] File [X:/Repo/UnrealFPS/UnrealFPSExperiment/FPSExperiment/Saved/Config/Windows/Scalability.ini]
[2022.03.29-21.31.47:044][  0]LogConfig: Setting CVar [[r.SkeletalMeshLODBias:0]]
[2022.03.29-21.31.47:044][  0]LogConfig: Setting CVar [[r.ViewDistanceScale:1.0]]
[2022.03.29-21.31.47:044][  0]LogConfig: Applying CVar settings from Section [AntiAliasingQuality@3] File [X:/Repo/UnrealFPS/UnrealFPSExperiment/FPSExperiment/Saved/Config/Windows/Scalability.ini]
[2022.03.29-21.31.47:044][  0]LogConfig: Setting CVar [[r.PostProcessAAQuality:4]]
[2022.03.29-21.31.47:044][  0]LogConfig: Applying CVar settings from Section [ShadowQuality@3] File [X:/Repo/UnrealFPS/UnrealFPSExperiment/FPSExperiment/Saved/Config/Windows/Scalability.ini]
[2022.03.29-21.31.47:044][  0]LogConfig: Setting CVar [[r.LightFunctionQuality:1]]
[2022.03.29-21.31.47:044][  0]LogConfig: Setting CVar [[r.ShadowQuality:5]]
[2022.03.29-21.31.47:045][  0]LogConfig: Setting CVar [[r.Shadow.CSM.MaxCascades:10]]
[2022.03.29-21.31.47:045][  0]LogConfig: Setting CVar [[r.Shadow.MaxResolution:2048]]
[2022.03.29-21.31.47:045][  0]LogConfig: Setting CVar [[r.Shadow.MaxCSMResolution:2048]]
[2022.03.29-21.31.47:045][  0]LogConfig: Setting CVar [[r.Shadow.RadiusThreshold:0.01]]
[2022.03.29-21.31.47:045][  0]LogConfig: Setting CVar [[r.Shadow.DistanceScale:1.0]]
[2022.03.29-21.31.47:045][  0]LogConfig: Setting CVar [[r.Shadow.CSM.TransitionScale:1.0]]
[2022.03.29-21.31.47:045][  0]LogConfig: Setting CVar [[r.Shadow.PreShadowResolutionFactor:1.0]]
[2022.03.29-21.31.47:045][  0]LogConfig: Setting CVar [[r.DistanceFieldShadowing:1]]
[2022.03.29-21.31.47:045][  0]LogConfig: Setting CVar [[r.DistanceFieldAO:1]]
[2022.03.29-21.31.47:045][  0]LogConfig: Setting CVar [[r.AOQuality:2]]
[2022.03.29-21.31.47:047][  0]LogConfig: Setting CVar [[r.VolumetricFog:1]]
[2022.03.29-21.31.47:047][  0]LogConfig: Setting CVar [[r.VolumetricFog.GridPixelSize:8]]
[2022.03.29-21.31.47:047][  0]LogConfig: Setting CVar [[r.VolumetricFog.GridSizeZ:128]]
[2022.03.29-21.31.47:047][  0]LogConfig: Setting CVar [[r.VolumetricFog.HistoryMissSupersampleCount:4]]
[2022.03.29-21.31.47:047][  0]LogConfig: Setting CVar [[r.LightMaxDrawDistanceScale:1]]
[2022.03.29-21.31.47:047][  0]LogConfig: Setting CVar [[r.CapsuleShadows:1]]
[2022.03.29-21.31.47:047][  0]LogConfig: Applying CVar settings from Section [PostProcessQuality@3] File [X:/Repo/UnrealFPS/UnrealFPSExperiment/FPSExperiment/Saved/Config/Windows/Scalability.ini]
[2022.03.29-21.31.47:047][  0]LogConfig: Setting CVar [[r.MotionBlurQuality:4]]
[2022.03.29-21.31.47:047][  0]LogConfig: Setting CVar [[r.AmbientOcclusionMipLevelFactor:0.4]]
[2022.03.29-21.31.47:048][  0]LogConfig: Setting CVar [[r.AmbientOcclusionMaxQuality:100]]
[2022.03.29-21.31.47:048][  0]LogConfig: Setting CVar [[r.AmbientOcclusionLevels:-1]]
[2022.03.29-21.31.47:048][  0]LogConfig: Setting CVar [[r.AmbientOcclusionRadiusScale:1.0]]
[2022.03.29-21.31.47:048][  0]LogConfig: Setting CVar [[r.DepthOfFieldQuality:2]]
[2022.03.29-21.31.47:048][  0]LogConfig: Setting CVar [[r.RenderTargetPoolMin:400]]
[2022.03.29-21.31.47:048][  0]LogConfig: Setting CVar [[r.LensFlareQuality:2]]
[2022.03.29-21.31.47:048][  0]LogConfig: Setting CVar [[r.SceneColorFringeQuality:1]]
[2022.03.29-21.31.47:048][  0]LogConfig: Setting CVar [[r.EyeAdaptationQuality:2]]
[2022.03.29-21.31.47:048][  0]LogConfig: Setting CVar [[r.BloomQuality:5]]
[2022.03.29-21.31.47:048][  0]LogConfig: Setting CVar [[r.FastBlurThreshold:100]]
[2022.03.29-21.31.47:048][  0]LogConfig: Setting CVar [[r.Upscale.Quality:3]]
[2022.03.29-21.31.47:048][  0]LogConfig: Setting CVar [[r.Tonemapper.GrainQuantization:1]]
[2022.03.29-21.31.47:048][  0]LogConfig: Setting CVar [[r.LightShaftQuality:1]]
[2022.03.29-21.31.47:048][  0]LogConfig: Setting CVar [[r.Filter.SizeScale:1]]
[2022.03.29-21.31.47:048][  0]LogConfig: Setting CVar [[r.Tonemapper.Quality:5]]
[2022.03.29-21.31.47:049][  0]LogConfig: Setting CVar [[r.DOF.Gather.AccumulatorQuality:1        ; higher gathering accumulator quality]]
[2022.03.29-21.31.47:049][  0]LogConfig: Setting CVar [[r.DOF.Gather.PostfilterMethod:1          ; Median3x3 postfilering method]]
[2022.03.29-21.31.47:049][  0]LogConfig: Setting CVar [[r.DOF.Gather.EnableBokehSettings:0       ; no bokeh simulation when gathering]]
[2022.03.29-21.31.47:049][  0]LogConfig: Setting CVar [[r.DOF.Gather.RingCount:4                 ; medium number of samples when gathering]]
[2022.03.29-21.31.47:049][  0]LogConfig: Setting CVar [[r.DOF.Scatter.ForegroundCompositing:1    ; additive foreground scattering]]
[2022.03.29-21.31.47:049][  0]LogConfig: Setting CVar [[r.DOF.Scatter.BackgroundCompositing:2    ; additive background scattering]]
[2022.03.29-21.31.47:049][  0]LogConfig: Setting CVar [[r.DOF.Scatter.EnableBokehSettings:1      ; bokeh simulation when scattering]]
[2022.03.29-21.31.47:049][  0]LogConfig: Setting CVar [[r.DOF.Scatter.MaxSpriteRatio:0.1         ; only a maximum of 10% of scattered bokeh]]
[2022.03.29-21.31.47:049][  0]LogConfig: Setting CVar [[r.DOF.Recombine.Quality:1                ; cheap slight out of focus]]
[2022.03.29-21.31.47:049][  0]LogConfig: Setting CVar [[r.DOF.Recombine.EnableBokehSettings:0    ; no bokeh simulation on slight out of focus]]
[2022.03.29-21.31.47:049][  0]LogConfig: Setting CVar [[r.DOF.TemporalAAQuality:1                ; more stable temporal accumulation]]
[2022.03.29-21.31.47:049][  0]LogConfig: Setting CVar [[r.DOF.Kernel.MaxForegroundRadius:0.025]]
[2022.03.29-21.31.47:049][  0]LogConfig: Setting CVar [[r.DOF.Kernel.MaxBackgroundRadius:0.025]]
[2022.03.29-21.31.47:049][  0]LogConfig: Applying CVar settings from Section [TextureQuality@3] File [X:/Repo/UnrealFPS/UnrealFPSExperiment/FPSExperiment/Saved/Config/Windows/Scalability.ini]
[2022.03.29-21.31.47:049][  0]LogConfig: Setting CVar [[r.Streaming.MipBias:0]]
[2022.03.29-21.31.47:049][  0]LogConfig: Setting CVar [[r.Streaming.AmortizeCPUToGPUCopy:0]]
[2022.03.29-21.31.47:049][  0]LogConfig: Setting CVar [[r.Streaming.MaxNumTexturesToStreamPerFrame:0]]
[2022.03.29-21.31.47:050][  0]LogConfig: Setting CVar [[r.Streaming.Boost:1]]
[2022.03.29-21.31.47:050][  0]LogConfig: Setting CVar [[r.MaxAnisotropy:8]]
[2022.03.29-21.31.47:050][  0]LogConfig: Setting CVar [[r.VT.MaxAnisotropy:8]]
[2022.03.29-21.31.47:050][  0]LogConfig: Setting CVar [[r.Streaming.LimitPoolSizeToVRAM:0]]
[2022.03.29-21.31.47:050][  0]LogConfig: Setting CVar [[r.Streaming.PoolSize:1000]]
[2022.03.29-21.31.47:050][  0]LogConfig: Setting CVar [[r.Streaming.MaxEffectiveScreenSize:0]]
[2022.03.29-21.31.47:050][  0]LogConfig: Applying CVar settings from Section [EffectsQuality@3] File [X:/Repo/UnrealFPS/UnrealFPSExperiment/FPSExperiment/Saved/Config/Windows/Scalability.ini]
[2022.03.29-21.31.47:050][  0]LogConfig: Setting CVar [[r.TranslucencyLightingVolumeDim:64]]
[2022.03.29-21.31.47:050][  0]LogConfig: Setting CVar [[r.RefractionQuality:2]]
[2022.03.29-21.31.47:050][  0]LogConfig: Setting CVar [[r.SSR.Quality:3]]
[2022.03.29-21.31.47:050][  0]LogConfig: Setting CVar [[r.SSR.HalfResSceneColor:0]]
[2022.03.29-21.31.47:050][  0]LogConfig: Setting CVar [[r.SceneColorFormat:4]]
[2022.03.29-21.31.47:050][  0]LogConfig: Setting CVar [[r.DetailMode:2]]
[2022.03.29-21.31.47:050][  0]LogConfig: Setting CVar [[r.TranslucencyVolumeBlur:1]]
[2022.03.29-21.31.47:050][  0]LogConfig: Setting CVar [[r.MaterialQualityLevel:1 ; High quality]]
[2022.03.29-21.31.47:050][  0]LogConfig: Setting CVar [[r.AnisotropicMaterials:1]]
[2022.03.29-21.31.47:050][  0]LogConfig: Setting CVar [[r.SSS.Scale:1]]
[2022.03.29-21.31.47:051][  0]LogConfig: Setting CVar [[r.SSS.SampleSet:2]]
[2022.03.29-21.31.47:051][  0]LogConfig: Setting CVar [[r.SSS.Quality:1]]
[2022.03.29-21.31.47:051][  0]LogConfig: Setting CVar [[r.SSS.HalfRes:0]]
[2022.03.29-21.31.47:051][  0]LogConfig: Setting CVar [[r.SSGI.Quality:3]]
[2022.03.29-21.31.47:051][  0]LogConfig: Setting CVar [[r.EmitterSpawnRateScale:1.0]]
[2022.03.29-21.31.47:051][  0]LogConfig: Setting CVar [[r.ParticleLightQuality:2]]
[2022.03.29-21.31.47:051][  0]LogConfig: Setting CVar [[r.SkyAtmosphere.AerialPerspectiveLUT.FastApplyOnOpaque:1 ; Always have FastSkyLUT 1 in this case to avoid wrong sky]]
[2022.03.29-21.31.47:051][  0]LogConfig: Setting CVar [[r.SkyAtmosphere.AerialPerspectiveLUT.SampleCountMaxPerSlice:4]]
[2022.03.29-21.31.47:051][  0]LogConfig: Setting CVar [[r.SkyAtmosphere.AerialPerspectiveLUT.DepthResolution:16.0]]
[2022.03.29-21.31.47:051][  0]LogConfig: Setting CVar [[r.SkyAtmosphere.FastSkyLUT:1]]
[2022.03.29-21.31.47:051][  0]LogConfig: Setting CVar [[r.SkyAtmosphere.FastSkyLUT.SampleCountMin:4.0]]
[2022.03.29-21.31.47:051][  0]LogConfig: Setting CVar [[r.SkyAtmosphere.FastSkyLUT.SampleCountMax:128.0]]
[2022.03.29-21.31.47:051][  0]LogConfig: Setting CVar [[r.SkyAtmosphere.SampleCountMin:4.0]]
[2022.03.29-21.31.47:051][  0]LogConfig: Setting CVar [[r.SkyAtmosphere.SampleCountMax:128.0]]
[2022.03.29-21.31.47:052][  0]LogConfig: Setting CVar [[r.SkyAtmosphere.TransmittanceLUT.UseSmallFormat:0]]
[2022.03.29-21.31.47:052][  0]LogConfig: Setting CVar [[r.SkyAtmosphere.TransmittanceLUT.SampleCount:10.0]]
[2022.03.29-21.31.47:052][  0]LogConfig: Setting CVar [[r.SkyAtmosphere.MultiScatteringLUT.SampleCount:15.0]]
[2022.03.29-21.31.47:052][  0]LogConfig: Setting CVar [[r.SkyLight.RealTimeReflectionCapture:1]]
[2022.03.29-21.31.47:052][  0]LogConfig: Applying CVar settings from Section [FoliageQuality@3] File [X:/Repo/UnrealFPS/UnrealFPSExperiment/FPSExperiment/Saved/Config/Windows/Scalability.ini]
[2022.03.29-21.31.47:052][  0]LogConfig: Setting CVar [[foliage.DensityScale:1.0]]
[2022.03.29-21.31.47:052][  0]LogConfig: Setting CVar [[grass.DensityScale:1.0]]
[2022.03.29-21.31.47:052][  0]LogConfig: Applying CVar settings from Section [ShadingQuality@3] File [X:/Repo/UnrealFPS/UnrealFPSExperiment/FPSExperiment/Saved/Config/Windows/Scalability.ini]
[2022.03.29-21.31.47:052][  0]LogConfig: Setting CVar [[r.HairStrands.SkyLighting.IntegrationType:2]]
[2022.03.29-21.31.47:052][  0]LogConfig: Setting CVar [[r.HairStrands.SkyAO.SampleCount:4]]
[2022.03.29-21.31.47:052][  0]LogConfig: Setting CVar [[r.HairStrands.Visibility.MSAA.SamplePerPixel:4]]
[2022.03.29-21.31.47:052][  0]LogInit: Selected Device Profile: [Windows]
[2022.03.29-21.31.47:052][  0]LogInit: Applying CVar settings loaded from the selected device profile: [Windows]
[2022.03.29-21.31.47:052][  0]LogHAL: Display: Platform has ~ 32 GB [34307088384 / 34359738368 / 32], which maps to Largest [LargestMinGB=32, LargerMinGB=12, DefaultMinGB=8, SmallerMinGB=6, SmallestMinGB=0)
[2022.03.29-21.31.47:052][  0]LogInit: Going up to parent DeviceProfile []
[2022.03.29-21.31.47:053][  0]LogConfig: Applying CVar settings from Section [ViewDistanceQuality@3] File [X:/Repo/UnrealFPS/UnrealFPSExperiment/FPSExperiment/Saved/Config/Windows/Scalability.ini]
[2022.03.29-21.31.47:053][  0]LogConfig: Setting CVar [[r.SkeletalMeshLODBias:0]]
[2022.03.29-21.31.47:053][  0]LogConfig: Setting CVar [[r.ViewDistanceScale:1.0]]
[2022.03.29-21.31.47:053][  0]LogConfig: Applying CVar settings from Section [AntiAliasingQuality@3] File [X:/Repo/UnrealFPS/UnrealFPSExperiment/FPSExperiment/Saved/Config/Windows/Scalability.ini]
[2022.03.29-21.31.47:053][  0]LogConfig: Setting CVar [[r.PostProcessAAQuality:4]]
[2022.03.29-21.31.47:053][  0]LogConfig: Applying CVar settings from Section [ShadowQuality@3] File [X:/Repo/UnrealFPS/UnrealFPSExperiment/FPSExperiment/Saved/Config/Windows/Scalability.ini]
[2022.03.29-21.31.47:053][  0]LogConfig: Setting CVar [[r.LightFunctionQuality:1]]
[2022.03.29-21.31.47:053][  0]LogConfig: Setting CVar [[r.ShadowQuality:5]]
[2022.03.29-21.31.47:053][  0]LogConfig: Setting CVar [[r.Shadow.CSM.MaxCascades:10]]
[2022.03.29-21.31.47:053][  0]LogConfig: Setting CVar [[r.Shadow.MaxResolution:2048]]
[2022.03.29-21.31.47:053][  0]LogConfig: Setting CVar [[r.Shadow.MaxCSMResolution:2048]]
[2022.03.29-21.31.47:053][  0]LogConfig: Setting CVar [[r.Shadow.RadiusThreshold:0.01]]
[2022.03.29-21.31.47:053][  0]LogConfig: Setting CVar [[r.Shadow.DistanceScale:1.0]]
[2022.03.29-21.31.47:053][  0]LogConfig: Setting CVar [[r.Shadow.CSM.TransitionScale:1.0]]
[2022.03.29-21.31.47:053][  0]LogConfig: Setting CVar [[r.Shadow.PreShadowResolutionFactor:1.0]]
[2022.03.29-21.31.47:053][  0]LogConfig: Setting CVar [[r.DistanceFieldShadowing:1]]
[2022.03.29-21.31.47:054][  0]LogConfig: Setting CVar [[r.DistanceFieldAO:1]]
[2022.03.29-21.31.47:054][  0]LogConfig: Setting CVar [[r.AOQuality:2]]
[2022.03.29-21.31.47:054][  0]LogConfig: Setting CVar [[r.VolumetricFog:1]]
[2022.03.29-21.31.47:054][  0]LogConfig: Setting CVar [[r.VolumetricFog.GridPixelSize:8]]
[2022.03.29-21.31.47:054][  0]LogConfig: Setting CVar [[r.VolumetricFog.GridSizeZ:128]]
[2022.03.29-21.31.47:054][  0]LogConfig: Setting CVar [[r.VolumetricFog.HistoryMissSupersampleCount:4]]
[2022.03.29-21.31.47:054][  0]LogConfig: Setting CVar [[r.LightMaxDrawDistanceScale:1]]
[2022.03.29-21.31.47:054][  0]LogConfig: Setting CVar [[r.CapsuleShadows:1]]
[2022.03.29-21.31.47:054][  0]LogConfig: Applying CVar settings from Section [PostProcessQuality@3] File [X:/Repo/UnrealFPS/UnrealFPSExperiment/FPSExperiment/Saved/Config/Windows/Scalability.ini]
[2022.03.29-21.31.47:054][  0]LogConfig: Setting CVar [[r.MotionBlurQuality:4]]
[2022.03.29-21.31.47:054][  0]LogConfig: Setting CVar [[r.AmbientOcclusionMipLevelFactor:0.4]]
[2022.03.29-21.31.47:054][  0]LogConfig: Setting CVar [[r.AmbientOcclusionMaxQuality:100]]
[2022.03.29-21.31.47:054][  0]LogConfig: Setting CVar [[r.AmbientOcclusionLevels:-1]]
[2022.03.29-21.31.47:054][  0]LogConfig: Setting CVar [[r.AmbientOcclusionRadiusScale:1.0]]
[2022.03.29-21.31.47:054][  0]LogConfig: Setting CVar [[r.DepthOfFieldQuality:2]]
[2022.03.29-21.31.47:055][  0]LogConfig: Setting CVar [[r.RenderTargetPoolMin:400]]
[2022.03.29-21.31.47:055][  0]LogConfig: Setting CVar [[r.LensFlareQuality:2]]
[2022.03.29-21.31.47:055][  0]LogConfig: Setting CVar [[r.SceneColorFringeQuality:1]]
[2022.03.29-21.31.47:055][  0]LogConfig: Setting CVar [[r.EyeAdaptationQuality:2]]
[2022.03.29-21.31.47:055][  0]LogConfig: Setting CVar [[r.BloomQuality:5]]
[2022.03.29-21.31.47:055][  0]LogConfig: Setting CVar [[r.FastBlurThreshold:100]]
[2022.03.29-21.31.47:055][  0]LogConfig: Setting CVar [[r.Upscale.Quality:3]]
[2022.03.29-21.31.47:055][  0]LogConfig: Setting CVar [[r.Tonemapper.GrainQuantization:1]]
[2022.03.29-21.31.47:055][  0]LogConfig: Setting CVar [[r.LightShaftQuality:1]]
[2022.03.29-21.31.47:055][  0]LogConfig: Setting CVar [[r.Filter.SizeScale:1]]
[2022.03.29-21.31.47:055][  0]LogConfig: Setting CVar [[r.Tonemapper.Quality:5]]
[2022.03.29-21.31.47:055][  0]LogConfig: Setting CVar [[r.DOF.Gather.AccumulatorQuality:1        ; higher gathering accumulator quality]]
[2022.03.29-21.31.47:055][  0]LogConfig: Setting CVar [[r.DOF.Gather.PostfilterMethod:1          ; Median3x3 postfilering method]]
[2022.03.29-21.31.47:055][  0]LogConfig: Setting CVar [[r.DOF.Gather.EnableBokehSettings:0       ; no bokeh simulation when gathering]]
[2022.03.29-21.31.47:055][  0]LogConfig: Setting CVar [[r.DOF.Gather.RingCount:4                 ; medium number of samples when gathering]]
[2022.03.29-21.31.47:055][  0]LogConfig: Setting CVar [[r.DOF.Scatter.ForegroundCompositing:1    ; additive foreground scattering]]
[2022.03.29-21.31.47:056][  0]LogConfig: Setting CVar [[r.DOF.Scatter.BackgroundCompositing:2    ; additive background scattering]]
[2022.03.29-21.31.47:056][  0]LogConfig: Setting CVar [[r.DOF.Scatter.EnableBokehSettings:1      ; bokeh simulation when scattering]]
[2022.03.29-21.31.47:056][  0]LogConfig: Setting CVar [[r.DOF.Scatter.MaxSpriteRatio:0.1         ; only a maximum of 10% of scattered bokeh]]
[2022.03.29-21.31.47:056][  0]LogConfig: Setting CVar [[r.DOF.Recombine.Quality:1                ; cheap slight out of focus]]
[2022.03.29-21.31.47:056][  0]LogConfig: Setting CVar [[r.DOF.Recombine.EnableBokehSettings:0    ; no bokeh simulation on slight out of focus]]
[2022.03.29-21.31.47:056][  0]LogConfig: Setting CVar [[r.DOF.TemporalAAQuality:1                ; more stable temporal accumulation]]
[2022.03.29-21.31.47:056][  0]LogConfig: Setting CVar [[r.DOF.Kernel.MaxForegroundRadius:0.025]]
[2022.03.29-21.31.47:056][  0]LogConfig: Setting CVar [[r.DOF.Kernel.MaxBackgroundRadius:0.025]]
[2022.03.29-21.31.47:056][  0]LogConfig: Applying CVar settings from Section [TextureQuality@3] File [X:/Repo/UnrealFPS/UnrealFPSExperiment/FPSExperiment/Saved/Config/Windows/Scalability.ini]
[2022.03.29-21.31.47:056][  0]LogConfig: Setting CVar [[r.Streaming.MipBias:0]]
[2022.03.29-21.31.47:056][  0]LogConfig: Setting CVar [[r.Streaming.AmortizeCPUToGPUCopy:0]]
[2022.03.29-21.31.47:056][  0]LogConfig: Setting CVar [[r.Streaming.MaxNumTexturesToStreamPerFrame:0]]
[2022.03.29-21.31.47:056][  0]LogConfig: Setting CVar [[r.Streaming.Boost:1]]
[2022.03.29-21.31.47:056][  0]LogConfig: Setting CVar [[r.MaxAnisotropy:8]]
[2022.03.29-21.31.47:056][  0]LogConfig: Setting CVar [[r.VT.MaxAnisotropy:8]]
[2022.03.29-21.31.47:056][  0]LogConfig: Setting CVar [[r.Streaming.LimitPoolSizeToVRAM:0]]
[2022.03.29-21.31.47:057][  0]LogConfig: Setting CVar [[r.Streaming.PoolSize:1000]]
[2022.03.29-21.31.47:057][  0]LogConfig: Setting CVar [[r.Streaming.MaxEffectiveScreenSize:0]]
[2022.03.29-21.31.47:057][  0]LogConfig: Applying CVar settings from Section [EffectsQuality@3] File [X:/Repo/UnrealFPS/UnrealFPSExperiment/FPSExperiment/Saved/Config/Windows/Scalability.ini]
[2022.03.29-21.31.47:057][  0]LogConfig: Setting CVar [[r.TranslucencyLightingVolumeDim:64]]
[2022.03.29-21.31.47:057][  0]LogConfig: Setting CVar [[r.RefractionQuality:2]]
[2022.03.29-21.31.47:057][  0]LogConfig: Setting CVar [[r.SSR.Quality:3]]
[2022.03.29-21.31.47:057][  0]LogConfig: Setting CVar [[r.SSR.HalfResSceneColor:0]]
[2022.03.29-21.31.47:057][  0]LogConfig: Setting CVar [[r.SceneColorFormat:4]]
[2022.03.29-21.31.47:057][  0]LogConfig: Setting CVar [[r.DetailMode:2]]
[2022.03.29-21.31.47:057][  0]LogConfig: Setting CVar [[r.TranslucencyVolumeBlur:1]]
[2022.03.29-21.31.47:057][  0]LogConfig: Setting CVar [[r.MaterialQualityLevel:1 ; High quality]]
[2022.03.29-21.31.47:057][  0]LogConfig: Setting CVar [[r.AnisotropicMaterials:1]]
[2022.03.29-21.31.47:057][  0]LogConfig: Setting CVar [[r.SSS.Scale:1]]
[2022.03.29-21.31.47:057][  0]LogConfig: Setting CVar [[r.SSS.SampleSet:2]]
[2022.03.29-21.31.47:058][  0]LogConfig: Setting CVar [[r.SSS.Quality:1]]
[2022.03.29-21.31.47:058][  0]LogConfig: Setting CVar [[r.SSS.HalfRes:0]]
[2022.03.29-21.31.47:058][  0]LogConfig: Setting CVar [[r.SSGI.Quality:3]]
[2022.03.29-21.31.47:058][  0]LogConfig: Setting CVar [[r.EmitterSpawnRateScale:1.0]]
[2022.03.29-21.31.47:058][  0]LogConfig: Setting CVar [[r.ParticleLightQuality:2]]
[2022.03.29-21.31.47:058][  0]LogConfig: Setting CVar [[r.SkyAtmosphere.AerialPerspectiveLUT.FastApplyOnOpaque:1 ; Always have FastSkyLUT 1 in this case to avoid wrong sky]]
[2022.03.29-21.31.47:058][  0]LogConfig: Setting CVar [[r.SkyAtmosphere.AerialPerspectiveLUT.SampleCountMaxPerSlice:4]]
[2022.03.29-21.31.47:058][  0]LogConfig: Setting CVar [[r.SkyAtmosphere.AerialPerspectiveLUT.DepthResolution:16.0]]
[2022.03.29-21.31.47:058][  0]LogConfig: Setting CVar [[r.SkyAtmosphere.FastSkyLUT:1]]
[2022.03.29-21.31.47:058][  0]LogConfig: Setting CVar [[r.SkyAtmosphere.FastSkyLUT.SampleCountMin:4.0]]
[2022.03.29-21.31.47:058][  0]LogConfig: Setting CVar [[r.SkyAtmosphere.FastSkyLUT.SampleCountMax:128.0]]
[2022.03.29-21.31.47:059][  0]LogConfig: Setting CVar [[r.SkyAtmosphere.SampleCountMin:4.0]]
[2022.03.29-21.31.47:059][  0]LogConfig: Setting CVar [[r.SkyAtmosphere.SampleCountMax:128.0]]
[2022.03.29-21.31.47:059][  0]LogConfig: Setting CVar [[r.SkyAtmosphere.TransmittanceLUT.UseSmallFormat:0]]
[2022.03.29-21.31.47:059][  0]LogConfig: Setting CVar [[r.SkyAtmosphere.TransmittanceLUT.SampleCount:10.0]]
[2022.03.29-21.31.47:059][  0]LogConfig: Setting CVar [[r.SkyAtmosphere.MultiScatteringLUT.SampleCount:15.0]]
[2022.03.29-21.31.47:059][  0]LogConfig: Setting CVar [[r.SkyLight.RealTimeReflectionCapture:1]]
[2022.03.29-21.31.47:059][  0]LogConfig: Applying CVar settings from Section [FoliageQuality@3] File [X:/Repo/UnrealFPS/UnrealFPSExperiment/FPSExperiment/Saved/Config/Windows/Scalability.ini]
[2022.03.29-21.31.47:059][  0]LogConfig: Setting CVar [[foliage.DensityScale:1.0]]
[2022.03.29-21.31.47:059][  0]LogConfig: Setting CVar [[grass.DensityScale:1.0]]
[2022.03.29-21.31.47:059][  0]LogConfig: Applying CVar settings from Section [ShadingQuality@3] File [X:/Repo/UnrealFPS/UnrealFPSExperiment/FPSExperiment/Saved/Config/Windows/Scalability.ini]
[2022.03.29-21.31.47:059][  0]LogConfig: Setting CVar [[r.HairStrands.SkyLighting.IntegrationType:2]]
[2022.03.29-21.31.47:059][  0]LogConfig: Setting CVar [[r.HairStrands.SkyAO.SampleCount:4]]
[2022.03.29-21.31.47:059][  0]LogConfig: Setting CVar [[r.HairStrands.Visibility.MSAA.SamplePerPixel:4]]
[2022.03.29-21.31.47:059][  0]LogConfig: Applying CVar settings from Section [Startup] File [../../../Engine/Config/ConsoleVariables.ini]
[2022.03.29-21.31.47:060][  0]LogConfig: Setting CVar [[net.UseAdaptiveNetUpdateFrequency:0]]
[2022.03.29-21.31.47:060][  0]LogConfig: Setting CVar [[p.chaos.AllowCreatePhysxBodies:1]]
[2022.03.29-21.31.47:060][  0]LogConfig: Setting CVar [[fx.SkipVectorVMBackendOptimizations:1]]
[2022.03.29-21.31.47:060][  0]LogConfig: Applying CVar settings from Section [ConsoleVariables] File [X:/Repo/UnrealFPS/UnrealFPSExperiment/FPSExperiment/Saved/Config/Windows/Engine.ini]
[2022.03.29-21.31.47:060][  0]LogConfig: Applying CVar settings from Section [ConsoleVariables] File [X:/Repo/UnrealFPS/UnrealFPSExperiment/FPSExperiment/Saved/Config/Windows/Editor.ini]
[2022.03.29-21.31.47:060][  0]LogInit: Computer: STYXBOX-2
[2022.03.29-21.31.47:060][  0]LogInit: User: Stickman
[2022.03.29-21.31.47:060][  0]LogInit: CPU Page size=4096, Cores=6
[2022.03.29-21.31.47:060][  0]LogInit: High frequency timer resolution =10.000000 MHz
[2022.03.29-21.31.47:061][  0]LogMemory: Memory total: Physical=32.0GB (32GB approx)
[2022.03.29-21.31.47:061][  0]LogMemory: Platform Memory Stats for Windows
[2022.03.29-21.31.47:061][  0]LogMemory: Process Physical Memory: 143.72 MB used, 143.72 MB peak
[2022.03.29-21.31.47:061][  0]LogMemory: Process Virtual Memory: 123.73 MB used, 123.73 MB peak
[2022.03.29-21.31.47:061][  0]LogMemory: Physical Memory: 15138.82 MB used,  17578.97 MB free, 32717.79 MB total
[2022.03.29-21.31.47:061][  0]LogMemory: Virtual Memory: 134204096.00 MB used,  13633.41 MB free, 134217728.00 MB total
[2022.03.29-21.31.47:073][  0]LogWindows: WindowsPlatformFeatures enabled
[2022.03.29-21.31.47:241][  0]LogInit: Physics initialised using underlying interface: PhysX
[2022.03.29-21.31.47:242][  0]LogInit: Using OS detected language (en-US).
[2022.03.29-21.31.47:243][  0]LogInit: Using OS detected locale (en-US).
[2022.03.29-21.31.47:245][  0]LogTextLocalizationManager: No specific localization for 'en-US' exists, so the 'en' localization will be used.
[2022.03.29-21.31.47:454][  0]LogInit: Setting process to per monitor DPI aware
[2022.03.29-21.31.47:501][  0]LogWindowsTextInputMethodSystem: Display: IME system deactivated.
[2022.03.29-21.31.47:521][  0]LogSlate: New Slate User Created.  User Index 0, Is Virtual User: 0
[2022.03.29-21.31.47:521][  0]LogSlate: Slate User Registered.  User Index 0, Is Virtual User: 0
[2022.03.29-21.31.47:679][  0]LogD3D11RHI: Loaded GFSDK_Aftermath_Lib.x64.dll
[2022.03.29-21.31.47:767][  0]LogHMD: Failed to initialize OpenVR with code 108
[2022.03.29-21.31.47:767][  0]LogD3D11RHI: D3D11 min allowed feature level: 11_0
[2022.03.29-21.31.47:767][  0]LogD3D11RHI: D3D11 max allowed feature level: 11_0
[2022.03.29-21.31.47:767][  0]LogD3D11RHI: D3D11 adapters:
[2022.03.29-21.31.47:906][  0]LogD3D11RHI:    0. 'NVIDIA GeForce RTX 3070' (Feature Level 11_0)
[2022.03.29-21.31.47:906][  0]LogD3D11RHI:       8043/0/16358 MB DedicatedVideo/DedicatedSystem/SharedSystem, Outputs:2, VendorId:0x10de
[2022.03.29-21.31.47:913][  0]LogD3D11RHI:    1. 'Microsoft Basic Render Driver' (Feature Level 11_0)
[2022.03.29-21.31.47:913][  0]LogD3D11RHI:       0/0/16358 MB DedicatedVideo/DedicatedSystem/SharedSystem, Outputs:0, VendorId:0x1414
[2022.03.29-21.31.47:913][  0]LogD3D11RHI: Chosen D3D11 Adapter:
[2022.03.29-21.31.47:913][  0]LogD3D11RHI:     Description : NVIDIA GeForce RTX 3070
[2022.03.29-21.31.47:913][  0]LogD3D11RHI:     VendorId    : 10de
[2022.03.29-21.31.47:913][  0]LogD3D11RHI:     DeviceId    : 2488
[2022.03.29-21.31.47:913][  0]LogD3D11RHI:     SubSysId    : 47553842
[2022.03.29-21.31.47:913][  0]LogD3D11RHI:     Revision    : 00a1
[2022.03.29-21.31.47:913][  0]LogD3D11RHI:     DedicatedVideoMemory : 8433696768 bytes
[2022.03.29-21.31.47:913][  0]LogD3D11RHI:     DedicatedSystemMemory : 0 bytes
[2022.03.29-21.31.47:913][  0]LogD3D11RHI:     SharedSystemMemory : 17153544192 bytes
[2022.03.29-21.31.47:913][  0]LogD3D11RHI:     AdapterLuid : 0 56512
[2022.03.29-21.31.47:924][  0]LogD3D11RHI: Creating new Direct3DDevice
[2022.03.29-21.31.47:924][  0]LogD3D11RHI:     GPU DeviceId: 0x2488 (for the marketing name, search the web for "GPU Device Id")
[2022.03.29-21.31.47:924][  0]LogWindows: EnumDisplayDevices:
[2022.03.29-21.31.47:925][  0]LogWindows:    0. 'NVIDIA GeForce RTX 3070' (P:0 D:1)
[2022.03.29-21.31.47:925][  0]LogWindows:    1. 'NVIDIA GeForce RTX 3070' (P:1 D:1)
[2022.03.29-21.31.47:925][  0]LogWindows:    2. 'NVIDIA GeForce RTX 3070' (P:0 D:0)
[2022.03.29-21.31.47:925][  0]LogWindows:    3. 'NVIDIA GeForce RTX 3070' (P:0 D:0)
[2022.03.29-21.31.47:926][  0]LogWindows: DebugString: FoundDriverCount:4 
[2022.03.29-21.31.47:926][  0]LogD3D11RHI:     Adapter Name: NVIDIA GeForce RTX 3070
[2022.03.29-21.31.47:926][  0]LogD3D11RHI:   Driver Version: 496.49 (internal:30.0.14.9649, unified:496.49)
[2022.03.29-21.31.47:926][  0]LogD3D11RHI:      Driver Date: 10-20-2021
[2022.03.29-21.31.47:926][  0]LogRHI: Texture pool is 5630 MB (70% of 8043 MB)
[2022.03.29-21.31.47:926][  0]LogD3D11RHI: Creating D3DDevice using adapter:
[2022.03.29-21.31.47:926][  0]LogD3D11RHI:     Description : NVIDIA GeForce RTX 3070
[2022.03.29-21.31.47:926][  0]LogD3D11RHI:     VendorId    : 10de
[2022.03.29-21.31.47:926][  0]LogD3D11RHI:     DeviceId    : 2488
[2022.03.29-21.31.47:926][  0]LogD3D11RHI:     SubSysId    : 47553842
[2022.03.29-21.31.47:926][  0]LogD3D11RHI:     Revision    : 00a1
[2022.03.29-21.31.47:926][  0]LogD3D11RHI:     DedicatedVideoMemory : 8433696768 bytes
[2022.03.29-21.31.47:926][  0]LogD3D11RHI:     DedicatedSystemMemory : 0 bytes
[2022.03.29-21.31.47:926][  0]LogD3D11RHI:     SharedSystemMemory : 17153544192 bytes
[2022.03.29-21.31.47:926][  0]LogD3D11RHI:     AdapterLuid : 0 56512
[2022.03.29-21.31.48:006][  0]LogD3D11RHI: RHI has support for 64 bit atomics
[2022.03.29-21.31.48:006][  0]LogD3D11RHI: Async texture creation enabled
[2022.03.29-21.31.48:006][  0]LogD3D11RHI: Array index from any shader is supported
[2022.03.29-21.31.48:026][  0]LogD3D11RHI: GPU Timing Frequency: 1000.000000 (Debug: 2 1)
[2022.03.29-21.31.48:069][  0]LogRHI: GeForceNow SDK initialized: 1
[2022.03.29-21.31.48:393][  0]LogTargetPlatformManager: Display: Loaded TargetPlatform 'AllDesktop'
[2022.03.29-21.31.48:423][  0]LogTargetPlatformManager: Display: Loaded TargetPlatform 'Android'
[2022.03.29-21.31.48:424][  0]LogTargetPlatformManager: Display: Loaded TargetPlatform 'Android_ASTC'
[2022.03.29-21.31.48:424][  0]LogTargetPlatformManager: Display: Loaded TargetPlatform 'Android_DXT'
[2022.03.29-21.31.48:424][  0]LogTargetPlatformManager: Display: Loaded TargetPlatform 'Android_ETC2'
[2022.03.29-21.31.48:424][  0]LogTargetPlatformManager: Display: Loaded TargetPlatform 'AndroidClient'
[2022.03.29-21.31.48:424][  0]LogTargetPlatformManager: Display: Loaded TargetPlatform 'Android_ASTCClient'
[2022.03.29-21.31.48:424][  0]LogTargetPlatformManager: Display: Loaded TargetPlatform 'Android_DXTClient'
[2022.03.29-21.31.48:424][  0]LogTargetPlatformManager: Display: Loaded TargetPlatform 'Android_ETC2Client'
[2022.03.29-21.31.48:424][  0]LogTargetPlatformManager: Display: Loaded TargetPlatform 'Android_Multi'
[2022.03.29-21.31.48:424][  0]LogTargetPlatformManager: Display: Loaded TargetPlatform 'Android_MultiClient'
[2022.03.29-21.31.48:453][  0]LogTargetPlatformManager: Display: Loaded TargetPlatform 'IOSClient'
[2022.03.29-21.31.48:453][  0]LogTargetPlatformManager: Display: Loaded TargetPlatform 'IOS'
[2022.03.29-21.31.48:467][  0]LogTargetPlatformManager: Display: Loaded TargetPlatform 'Linux'
[2022.03.29-21.31.48:475][  0]LogTargetPlatformManager: Display: Loaded TargetPlatform 'LinuxNoEditor'
[2022.03.29-21.31.48:482][  0]LogTargetPlatformManager: Display: Loaded TargetPlatform 'LinuxClient'
[2022.03.29-21.31.48:488][  0]LogTargetPlatformManager: Display: Loaded TargetPlatform 'LinuxServer'
[2022.03.29-21.31.48:502][  0]LogTargetPlatformManager: Display: Loaded TargetPlatform 'LinuxAArch64NoEditor'
[2022.03.29-21.31.48:509][  0]LogTargetPlatformManager: Display: Loaded TargetPlatform 'LinuxAArch64Client'
[2022.03.29-21.31.48:516][  0]LogTargetPlatformManager: Display: Loaded TargetPlatform 'LinuxAArch64Server'
[2022.03.29-21.31.48:543][  0]LogTargetPlatformManager: Display: Loaded TargetPlatform 'Lumin'
[2022.03.29-21.31.48:543][  0]LogTargetPlatformManager: Display: Loaded TargetPlatform 'LuminClient'
[2022.03.29-21.31.48:554][  0]LogTargetPlatformManager: Display: Loaded TargetPlatform 'MacNoEditor'
[2022.03.29-21.31.48:562][  0]LogTargetPlatformManager: Display: Loaded TargetPlatform 'Mac'
[2022.03.29-21.31.48:568][  0]LogTargetPlatformManager: Display: Loaded TargetPlatform 'MacClient'
[2022.03.29-21.31.48:577][  0]LogTargetPlatformManager: Display: Loaded TargetPlatform 'MacServer'
[2022.03.29-21.31.48:590][  0]LogTargetPlatformManager: Display: Loaded TargetPlatform 'TVOSClient'
[2022.03.29-21.31.48:590][  0]LogTargetPlatformManager: Display: Loaded TargetPlatform 'TVOS'
[2022.03.29-21.31.48:602][  0]LogTargetPlatformManager: Display: Loaded TargetPlatform 'WindowsNoEditor'
[2022.03.29-21.31.48:609][  0]LogTargetPlatformManager: Display: Loaded TargetPlatform 'Windows'
[2022.03.29-21.31.48:617][  0]LogTargetPlatformManager: Display: Loaded TargetPlatform 'WindowsClient'
[2022.03.29-21.31.48:625][  0]LogTargetPlatformManager: Display: Loaded TargetPlatform 'WindowsServer'
[2022.03.29-21.31.48:625][  0]LogTargetPlatformManager: Display: Building Assets For Windows
[2022.03.29-21.31.48:644][  0]LogAudioDebug: Display: Lib vorbis DLL was dynamically loaded.
[2022.03.29-21.31.48:720][  0]LogTextureFormatOodle: Display: Oodle Texture 2.9.0 init RDO Off
[2022.03.29-21.31.48:811][  0]LogRendererCore: Ray tracing is disabled. Reason: r.RayTracing=0.
[2022.03.29-21.31.48:811][  0]LogShaderCompilers: Guid format shader working directory is -18 characters bigger than the processId version (../../../../../../Repo/UnrealFPS/UnrealFPSExperiment/FPSExperiment/Intermediate/Shaders/WorkingDirectory/22972/).
[2022.03.29-21.31.48:811][  0]LogShaderCompilers: Cleaned the shader compiler working directory 'C:/Users/Stickman/AppData/Local/Temp/UnrealShaderWorkingDir/F35B11064066D151D0260C9EC1D28B16/'.
[2022.03.29-21.31.48:812][  0]LogXGEController: Cannot use XGE Controller as Incredibuild is not installed on this machine.
[2022.03.29-21.31.48:812][  0]LogShaderCompilers: Cannot use XGE Shader Compiler as Incredibuild is not installed on this machine.
[2022.03.29-21.31.48:812][  0]LogShaderCompilers: Display: Using Local Shader Compiler.
[2022.03.29-21.31.49:631][  0]LogDerivedDataCache: Display: Max Cache Size: 512 MB
[2022.03.29-21.31.49:695][  0]LogDerivedDataCache: Loaded boot cache 0.06s 99MB C:/Users/Stickman/AppData/Local/UnrealEngine/4.27/DerivedDataCache/Boot.ddc.
[2022.03.29-21.31.49:695][  0]LogDerivedDataCache: Display: Loaded Boot cache: C:/Users/Stickman/AppData/Local/UnrealEngine/4.27/DerivedDataCache/Boot.ddc
[2022.03.29-21.31.49:696][  0]LogDerivedDataCache: FDerivedDataBackendGraph:  Pak pak cache file ../../../../../../Repo/UnrealFPS/UnrealFPSExperiment/FPSExperiment/DerivedDataCache/DDC.ddp not found, will not use a pak cache.
[2022.03.29-21.31.49:696][  0]LogDerivedDataCache: Unable to find inner node Pak for hierarchical cache Hierarchy.
[2022.03.29-21.31.49:696][  0]LogDerivedDataCache: FDerivedDataBackendGraph:  CompressedPak pak cache file ../../../../../../Repo/UnrealFPS/UnrealFPSExperiment/FPSExperiment/DerivedDataCache/Compressed.ddp not found, will not use a pak cache.
[2022.03.29-21.31.49:696][  0]LogDerivedDataCache: Unable to find inner node CompressedPak for hierarchical cache Hierarchy.
[2022.03.29-21.31.49:715][  0]LogDerivedDataCache: Display: Pak cache opened for reading ../../../Engine/DerivedDataCache/Compressed.ddp.
[2022.03.29-21.31.49:715][  0]LogDerivedDataCache: FDerivedDataBackendGraph:  EnterprisePak pak cache file ../../../Enterprise/DerivedDataCache/Compressed.ddp not found, will not use a pak cache.
[2022.03.29-21.31.49:716][  0]LogDerivedDataCache: Unable to find inner node EnterprisePak for hierarchical cache Hierarchy.
[2022.03.29-21.31.49:727][  0]LogDerivedDataCache: Speed tests for C:/Users/Stickman/AppData/Local/UnrealEngine/Common/DerivedDataCache took 0.01 seconds
[2022.03.29-21.31.49:727][  0]LogDerivedDataCache: Display: Performance to C:/Users/Stickman/AppData/Local/UnrealEngine/Common/DerivedDataCache: Latency=0.05ms. RandomReadSpeed=844.71MBs, RandomWriteSpeed=97.95MBs. Assigned SpeedClass 'Local'
[2022.03.29-21.31.49:731][  0]LogDerivedDataCache: Using Local data cache path C:/Users/Stickman/AppData/Local/UnrealEngine/Common/DerivedDataCache: Writable
[2022.03.29-21.31.49:731][  0]LogDerivedDataCache: Shared data cache path not found in *engine.ini, will not use an Shared cache.
[2022.03.29-21.31.49:731][  0]LogDerivedDataCache: Unable to find inner node Shared for hierarchical cache Hierarchy.
[2022.03.29-21.31.49:787][  0]LogSlate: Using FreeType 2.10.0
[2022.03.29-21.31.49:787][  0]LogSlate: SlateFontServices - WITH_FREETYPE: 1, WITH_HARFBUZZ: 1
[2022.03.29-21.31.49:814][  0]LogAssetRegistry: FAssetRegistry took 0.0042 seconds to start up
[2022.03.29-21.31.50:081][  0]LogInit: Selected Device Profile: [Windows]
[2022.03.29-21.31.50:081][  0]LogInit: Active device profile: [000002EBD0C8C900][000002EBCE68CB40 49] Windows
[2022.03.29-21.31.50:081][  0]LogInit: Profiles: [000002EBD0C8C900][000002EBCE68CB40 49] Windows, [000002EBD0C63300][000002EBCFEACCC0 49] WindowsNoEditor, [000002EBD0C8F500][000002EBCFA96E40 49] WindowsServer, [000002EBD0C63D00][000002EBCFA9AFC0 49] WindowsClient, [000002EBD0C8F800][000002EBCE5E5140 49] IOS, [000002EBD0C62300][000002EBCE5E92C0 49] iPadAir, [000002EBD0C8E000][000002EBCE5ED440 49] iPadAir2, [000002EBD0C08A00][000002EBCF6A1700 49] IPadPro, [000002EBD0C08B00][000002EBCE5F1740 49] iPadAir3, [000002EBD0C61400][000002EBCF6A58C0 49] iPadAir4, [000002EBD0C0B400][000002EBCF6A9A40 49] iPadMini2, [000002EBD0C62500][000002EBC282DBC0 49] iPadMini3, [000002EBD0C09700][000002EBC28301C0 49] iPadMini4, [000002EBD0C8D100][000002EBC2834340 49] iPadMini5, [000002EBD0C10300][000002EBC283C600 49] iPhone6, [000002EBD0C10400][000002EBC2838640 49] iPodTouch6, [000002EBD0C0B600][000002EBC2844900 49] iPhone7, [000002EBD0C09800][000002EBC2840940 49] iPodTouch7, [000002EBD0C13F00][000002EBC288CA80 49] iPhone5S, [000002EBD0C61D00][000002EBC2848BC0 49] iPhone6Plus, [000002EBD0C08200][000002EBC284CD00 49] iPhone6S, [000002EBD0C61F00][000002EBCE452E80 49] iPhone6SPlus, [000002EBD0C0BC00][000002EBCE457000 49] iPhone7Plus, [000002EBD0C60300][000002EBCE45B180 49] iPhoneSE, [000002EBD0C0B500][000002EBCE45F300 49] iPhone8, [000002EBD0C61900][000002EBCE463480 49] iPhone8Plus, [000002EBD0C09100][000002EBCE467600 49] iPhoneX, [000002EBD0C60400][000002EBCE46B780 49] iPhoneXS, [000002EBD0C09300][000002EBCE46F900 49] iPhoneXSMax, [000002EBD0C60F00][000002EBCE473A80 49] iPhoneXR, [000002EBD0C0B800][000002EBCE477C00 49] iPhone11, [000002EBD0C62900][000002EBCE47A200 49] iPhone11Pro, [000002EBD0C0B700][000002EBCE47E380 49] iPhone11ProMax, [000002EBD0C63C00][000002EBCE482500 49] iPhoneSE2, [000002EBD0C0AE00][000002EBCE486680 49] iPhone12Mini, [000002EBD0C63700][000002EBCE48A800 49] iPhone12, [000002EBD0C0A400][000002EBCE48E980 49] iPhone12Pro, [000002EBD0C60700][000002EBCE492B00 49] iPhone12ProMax, [000002EBD0C0A300][000002EBC2850C40 49] iPadPro105, [000002EBD0C62C00][000002EBCE496D80 49] iPadPro129, [000002EBD0C0A200][000002EBCE49AEC0 49] iPadPro97, [000002EBD0C60B00][000002EBCE4A3040 49] iPadPro2_129, [000002EBD0C0B200][000002EBCE4A71C0 49] iPad5, [000002EBD0C62F00][000002EBCE4AB340 49] iPad6, [000002EBD0C0B300][000002EBCE4AF4C0 49] iPad7, [000002EBD0C60200][000002EBCE4B3640 49] iPad8, [000002EBD0C09A00][000002EBCE4B77C0 49] iPadPro11, [000002EBD0C61100][000002EBCE4BB940 49] iPadPro2_11, [000002EBD0C09D00][000002EBC56D5AC0 49] iPadPro3_129, [000002EBD0C63400][000002EBC56D80C0 49] iPadPro4_129, [000002EBD0C0B000][000002EBC56DC240 49] AppleTV, [000002EBD0C63A00][000002EBC56E03C0 49] AppleTV4K, [000002EBD0C08100][000002EBC56E4540 49] TVOS, [000002EBD0C62000][000002EBC56E86C0 49] Mac, [000002EBD0C0BB00][000002EBC56EC840 49] MacClient, [000002EBD0C61600][000002EBC56F09C0 49] MacNoEditor, [000002EBD0C0AC00][000002EBC56F4B40 49] MacServer, [000002EBD0C60A00][000002EBC56F8CC0 49] Linux, [000002EBD0C0A000][000002EBCE49EE00 49] LinuxAArch64, [000002EBD0C62200][000002EBC56FCF40 49] LinuxNoEditor, [000002EBD0C0A500][000002EBC5701080 49] LinuxAArch64NoEditor, [000002EBD0C61000][000002EBC57051C0 49] LinuxClient, [000002EBD0C0B900][000002EBC570D340 49] LinuxAArch64Client, [000002EBD0C61200][000002EBC57114C0 49] LinuxServer, [000002EBD0C09900][000002EBC5715640 49] LinuxAArch64Server, [000002EBD0C63200][000002EBC57197C0 49] Android, [000002EBD0C08600][000002EBC571D940 49] Android_Low, [000002EBD0C62800][000002EBC5721AC0 49] Android_Mid, [000002EBD0C8FA00][000002EBC57240C0 49] Android_High, [000002EBD0C11C00][000002EBC5728240 49] Android_Default, [000002EBD0C8E100][000002EBC572C3C0 49] Android_Adreno4xx, [000002EBD0C12700][000002EBC5730540 49] Android_Adreno5xx_Low, [000002EBD0C8CA00][000002EBC57346C0 49] Android_Adreno5xx, [000002EBD0C12D00][000002EBC5738840 49] Android_Adreno6xx, [000002EBD0C8D200][000002EBC573C9C0 49] Android_Adreno6xx_Vulkan, [000002EBD0C12800][000002EBC5740B40 49] Android_Mali_T6xx, [000002EBD0C8E600][000002EBC5744CC0 49] Android_Mali_T7xx, [000002EBD0C12E00][000002EBC5748E40 49] Android_Mali_T8xx, [000002EBD0C8F200][000002EBC5708F80 49] Android_Mali_G71, [000002EBD0C13C00][000002EBC574D0C0 49] Android_Mali_G72, [000002EBD0C8EA00][000002EBC5751200 49] Android_Mali_G72_Vulkan, [000002EBD0C11B00][000002EBC5755340 49] Android_Mali_G76, [000002EBD0C8DA00][000002EBC575D4C0 49] Android_Mali_G76_Vulkan, [000002EBD0C12000][000002EBC2FF1640 49] Android_Mali_G77, [000002EBD0C8ED00][000002EBC2FF57C0 49] Android_Mali_G77_Vulkan, [000002EBD0C13800][000002EBC2FF9940 49] Android_Mali_G78, [000002EBD0C8E800][000002EBC2FFDAC0 49] Android_Mali_G78_Vulkan, [000002EBD0C11200][000002EBC30000C0 49] Android_Mali_G710, [000002EBD0C8CE00][000002EBC3004240 49] Android_Mali_G710_Vulkan, [000002EBD0C13500][000002EBC30083C0 49] Android_Vulkan_SM5, [000002EBD0C8F400][000002EBC300C540 49] Android_PowerVR_G6xxx, [000002EBD0C12C00][000002EBC30106C0 49] Android_PowerVR_GT7xxx, [000002EBD0C8FC00][000002EBC3014840 49] Android_PowerVR_GE8xxx, [000002EBD0C10E00][000002EBC30189C0 49] Android_PowerVR_GM9xxx, [000002EBD0C8D800][000002EBC301CB40 49] Android_PowerVR_GM9xxx_Vulkan, [000002EBD0C12400][000002EBC3020CC0 49] Android_TegraK1, [000002EBD0C8D000][000002EBC3024E40 49] Android_Unknown_Vulkan, [000002EBD0C63500][000002EBC3028FC0 49] Lumin, [000002EBD0C8DE00][000002EBC302D140 49] Lumin_Desktop, [000002EBD0C61700][000002EBC5759280 49] HoloLens, 
[2022.03.29-21.31.50:240][  0]LogMeshReduction: Using QuadricMeshReduction for automatic static mesh reduction
[2022.03.29-21.31.50:240][  0]LogMeshReduction: Using SimplygonMeshReduction for automatic skeletal mesh reduction
[2022.03.29-21.31.50:240][  0]LogMeshReduction: Using ProxyLODMeshReduction for automatic mesh merging
[2022.03.29-21.31.50:240][  0]LogMeshReduction: No distributed automatic mesh merging module available
[2022.03.29-21.31.50:241][  0]LogMeshMerging: No distributed automatic mesh merging module available
[2022.03.29-21.31.50:262][  0]LogNetVersion: FPSExperiment 1.0.0, NetCL: 17155196, EngineNetVer: 17, GameNetVer: 0 (Checksum: 290680636)
[2022.03.29-21.31.50:675][  0]LogTexture: Default maximum texture size for cubemaps generated from long-lat sources has been changed from 512 to unlimited. In order to preserve old behaiour for '/Engine/MapTemplates/Sky/DaylightAmbientCubemap.DaylightAmbientCubemap', its maximum texture size has been explicitly set to 512.
[2022.03.29-21.31.50:737][  0]LogHMD: PokeAHoleMaterial loaded successfully
[2022.03.29-21.31.50:745][  0]LogUObjectArray: 17178 objects as part of root set at end of initial load.
[2022.03.29-21.31.50:745][  0]LogUObjectAllocator: 4301856 out of 0 bytes used by permanent object pool.
[2022.03.29-21.31.50:745][  0]LogUObjectArray: CloseDisregardForGC: 0/0 objects in disregard for GC pool
[2022.03.29-21.31.51:167][  0]LogNiagaraDebuggerClient: Niagara Debugger Client Initialized | Session: 8453F9FB4B748B57D64FA8A741363464 | Instance: 7BE6DAD648D69AE99AB252918CBABECE (STYXBOX-2-22972).
[2022.03.29-21.31.51:214][  0]LogImageWrapper: Warning: PNG Warning: Duplicate iCCP chunk
[2022.03.29-21.31.51:214][  0]LogImageWrapper: Warning: PNG Warning: Duplicate iCCP chunk
[2022.03.29-21.31.51:214][  0]LogPython: Using Python 3.7.7
[2022.03.29-21.31.51:964][  0]LogUdpMessaging: Initializing bridge on interface 0.0.0.0:0 to multicast group 230.0.0.1:6666.
[2022.03.29-21.31.51:981][  0]LogTcpMessaging: Initializing TcpMessaging bridge
[2022.03.29-21.31.52:334][  0]SourceControl: Source control is disabled
[2022.03.29-21.31.52:334][  0]SourceControl: Source control is disabled
[2022.03.29-21.31.52:340][  0]SourceControl: Source control is disabled
[2022.03.29-21.31.52:351][  0]SourceControl: Source control is disabled
[2022.03.29-21.31.52:363][  0]SourceControl: Source control is disabled
[2022.03.29-21.31.52:380][  0]LogUProjectInfo: Found projects:
[2022.03.29-21.31.52:839][  0]LogOpenImageDenoise: OIDN starting up
[2022.03.29-21.31.52:916][  0]LogAndroidPermission: UAndroidPermissionCallbackProxy::GetInstance
[2022.03.29-21.31.52:936][  0]LogAudioCaptureCore: Display: No Audio Capture implementations found. Audio input will be silent.
[2022.03.29-21.31.52:936][  0]LogAudioCaptureCore: Display: No Audio Capture implementations found. Audio input will be silent.
[2022.03.29-21.31.53:134][  0]LogCollectionManager: Loaded 0 collections in 0.000796 seconds
[2022.03.29-21.31.53:171][  0]LogFileCache: Scanning file cache for directory 'X:/Repo/UnrealFPS/UnrealFPSExperiment/FPSExperiment/Saved/Collections/' took 0.00s
[2022.03.29-21.31.53:171][  0]LogFileCache: Scanning file cache for directory 'X:/Repo/UnrealFPS/UnrealFPSExperiment/FPSExperiment/Content/Developers/Stickman/Collections/' took 0.00s
[2022.03.29-21.31.53:171][  0]LogFileCache: Scanning file cache for directory 'X:/Repo/UnrealFPS/UnrealFPSExperiment/FPSExperiment/Content/Collections/' took 0.00s
[2022.03.29-21.31.53:172][  0]LogOcInput: OculusInput pre-init called
[2022.03.29-21.31.53:345][  0]LogImageWrapper: Warning: PNG Warning: Duplicate iCCP chunk
[2022.03.29-21.31.53:345][  0]LogImageWrapper: Warning: PNG Warning: Duplicate iCCP chunk
[2022.03.29-21.31.53:425][  0]LogEngine: Initializing Engine...
[2022.03.29-21.31.53:525][  0]LogHMD: Failed to initialize OpenVR with code 108
[2022.03.29-21.31.53:543][  0]LogHMD: Optional extension XR_VARJO_quad_views is not available
[2022.03.29-21.31.53:543][  0]LogHMD: Warning: Required extension XR_EXT_eye_gaze_interaction is not available
[2022.03.29-21.31.53:543][  0]LogHMD: Could not enable all required OpenXR extensions for OpenXREyeTracker on current system. This plugin will be loaded but ignored, but will be enabled on a target platform that supports the required extension.
[2022.03.29-21.31.53:592][  0]LogHMD: Failed to create an OpenXR instance, result is XR_ERROR_RUNTIME_FAILURE. Please check if you have an OpenXR runtime installed. The following extensions were enabled:
[2022.03.29-21.31.53:592][  0]LogHMD: - XR_KHR_D3D11_enable
[2022.03.29-21.31.53:592][  0]LogHMD: - XR_KHR_D3D12_enable
[2022.03.29-21.31.53:593][  0]LogHMD: - XR_KHR_opengl_enable
[2022.03.29-21.31.53:593][  0]LogHMD: - XR_KHR_vulkan_enable
[2022.03.29-21.31.53:593][  0]LogHMD: - XR_KHR_composition_layer_depth
[2022.03.29-21.31.53:593][  0]LogHMD: - XR_KHR_visibility_mask
[2022.03.29-21.31.53:593][  0]LogHMD: - XR_EXT_hand_tracking
[2022.03.29-21.31.53:593][  0]LogMagicLeap: Warning: VR disabled because ZI is not enabled.  To enable, in the editor, Edit -> Project Settings -> Plugins -> Magic Leap Plugin -> Enable Zero Iteration
[2022.03.29-21.31.53:594][  0]LogStats: UGameplayTagsManager::InitializeManager -  0.000 s
[2022.03.29-21.31.53:727][  0]LogInit: Initializing FReadOnlyCVARCache
[2022.03.29-21.31.53:737][  0]LogAIModule: Creating AISystem for world Untitled
[2022.03.29-21.31.53:748][  0]LogAudio: Display: Initializing Audio Device Manager...
[2022.03.29-21.31.53:753][  0]LogAudio: Display: Loading Default Audio Settings Objects...
[2022.03.29-21.31.53:754][  0]LogAudio: Display: No default SoundConcurrencyObject specified (or failed to load).
[2022.03.29-21.31.53:754][  0]LogAudio: Display: Audio Device Manager Initialized
[2022.03.29-21.31.53:754][  0]LogAudio: Display: Creating Audio Device:                 Id: 1, Scope: Shared, Realtime: True
[2022.03.29-21.31.53:754][  0]LogAudioMixer: Display: Audio Mixer Platform Settings:
[2022.03.29-21.31.53:754][  0]LogAudioMixer: Display: 	Sample Rate:						  48000
[2022.03.29-21.31.53:754][  0]LogAudioMixer: Display: 	Callback Buffer Frame Size Requested: 1024
[2022.03.29-21.31.53:755][  0]LogAudioMixer: Display: 	Callback Buffer Frame Size To Use:	  1024
[2022.03.29-21.31.53:755][  0]LogAudioMixer: Display: 	Number of buffers to queue:			  2
[2022.03.29-21.31.53:755][  0]LogAudioMixer: Display: 	Max Channels (voices):				  32
[2022.03.29-21.31.53:755][  0]LogAudioMixer: Display: 	Number of Async Source Workers:		  0
[2022.03.29-21.31.53:755][  0]LogAudio: Display: AudioDevice MaxSources: 32
[2022.03.29-21.31.53:755][  0]LogAudio: Display: Audio Spatialization Plugin: None (built-in).
[2022.03.29-21.31.53:755][  0]LogAudio: Display: Audio Reverb Plugin: None (built-in).
[2022.03.29-21.31.53:755][  0]LogAudio: Display: Audio Occlusion Plugin: None (built-in).
[2022.03.29-21.31.53:756][  0]LogAudioMixer: Display: Initializing audio mixer.
[2022.03.29-21.31.53:783][  0]LogAudioMixer: Display: 0: FrontLeft
[2022.03.29-21.31.53:783][  0]LogAudioMixer: Display: 1: FrontRight
[2022.03.29-21.31.53:826][  0]LogAudioMixer: Display: Using Audio Device Realtek HD Audio 2nd output (Realtek(R) Audio)
[2022.03.29-21.31.53:828][  0]LogAudioMixer: Display: Initializing Sound Submixes...
[2022.03.29-21.31.53:831][  0]LogAudioMixer: Display: Creating Master Submix 'MasterSubmixDefault'
[2022.03.29-21.31.53:831][  0]LogAudioMixer: Display: Creating Master Submix 'MasterReverbSubmixDefault'
[2022.03.29-21.31.53:832][  0]LogAudioMixer: Display: Creating Master Submix 'MasterEQSubmixDefault'
[2022.03.29-21.31.53:832][  0]LogAudioMixer: FMixerPlatformXAudio2::StartAudioStream() called
[2022.03.29-21.31.53:832][  0]LogAudioMixer: Display: Output buffers initialized: Frames=1024, Channels=2, Samples=2048
[2022.03.29-21.31.53:834][  0]LogAudioMixer: Display: Starting AudioMixerPlatformInterface::RunInternal()
[2022.03.29-21.31.53:834][  0]LogAudioMixer: Display: FMixerPlatformXAudio2::SubmitBuffer() called for the first time
[2022.03.29-21.31.53:834][  0]LogInit: FAudioDevice initialized.
[2022.03.29-21.31.53:835][  0]LogAudio: Display: Audio Device (ID: 1) registered with world 'Untitled'.
[2022.03.29-21.31.53:835][  0]LogNetVersion: Set ProjectVersion to 1.0.0.0. Version Checksum will be recalculated on next use.
[2022.03.29-21.31.53:939][  0]LogDerivedDataCache: Saved boot cache 0.10s 99MB C:/Users/Stickman/AppData/Local/UnrealEngine/4.27/DerivedDataCache/Boot.ddc.
[2022.03.29-21.31.53:940][  0]LogInit: Texture streaming: Enabled
[2022.03.29-21.31.53:959][  0]LogAnalytics: Display: [UEEditor.Rocket.Release] APIServer = https://datarouter.ol.epicgames.com/. AppVersion = 4.27.1-17735300+++UE4+Release-4.27
[2022.03.29-21.31.53:965][  0]LogEngineSessionManager: EngineSessionManager initialized
[2022.03.29-21.31.53:965][  0]LogEngineSessionManager: EngineSessionManager sent abnormal shutdown report. Type=Debugger, SessionId={39F17130-4DC6-6E43-6B6B-0B8CD9933D52}
[2022.03.29-21.31.53:965][  0]LogEditorSessionSummary: Verbose: Initializing EditorSessionSummaryWriter for editor session tracking
[2022.03.29-21.31.53:967][  0]LogEditorSessionSummary: EditorSessionSummaryWriter initialized
[2022.03.29-21.31.53:995][  0]LogInit: Transaction tracking system initialized
[2022.03.29-21.31.54:030][  0]BlueprintLog: New page: Editor Load
[2022.03.29-21.31.54:130][  0]LocalizationService: Localization service is disabled
[2022.03.29-21.31.54:177][  0]TimingProfiler: Initialize
[2022.03.29-21.31.54:177][  0]TimingProfiler: OnSessionChanged
[2022.03.29-21.31.54:177][  0]LoadingProfiler: Initialize
[2022.03.29-21.31.54:177][  0]LoadingProfiler: OnSessionChanged
[2022.03.29-21.31.54:178][  0]NetworkingProfiler: Initialize
[2022.03.29-21.31.54:178][  0]NetworkingProfiler: OnSessionChanged
[2022.03.29-21.31.54:178][  0]MemoryProfiler: Initialize
[2022.03.29-21.31.54:178][  0]MemoryProfiler: OnSessionChanged
[2022.03.29-21.31.54:387][  0]LogCook: Display: CookSettings for Memory: MemoryMaxUsedVirtual 0MiB, MemoryMaxUsedPhysical 16384MiB, MemoryMinFreeVirtual 0MiB, MemoryMinFreePhysical 1024MiB
[2022.03.29-21.31.54:387][  0]LogCook: Display: Mobile HDR setting 1
[2022.03.29-21.31.54:470][  0]LogFileCache: Scanning file cache for directory 'X:/Repo/UnrealFPS/UnrealFPSExperiment/FPSExperiment/Content/' took 0.01s
[2022.03.29-21.31.54:888][  0]LogImageWrapper: Warning: PNG Warning: Duplicate iCCP chunk
[2022.03.29-21.31.54:889][  0]LogImageWrapper: Warning: PNG Warning: Duplicate iCCP chunk
[2022.03.29-21.31.54:889][  0]LogInit: Display: Engine is initialized. Leaving FEngineLoop::Init()
[2022.03.29-21.31.54:895][  0]SourceControl: Source control is disabled
[2022.03.29-21.31.54:896][  0]LogUnrealEdMisc: Loading editor; pre map load, took 9.386
[2022.03.29-21.31.54:896][  0]Cmd: MAP LOAD FILE="../../../../../../Repo/UnrealFPS/UnrealFPSExperiment/FPSExperiment/Content/FirstPersonCPP/Maps/FirstPersonExampleMap.umap" TEMPLATE=0 SHOWPROGRESS=1 FEATURELEVEL=3
[2022.03.29-21.31.54:896][  0]LightingResults: New page: Lighting Build
[2022.03.29-21.31.54:898][  0]LogWorld: UWorld::CleanupWorld for Untitled, bSessionEnded=true, bCleanupResources=true
[2022.03.29-21.31.54:898][  0]LogSlate: InvalidateAllWidgets triggered.  All widgets were invalidated
[2022.03.29-21.31.54:899][  0]MapCheck: New page: Map Check
[2022.03.29-21.31.54:899][  0]LightingResults: New page: Lighting Build
[2022.03.29-21.31.54:907][  0]LogAudio: Display: Audio Device unregistered from world 'None'.
[2022.03.29-21.31.54:913][  0]LogUObjectHash: Compacting FUObjectHashTables data took   1.02ms
[2022.03.29-21.31.54:976][  0]LogAudio: Display: Audio Device (ID: 1) registered with world 'FirstPersonExampleMap'.
[2022.03.29-21.31.54:978][  0]LogAIModule: Creating AISystem for world FirstPersonExampleMap
[2022.03.29-21.31.54:986][  0]LogEditorServer: Finished looking for orphan Actors (0.000 secs)
[2022.03.29-21.31.54:998][  0]LogUObjectHash: Compacting FUObjectHashTables data took   0.91ms
[2022.03.29-21.31.54:998][  0]Cmd: MAP CHECKDEP NOCLEARLOG
[2022.03.29-21.31.54:999][  0]MapCheck: Map check complete: 0 Error(s), 0 Warning(s), took 0.22ms to complete.
[2022.03.29-21.31.54:999][  0]LogFileHelpers: Loading map 'FirstPersonExampleMap' took 0.102
[2022.03.29-21.31.55:001][  0]LogUnrealEdMisc: Total Editor Startup Time, took 9.491
[2022.03.29-21.31.55:148][  0]LogSlate: Updating window title bar state: overlay mode, drag disabled, window buttons hidden, title bar hidden
[2022.03.29-21.31.55:156][  0]LogSlate: Updating window title bar state: overlay mode, drag disabled, window buttons hidden, title bar hidden
[2022.03.29-21.31.55:163][  0]LogSlate: Updating window title bar state: overlay mode, drag disabled, window buttons hidden, title bar hidden
[2022.03.29-21.31.55:171][  0]LogSlate: Updating window title bar state: overlay mode, drag disabled, window buttons hidden, title bar hidden
[2022.03.29-21.31.55:187][  0]LogNativeClassHierarchy: Verbose: Native class hierarchy populated in 0.0113 seconds. Added 3827 classes and 930 folders.
[2022.03.29-21.31.55:189][  0]LogNativeClassHierarchy: Verbose: Native class hierarchy updated for 'WidgetCarousel' in 0.0003 seconds. Added 0 classes and 0 folders.
[2022.03.29-21.31.55:191][  0]LogPakFile: PakFile PrimaryIndexSize=187
[2022.03.29-21.31.55:191][  0]LogPakFile: PakFile PathHashIndexSize=101
[2022.03.29-21.31.55:192][  0]LogPakFile: PakFile FullDirectoryIndexSize=148
[2022.03.29-21.31.55:192][  0]LogShaderLibrary: Display: ShaderCodeLibraryPakFileMountedCallback: PakFile 'X:/Epic Games/Games4Epic/UE_4.27/FeaturePacks/FP_FirstPerson.upack' (chunk index -1, root 'root:/') mounted
[2022.03.29-21.31.55:192][  0]LogShaderLibrary: Display: ShaderCodeLibraryPakFileMountedCallback: pending pak file info (ChunkID:-1 Root:root:/ File:X:/Epic Games/Games4Epic/UE_4.27/FeaturePacks/FP_FirstPerson.upack)
[2022.03.29-21.31.55:192][  0]LogPakFile: OnPakFileMounted2Time == 0.000164
[2022.03.29-21.31.55:192][  0]LogPakFile: PakFile PrimaryIndexSize=189
[2022.03.29-21.31.55:193][  0]LogPakFile: PakFile PathHashIndexSize=101
[2022.03.29-21.31.55:193][  0]LogPakFile: PakFile FullDirectoryIndexSize=152
[2022.03.29-21.31.55:193][  0]LogShaderLibrary: Display: ShaderCodeLibraryPakFileMountedCallback: PakFile 'X:/Epic Games/Games4Epic/UE_4.27/FeaturePacks/FP_FirstPersonBP.upack' (chunk index -1, root 'root:/') mounted
[2022.03.29-21.31.55:193][  0]LogShaderLibrary: Display: ShaderCodeLibraryPakFileMountedCallback: pending pak file info (ChunkID:-1 Root:root:/ File:X:/Epic Games/Games4Epic/UE_4.27/FeaturePacks/FP_FirstPersonBP.upack)
[2022.03.29-21.31.55:193][  0]LogPakFile: OnPakFileMounted2Time == 0.000193
[2022.03.29-21.31.55:194][  0]LogPakFile: PakFile PrimaryIndexSize=191
[2022.03.29-21.31.55:194][  0]LogPakFile: PakFile PathHashIndexSize=101
[2022.03.29-21.31.55:194][  0]LogPakFile: PakFile FullDirectoryIndexSize=160
[2022.03.29-21.31.55:194][  0]LogShaderLibrary: Display: ShaderCodeLibraryPakFileMountedCallback: PakFile 'X:/Epic Games/Games4Epic/UE_4.27/FeaturePacks/MobileStarterContent.upack' (chunk index -1, root 'root:/') mounted
[2022.03.29-21.31.55:194][  0]LogShaderLibrary: Display: ShaderCodeLibraryPakFileMountedCallback: pending pak file info (ChunkID:-1 Root:root:/ File:X:/Epic Games/Games4Epic/UE_4.27/FeaturePacks/MobileStarterContent.upack)
[2022.03.29-21.31.55:194][  0]LogPakFile: OnPakFileMounted2Time == 0.000132
[2022.03.29-21.31.55:195][  0]LogPakFile: PakFile PrimaryIndexSize=185
[2022.03.29-21.31.55:195][  0]LogPakFile: PakFile PathHashIndexSize=101
[2022.03.29-21.31.55:195][  0]LogPakFile: PakFile FullDirectoryIndexSize=148
[2022.03.29-21.31.55:195][  0]LogShaderLibrary: Display: ShaderCodeLibraryPakFileMountedCallback: PakFile 'X:/Epic Games/Games4Epic/UE_4.27/FeaturePacks/StarterContent.upack' (chunk index -1, root 'root:/') mounted
[2022.03.29-21.31.55:195][  0]LogShaderLibrary: Display: ShaderCodeLibraryPakFileMountedCallback: pending pak file info (ChunkID:-1 Root:root:/ File:X:/Epic Games/Games4Epic/UE_4.27/FeaturePacks/StarterContent.upack)
[2022.03.29-21.31.55:195][  0]LogPakFile: OnPakFileMounted2Time == 0.000138
[2022.03.29-21.31.55:195][  0]LogPakFile: PakFile PrimaryIndexSize=190
[2022.03.29-21.31.55:196][  0]LogPakFile: PakFile PathHashIndexSize=101
[2022.03.29-21.31.55:196][  0]LogPakFile: PakFile FullDirectoryIndexSize=154
[2022.03.29-21.31.55:196][  0]LogShaderLibrary: Display: ShaderCodeLibraryPakFileMountedCallback: PakFile 'X:/Epic Games/Games4Epic/UE_4.27/FeaturePacks/TP_2DSideScroller.upack' (chunk index -1, root 'root:/') mounted
[2022.03.29-21.31.55:196][  0]LogShaderLibrary: Display: ShaderCodeLibraryPakFileMountedCallback: pending pak file info (ChunkID:-1 Root:root:/ File:X:/Epic Games/Games4Epic/UE_4.27/FeaturePacks/TP_2DSideScroller.upack)
[2022.03.29-21.31.55:196][  0]LogPakFile: OnPakFileMounted2Time == 0.000136
[2022.03.29-21.31.55:197][  0]LogPakFile: PakFile PrimaryIndexSize=192
[2022.03.29-21.31.55:197][  0]LogPakFile: PakFile PathHashIndexSize=101
[2022.03.29-21.31.55:197][  0]LogPakFile: PakFile FullDirectoryIndexSize=158
[2022.03.29-21.31.55:197][  0]LogShaderLibrary: Display: ShaderCodeLibraryPakFileMountedCallback: PakFile 'X:/Epic Games/Games4Epic/UE_4.27/FeaturePacks/TP_2DSideScrollerBP.upack' (chunk index -1, root 'root:/') mounted
[2022.03.29-21.31.55:197][  0]LogShaderLibrary: Display: ShaderCodeLibraryPakFileMountedCallback: pending pak file info (ChunkID:-1 Root:root:/ File:X:/Epic Games/Games4Epic/UE_4.27/FeaturePacks/TP_2DSideScrollerBP.upack)
[2022.03.29-21.31.55:197][  0]LogPakFile: OnPakFileMounted2Time == 0.000201
[2022.03.29-21.31.55:198][  0]LogPakFile: PakFile PrimaryIndexSize=182
[2022.03.29-21.31.55:198][  0]LogPakFile: PakFile PathHashIndexSize=101
[2022.03.29-21.31.55:198][  0]LogPakFile: PakFile FullDirectoryIndexSize=138
[2022.03.29-21.31.55:198][  0]LogShaderLibrary: Display: ShaderCodeLibraryPakFileMountedCallback: PakFile 'X:/Epic Games/Games4Epic/UE_4.27/FeaturePacks/TP_Flying.upack' (chunk index -1, root 'root:/') mounted
[2022.03.29-21.31.55:198][  0]LogShaderLibrary: Display: ShaderCodeLibraryPakFileMountedCallback: pending pak file info (ChunkID:-1 Root:root:/ File:X:/Epic Games/Games4Epic/UE_4.27/FeaturePacks/TP_Flying.upack)
[2022.03.29-21.31.55:198][  0]LogPakFile: OnPakFileMounted2Time == 0.000128
[2022.03.29-21.31.55:199][  0]LogPakFile: PakFile PrimaryIndexSize=184
[2022.03.29-21.31.55:199][  0]LogPakFile: PakFile PathHashIndexSize=101
[2022.03.29-21.31.55:199][  0]LogPakFile: PakFile FullDirectoryIndexSize=142
[2022.03.29-21.31.55:199][  0]LogShaderLibrary: Display: ShaderCodeLibraryPakFileMountedCallback: PakFile 'X:/Epic Games/Games4Epic/UE_4.27/FeaturePacks/TP_FlyingBP.upack' (chunk index -1, root 'root:/') mounted
[2022.03.29-21.31.55:199][  0]LogShaderLibrary: Display: ShaderCodeLibraryPakFileMountedCallback: pending pak file info (ChunkID:-1 Root:root:/ File:X:/Epic Games/Games4Epic/UE_4.27/FeaturePacks/TP_FlyingBP.upack)
[2022.03.29-21.31.55:199][  0]LogPakFile: OnPakFileMounted2Time == 0.000143
[2022.03.29-21.31.55:200][  0]LogPakFile: PakFile PrimaryIndexSize=188
[2022.03.29-21.31.55:200][  0]LogPakFile: PakFile PathHashIndexSize=101
[2022.03.29-21.31.55:200][  0]LogPakFile: PakFile FullDirectoryIndexSize=150
[2022.03.29-21.31.55:200][  0]LogShaderLibrary: Display: ShaderCodeLibraryPakFileMountedCallback: PakFile 'X:/Epic Games/Games4Epic/UE_4.27/FeaturePacks/TP_HandheldARBP.upack' (chunk index -1, root 'root:/') mounted
[2022.03.29-21.31.55:200][  0]LogShaderLibrary: Display: ShaderCodeLibraryPakFileMountedCallback: pending pak file info (ChunkID:-1 Root:root:/ File:X:/Epic Games/Games4Epic/UE_4.27/FeaturePacks/TP_HandheldARBP.upack)
[2022.03.29-21.31.55:200][  0]LogPakFile: OnPakFileMounted2Time == 0.000149
[2022.03.29-21.31.55:201][  0]LogPakFile: PakFile PrimaryIndexSize=182
[2022.03.29-21.31.55:202][  0]LogPakFile: PakFile PathHashIndexSize=101
[2022.03.29-21.31.55:202][  0]LogPakFile: PakFile FullDirectoryIndexSize=138
[2022.03.29-21.31.55:202][  0]LogShaderLibrary: Display: ShaderCodeLibraryPakFileMountedCallback: PakFile 'X:/Epic Games/Games4Epic/UE_4.27/FeaturePacks/TP_Puzzle.upack' (chunk index -1, root 'root:/') mounted
[2022.03.29-21.31.55:202][  0]LogShaderLibrary: Display: ShaderCodeLibraryPakFileMountedCallback: pending pak file info (ChunkID:-1 Root:root:/ File:X:/Epic Games/Games4Epic/UE_4.27/FeaturePacks/TP_Puzzle.upack)
[2022.03.29-21.31.55:202][  0]LogPakFile: OnPakFileMounted2Time == 0.000167
[2022.03.29-21.31.55:203][  0]LogPakFile: PakFile PrimaryIndexSize=184
[2022.03.29-21.31.55:203][  0]LogPakFile: PakFile PathHashIndexSize=101
[2022.03.29-21.31.55:203][  0]LogPakFile: PakFile FullDirectoryIndexSize=142
[2022.03.29-21.31.55:203][  0]LogShaderLibrary: Display: ShaderCodeLibraryPakFileMountedCallback: PakFile 'X:/Epic Games/Games4Epic/UE_4.27/FeaturePacks/TP_PuzzleBP.upack' (chunk index -1, root 'root:/') mounted
[2022.03.29-21.31.55:203][  0]LogShaderLibrary: Display: ShaderCodeLibraryPakFileMountedCallback: pending pak file info (ChunkID:-1 Root:root:/ File:X:/Epic Games/Games4Epic/UE_4.27/FeaturePacks/TP_PuzzleBP.upack)
[2022.03.29-21.31.55:203][  0]LogPakFile: OnPakFileMounted2Time == 0.000201
[2022.03.29-21.31.55:204][  0]LogPakFile: PakFile PrimaryIndexSize=183
[2022.03.29-21.31.55:204][  0]LogPakFile: PakFile PathHashIndexSize=101
[2022.03.29-21.31.55:204][  0]LogPakFile: PakFile FullDirectoryIndexSize=140
[2022.03.29-21.31.55:204][  0]LogShaderLibrary: Display: ShaderCodeLibraryPakFileMountedCallback: PakFile 'X:/Epic Games/Games4Epic/UE_4.27/FeaturePacks/TP_Rolling.upack' (chunk index -1, root 'root:/') mounted
[2022.03.29-21.31.55:204][  0]LogShaderLibrary: Display: ShaderCodeLibraryPakFileMountedCallback: pending pak file info (ChunkID:-1 Root:root:/ File:X:/Epic Games/Games4Epic/UE_4.27/FeaturePacks/TP_Rolling.upack)
[2022.03.29-21.31.55:204][  0]LogPakFile: OnPakFileMounted2Time == 0.000200
[2022.03.29-21.31.55:205][  0]LogPakFile: PakFile PrimaryIndexSize=185
[2022.03.29-21.31.55:205][  0]LogPakFile: PakFile PathHashIndexSize=101
[2022.03.29-21.31.55:205][  0]LogPakFile: PakFile FullDirectoryIndexSize=144
[2022.03.29-21.31.55:205][  0]LogShaderLibrary: Display: ShaderCodeLibraryPakFileMountedCallback: PakFile 'X:/Epic Games/Games4Epic/UE_4.27/FeaturePacks/TP_RollingBP.upack' (chunk index -1, root 'root:/') mounted
[2022.03.29-21.31.55:205][  0]LogShaderLibrary: Display: ShaderCodeLibraryPakFileMountedCallback: pending pak file info (ChunkID:-1 Root:root:/ File:X:/Epic Games/Games4Epic/UE_4.27/FeaturePacks/TP_RollingBP.upack)
[2022.03.29-21.31.55:205][  0]LogPakFile: OnPakFileMounted2Time == 0.000152
[2022.03.29-21.31.55:206][  0]LogPakFile: PakFile PrimaryIndexSize=188
[2022.03.29-21.31.55:206][  0]LogPakFile: PakFile PathHashIndexSize=101
[2022.03.29-21.31.55:207][  0]LogPakFile: PakFile FullDirectoryIndexSize=150
[2022.03.29-21.31.55:207][  0]LogShaderLibrary: Display: ShaderCodeLibraryPakFileMountedCallback: PakFile 'X:/Epic Games/Games4Epic/UE_4.27/FeaturePacks/TP_SideScroller.upack' (chunk index -1, root 'root:/') mounted
[2022.03.29-21.31.55:207][  0]LogShaderLibrary: Display: ShaderCodeLibraryPakFileMountedCallback: pending pak file info (ChunkID:-1 Root:root:/ File:X:/Epic Games/Games4Epic/UE_4.27/FeaturePacks/TP_SideScroller.upack)
[2022.03.29-21.31.55:207][  0]LogPakFile: OnPakFileMounted2Time == 0.000250
[2022.03.29-21.31.55:208][  0]LogPakFile: PakFile PrimaryIndexSize=190
[2022.03.29-21.31.55:208][  0]LogPakFile: PakFile PathHashIndexSize=101
[2022.03.29-21.31.55:208][  0]LogPakFile: PakFile FullDirectoryIndexSize=154
[2022.03.29-21.31.55:208][  0]LogShaderLibrary: Display: ShaderCodeLibraryPakFileMountedCallback: PakFile 'X:/Epic Games/Games4Epic/UE_4.27/FeaturePacks/TP_SideScrollerBP.upack' (chunk index -1, root 'root:/') mounted
[2022.03.29-21.31.55:208][  0]LogShaderLibrary: Display: ShaderCodeLibraryPakFileMountedCallback: pending pak file info (ChunkID:-1 Root:root:/ File:X:/Epic Games/Games4Epic/UE_4.27/FeaturePacks/TP_SideScrollerBP.upack)
[2022.03.29-21.31.55:208][  0]LogPakFile: OnPakFileMounted2Time == 0.000199
[2022.03.29-21.31.55:210][  0]LogPakFile: PakFile PrimaryIndexSize=187
[2022.03.29-21.31.55:210][  0]LogPakFile: PakFile PathHashIndexSize=101
[2022.03.29-21.31.55:210][  0]LogPakFile: PakFile FullDirectoryIndexSize=148
[2022.03.29-21.31.55:210][  0]LogShaderLibrary: Display: ShaderCodeLibraryPakFileMountedCallback: PakFile 'X:/Epic Games/Games4Epic/UE_4.27/FeaturePacks/TP_ThirdPerson.upack' (chunk index -1, root 'root:/') mounted
[2022.03.29-21.31.55:210][  0]LogShaderLibrary: Display: ShaderCodeLibraryPakFileMountedCallback: pending pak file info (ChunkID:-1 Root:root:/ File:X:/Epic Games/Games4Epic/UE_4.27/FeaturePacks/TP_ThirdPerson.upack)
[2022.03.29-21.31.55:210][  0]LogPakFile: OnPakFileMounted2Time == 0.000176
[2022.03.29-21.31.55:210][  0]LogPakFile: PakFile PrimaryIndexSize=189
[2022.03.29-21.31.55:211][  0]LogPakFile: PakFile PathHashIndexSize=101
[2022.03.29-21.31.55:211][  0]LogPakFile: PakFile FullDirectoryIndexSize=152
[2022.03.29-21.31.55:211][  0]LogShaderLibrary: Display: ShaderCodeLibraryPakFileMountedCallback: PakFile 'X:/Epic Games/Games4Epic/UE_4.27/FeaturePacks/TP_ThirdPersonBP.upack' (chunk index -1, root 'root:/') mounted
[2022.03.29-21.31.55:211][  0]LogShaderLibrary: Display: ShaderCodeLibraryPakFileMountedCallback: pending pak file info (ChunkID:-1 Root:root:/ File:X:/Epic Games/Games4Epic/UE_4.27/FeaturePacks/TP_ThirdPersonBP.upack)
[2022.03.29-21.31.55:211][  0]LogPakFile: OnPakFileMounted2Time == 0.000171
[2022.03.29-21.31.55:212][  0]LogPakFile: PakFile PrimaryIndexSize=183
[2022.03.29-21.31.55:212][  0]LogPakFile: PakFile PathHashIndexSize=101
[2022.03.29-21.31.55:212][  0]LogPakFile: PakFile FullDirectoryIndexSize=140
[2022.03.29-21.31.55:212][  0]LogShaderLibrary: Display: ShaderCodeLibraryPakFileMountedCallback: PakFile 'X:/Epic Games/Games4Epic/UE_4.27/FeaturePacks/TP_TopDown.upack' (chunk index -1, root 'root:/') mounted
[2022.03.29-21.31.55:212][  0]LogShaderLibrary: Display: ShaderCodeLibraryPakFileMountedCallback: pending pak file info (ChunkID:-1 Root:root:/ File:X:/Epic Games/Games4Epic/UE_4.27/FeaturePacks/TP_TopDown.upack)
[2022.03.29-21.31.55:212][  0]LogPakFile: OnPakFileMounted2Time == 0.000192
[2022.03.29-21.31.55:213][  0]LogPakFile: PakFile PrimaryIndexSize=185
[2022.03.29-21.31.55:213][  0]LogPakFile: PakFile PathHashIndexSize=101
[2022.03.29-21.31.55:213][  0]LogPakFile: PakFile FullDirectoryIndexSize=144
[2022.03.29-21.31.55:213][  0]LogShaderLibrary: Display: ShaderCodeLibraryPakFileMountedCallback: PakFile 'X:/Epic Games/Games4Epic/UE_4.27/FeaturePacks/TP_TopDownBP.upack' (chunk index -1, root 'root:/') mounted
[2022.03.29-21.31.55:213][  0]LogShaderLibrary: Display: ShaderCodeLibraryPakFileMountedCallback: pending pak file info (ChunkID:-1 Root:root:/ File:X:/Epic Games/Games4Epic/UE_4.27/FeaturePacks/TP_TopDownBP.upack)
[2022.03.29-21.31.55:213][  0]LogPakFile: OnPakFileMounted2Time == 0.000207
[2022.03.29-21.31.55:214][  0]LogPakFile: PakFile PrimaryIndexSize=185
[2022.03.29-21.31.55:214][  0]LogPakFile: PakFile PathHashIndexSize=101
[2022.03.29-21.31.55:214][  0]LogPakFile: PakFile FullDirectoryIndexSize=144
[2022.03.29-21.31.55:214][  0]LogShaderLibrary: Display: ShaderCodeLibraryPakFileMountedCallback: PakFile 'X:/Epic Games/Games4Epic/UE_4.27/FeaturePacks/TP_TwinStick.upack' (chunk index -1, root 'root:/') mounted
[2022.03.29-21.31.55:214][  0]LogShaderLibrary: Display: ShaderCodeLibraryPakFileMountedCallback: pending pak file info (ChunkID:-1 Root:root:/ File:X:/Epic Games/Games4Epic/UE_4.27/FeaturePacks/TP_TwinStick.upack)
[2022.03.29-21.31.55:214][  0]LogPakFile: OnPakFileMounted2Time == 0.000138
[2022.03.29-21.31.55:215][  0]LogPakFile: PakFile PrimaryIndexSize=187
[2022.03.29-21.31.55:215][  0]LogPakFile: PakFile PathHashIndexSize=101
[2022.03.29-21.31.55:215][  0]LogPakFile: PakFile FullDirectoryIndexSize=148
[2022.03.29-21.31.55:215][  0]LogShaderLibrary: Display: ShaderCodeLibraryPakFileMountedCallback: PakFile 'X:/Epic Games/Games4Epic/UE_4.27/FeaturePacks/TP_TwinStickBP.upack' (chunk index -1, root 'root:/') mounted
[2022.03.29-21.31.55:215][  0]LogShaderLibrary: Display: ShaderCodeLibraryPakFileMountedCallback: pending pak file info (ChunkID:-1 Root:root:/ File:X:/Epic Games/Games4Epic/UE_4.27/FeaturePacks/TP_TwinStickBP.upack)
[2022.03.29-21.31.55:215][  0]LogPakFile: OnPakFileMounted2Time == 0.000177
[2022.03.29-21.31.55:216][  0]LogPakFile: PakFile PrimaryIndexSize=183
[2022.03.29-21.31.55:216][  0]LogPakFile: PakFile PathHashIndexSize=101
[2022.03.29-21.31.55:216][  0]LogPakFile: PakFile FullDirectoryIndexSize=140
[2022.03.29-21.31.55:216][  0]LogShaderLibrary: Display: ShaderCodeLibraryPakFileMountedCallback: PakFile 'X:/Epic Games/Games4Epic/UE_4.27/FeaturePacks/TP_Vehicle.upack' (chunk index -1, root 'root:/') mounted
[2022.03.29-21.31.55:216][  0]LogShaderLibrary: Display: ShaderCodeLibraryPakFileMountedCallback: pending pak file info (ChunkID:-1 Root:root:/ File:X:/Epic Games/Games4Epic/UE_4.27/FeaturePacks/TP_Vehicle.upack)
[2022.03.29-21.31.55:216][  0]LogPakFile: OnPakFileMounted2Time == 0.000128
[2022.03.29-21.31.55:217][  0]LogPakFile: PakFile PrimaryIndexSize=186
[2022.03.29-21.31.55:217][  0]LogPakFile: PakFile PathHashIndexSize=101
[2022.03.29-21.31.55:217][  0]LogPakFile: PakFile FullDirectoryIndexSize=146
[2022.03.29-21.31.55:217][  0]LogShaderLibrary: Display: ShaderCodeLibraryPakFileMountedCallback: PakFile 'X:/Epic Games/Games4Epic/UE_4.27/FeaturePacks/TP_VehicleAdv.upack' (chunk index -1, root 'root:/') mounted
[2022.03.29-21.31.55:217][  0]LogShaderLibrary: Display: ShaderCodeLibraryPakFileMountedCallback: pending pak file info (ChunkID:-1 Root:root:/ File:X:/Epic Games/Games4Epic/UE_4.27/FeaturePacks/TP_VehicleAdv.upack)
[2022.03.29-21.31.55:217][  0]LogPakFile: OnPakFileMounted2Time == 0.000138
[2022.03.29-21.31.55:218][  0]LogPakFile: PakFile PrimaryIndexSize=188
[2022.03.29-21.31.55:218][  0]LogPakFile: PakFile PathHashIndexSize=101
[2022.03.29-21.31.55:218][  0]LogPakFile: PakFile FullDirectoryIndexSize=150
[2022.03.29-21.31.55:218][  0]LogShaderLibrary: Display: ShaderCodeLibraryPakFileMountedCallback: PakFile 'X:/Epic Games/Games4Epic/UE_4.27/FeaturePacks/TP_VehicleAdvBP.upack' (chunk index -1, root 'root:/') mounted
[2022.03.29-21.31.55:218][  0]LogShaderLibrary: Display: ShaderCodeLibraryPakFileMountedCallback: pending pak file info (ChunkID:-1 Root:root:/ File:X:/Epic Games/Games4Epic/UE_4.27/FeaturePacks/TP_VehicleAdvBP.upack)
[2022.03.29-21.31.55:218][  0]LogPakFile: OnPakFileMounted2Time == 0.000145
[2022.03.29-21.31.55:218][  0]LogPakFile: PakFile PrimaryIndexSize=185
[2022.03.29-21.31.55:219][  0]LogPakFile: PakFile PathHashIndexSize=101
[2022.03.29-21.31.55:219][  0]LogPakFile: PakFile FullDirectoryIndexSize=144
[2022.03.29-21.31.55:219][  0]LogShaderLibrary: Display: ShaderCodeLibraryPakFileMountedCallback: PakFile 'X:/Epic Games/Games4Epic/UE_4.27/FeaturePacks/TP_VehicleBP.upack' (chunk index -1, root 'root:/') mounted
[2022.03.29-21.31.55:219][  0]LogShaderLibrary: Display: ShaderCodeLibraryPakFileMountedCallback: pending pak file info (ChunkID:-1 Root:root:/ File:X:/Epic Games/Games4Epic/UE_4.27/FeaturePacks/TP_VehicleBP.upack)
[2022.03.29-21.31.55:219][  0]LogPakFile: OnPakFileMounted2Time == 0.000179
[2022.03.29-21.31.55:219][  0]LogPakFile: PakFile PrimaryIndexSize=192
[2022.03.29-21.31.55:220][  0]LogPakFile: PakFile PathHashIndexSize=101
[2022.03.29-21.31.55:220][  0]LogPakFile: PakFile FullDirectoryIndexSize=158
[2022.03.29-21.31.55:220][  0]LogShaderLibrary: Display: ShaderCodeLibraryPakFileMountedCallback: PakFile 'X:/Epic Games/Games4Epic/UE_4.27/FeaturePacks/TP_VirtualRealityBP.upack' (chunk index -1, root 'root:/') mounted
[2022.03.29-21.31.55:220][  0]LogShaderLibrary: Display: ShaderCodeLibraryPakFileMountedCallback: pending pak file info (ChunkID:-1 Root:root:/ File:X:/Epic Games/Games4Epic/UE_4.27/FeaturePacks/TP_VirtualRealityBP.upack)
[2022.03.29-21.31.55:220][  0]LogPakFile: OnPakFileMounted2Time == 0.000185
[2022.03.29-21.31.55:271][  0]LogNativeClassHierarchy: Verbose: Native class hierarchy updated for 'AddContentDialog' in 0.0003 seconds. Added 0 classes and 0 folders.
[2022.03.29-21.31.55:272][  0]LogNativeClassHierarchy: Verbose: Native class hierarchy updated for 'SceneOutliner' in 0.0002 seconds. Added 2 classes and 0 folders.
[2022.03.29-21.31.55:357][  0]LogSlate: Took 0.000289 seconds to synchronously load lazily loaded font '../../../Engine/Content/Slate/Fonts/Roboto-Regular.ttf' (155K)
[2022.03.29-21.31.55:358][  0]LogSlate: Took 0.000187 seconds to synchronously load lazily loaded font '../../../Engine/Content/Editor/Slate/Fonts/FontAwesome.ttf' (139K)
[2022.03.29-21.31.55:361][  0]LogSlate: Took 0.000219 seconds to synchronously load lazily loaded font '../../../Engine/Content/Slate/Fonts/Roboto-Bold.ttf' (160K)
[2022.03.29-21.31.55:457][  0]LogRenderer: Reallocating scene render targets to support 1208x632 Format 10 NumSamples 1 (Frame:1).
[2022.03.29-21.31.55:519][  0]LogSlate: Took 0.000195 seconds to synchronously load lazily loaded font '../../../Engine/Content/Slate/Fonts/Roboto-Light.ttf' (167K)
[2022.03.29-21.31.55:581][  0]LogNativeClassHierarchy: Verbose: Native class hierarchy updated for 'HierarchicalLODOutliner' in 0.0003 seconds. Added 0 classes and 0 folders.
[2022.03.29-21.31.55:581][  0]LogLoad: (Engine Initialization) Total time: 10.07 seconds
[2022.03.29-21.31.55:581][  0]LogLoad: (Engine Initialization) Total Blueprint compile time: 0.00 seconds
[2022.03.29-21.31.55:633][  0]LogAssetRegistry: Asset discovery search completed in 5.8216 seconds
[2022.03.29-21.31.55:639][  0]LogCollectionManager: Fixed up redirectors for 0 collections in 0.000004 seconds (updated 0 objects)
[2022.03.29-21.31.55:641][  0]LogContentStreaming: Texture pool size now 1000 MB
[2022.03.29-21.31.57:547][210]LogSlate: Took 0.000163 seconds to synchronously load lazily loaded font '../../../Engine/Content/Slate/Fonts/Roboto-Light.ttf' (167K)
[2022.03.29-21.31.57:567][210]LogAssetEditorSubsystem: Opening Asset editor for FE_WeaponDataAsset /Game/FPWeapon/WeaponDataAssets/DA_Scatter.DA_Scatter
[2022.03.29-21.31.57:654][210]LogEditCondition: Error: EditCondition parsing failed: Field name "WeaponIsFullAuto" was not found in class "FE_WeaponDataAsset".
