Log file open, 03/22/22 15:48:33
LogWindows: Failed to load 'aqProf.dll' (GetLastError=126)
LogWindows: File 'aqProf.dll' does not exist
LogWindows: Failed to load 'VtuneApi.dll' (GetLastError=126)
LogWindows: File 'VtuneApi.dll' does not exist
LogWindows: Failed to load 'VtuneApi32e.dll' (GetLastError=126)
LogWindows: File 'VtuneApi32e.dll' does not exist
LogConsoleResponse: Display: Failed to find resolution value strings in scalability ini. Falling back to default.
LogConsoleResponse: Display: Failed to find resolution value strings in scalability ini. Falling back to default.
LogInit: Display: Running engine for game: FPSExperiment
LogPlatformFile: Not using cached read wrapper
LogTaskGraph: Started task graph with 5 named threads and 35 total threads with 3 sets of task threads.
LogStats: Stats thread started at 0.570031
LogICUInternationalization: ICU TimeZone Detection - Raw Offset: -5:00, Platform Override: ''
LogInit: Display: Loading text-based GConfig....
LogPluginManager: Mounting plugin MeshPainting
LogPluginManager: Mounting plugin XGEController
LogPluginManager: Mounting plugin Paper2D
LogPluginManager: Mounting plugin LiveLink
LogPluginManager: Mounting plugin AISupport
LogPluginManager: Mounting plugin EnvironmentQueryEditor
LogPluginManager: Mounting plugin CameraShakePreviewer
LogPluginManager: Mounting plugin LightPropagationVolume
LogPluginManager: Mounting plugin OodleData
LogPluginManager: Mounting plugin OodleNetwork
LogPluginManager: Mounting plugin GameplayCameras
LogPluginManager: Mounting plugin AnimationSharing
LogPluginManager: Mounting plugin CodeLiteSourceCodeAccess
LogPluginManager: Mounting plugin CLionSourceCodeAccess
LogPluginManager: Mounting plugin NullSourceCodeAccess
LogPluginManager: Mounting plugin KDevelopSourceCodeAccess
LogPluginManager: Mounting plugin GitSourceControl
LogPluginManager: Mounting plugin PerforceSourceControl
LogPluginManager: Mounting plugin PixWinPlugin
LogPluginManager: Mounting plugin DatasmithContent
LogPluginManager: Mounting plugin PluginUtils
LogPluginManager: Mounting plugin PlasticSourceControl
LogPluginManager: Mounting plugin PropertyAccessNode
LogPluginManager: Mounting plugin RiderSourceCodeAccess
LogPluginManager: Mounting plugin SubversionSourceControl
LogPluginManager: Mounting plugin TextureFormatOodle
LogPluginManager: Mounting plugin Niagara
LogPluginManager: Mounting plugin UObjectPlugin
LogPluginManager: Mounting plugin VisualStudioCodeSourceCodeAccess
LogPluginManager: Mounting plugin VariantManagerContent
LogPluginManager: Mounting plugin VisualStudioSourceCodeAccess
LogPluginManager: Mounting plugin XCodeSourceCodeAccess
LogPluginManager: Mounting plugin AlembicImporter
LogPluginManager: Mounting plugin BackChannel
LogPluginManager: Mounting plugin AutomationUtils
LogPluginManager: Mounting plugin ChaosCloth
LogPluginManager: Mounting plugin ChaosEditor
LogPluginManager: Mounting plugin ChaosClothEditor
LogPluginManager: Mounting plugin ChaosNiagara
LogPluginManager: Mounting plugin ChaosSolverPlugin
LogPluginManager: Mounting plugin GeometryCache
LogPluginManager: Mounting plugin GeometryProcessing
LogPluginManager: Mounting plugin GeometryCollectionPlugin
LogPluginManager: Mounting plugin CharacterAI
LogPluginManager: Mounting plugin MotoSynth
LogPluginManager: Mounting plugin OpenImageDenoise
LogPluginManager: Mounting plugin PlanarCut
LogPluginManager: Mounting plugin PlatformCrypto
LogPluginManager: Mounting plugin ProxyLODPlugin
LogPluginManager: Mounting plugin PythonScriptPlugin
LogPluginManager: Mounting plugin SkeletalReduction
LogPluginManager: Mounting plugin LuminPlatformFeatures
LogPluginManager: Mounting plugin MagicLeap
LogPluginManager: Mounting plugin AndroidMedia
LogPluginManager: Mounting plugin AvfMedia
LogPluginManager: Mounting plugin MagicLeapLightEstimation
LogPluginManager: Mounting plugin MagicLeapMedia
LogPluginManager: Mounting plugin ImgMedia
LogPluginManager: Mounting plugin MagicLeapPassableWorld
LogPluginManager: Mounting plugin MediaCompositing
LogPluginManager: Mounting plugin MediaPlayerEditor
LogPluginManager: Mounting plugin MLSDK
LogPluginManager: Mounting plugin WebMMedia
LogPluginManager: Mounting plugin WmfMedia
LogPluginManager: Mounting plugin TcpMessaging
LogPluginManager: Mounting plugin UdpMessaging
LogPluginManager: Mounting plugin LevelSequenceEditor
LogPluginManager: Mounting plugin ActorSequence
LogPluginManager: Mounting plugin MatineeToLevelSequence
LogPluginManager: Mounting plugin TemplateSequence
LogPluginManager: Mounting plugin OnlineSubsystem
LogPluginManager: Mounting plugin OnlineSubsystemNull
LogPluginManager: Mounting plugin OnlineSubsystemUtils
LogPluginManager: Mounting plugin ActorLayerUtilities
LogPluginManager: Mounting plugin LauncherChunkInstaller
LogPluginManager: Mounting plugin AndroidDeviceProfileSelector
LogPluginManager: Mounting plugin AndroidMoviePlayer
LogPluginManager: Mounting plugin AndroidPermission
LogPluginManager: Mounting plugin AppleMoviePlayer
LogPluginManager: Mounting plugin AppleImageUtils
LogPluginManager: Mounting plugin AudioSynesthesia
LogPluginManager: Mounting plugin AudioCapture
LogPluginManager: Mounting plugin AssetTags
LogPluginManager: Mounting plugin ChunkDownloader
LogPluginManager: Mounting plugin EditableMesh
LogPluginManager: Mounting plugin CustomMeshComponent
LogPluginManager: Mounting plugin ExampleDeviceProfileSelector
LogPluginManager: Mounting plugin ArchVisCharacter
LogPluginManager: Mounting plugin CableComponent
LogPluginManager: Mounting plugin GoogleCloudMessaging
LogPluginManager: Mounting plugin GooglePAD
LogPluginManager: Mounting plugin IOSDeviceProfileSelector
LogPluginManager: Mounting plugin LinuxDeviceProfileSelector
LogPluginManager: Mounting plugin LocationServicesBPLibrary
LogPluginManager: Mounting plugin MobilePatchingUtils
LogPluginManager: Mounting plugin OpenXREyeTracker
LogPluginManager: Mounting plugin OpenXR
LogPluginManager: Mounting plugin OpenXRHandTracking
LogPluginManager: Mounting plugin PhysXVehicles
LogPluginManager: Mounting plugin PostSplashScreen
LogPluginManager: Mounting plugin ScreenshotTools
LogPluginManager: Mounting plugin PropertyAccessEditor
LogPluginManager: Mounting plugin ProceduralMeshComponent
LogPluginManager: Mounting plugin RuntimePhysXCooking
LogPluginManager: Mounting plugin SignificanceManager
LogPluginManager: Mounting plugin SoundFields
LogPluginManager: Mounting plugin Synthesis
LogPluginManager: Mounting plugin WebMMoviePlayer
LogPluginManager: Mounting plugin WindowsMoviePlayer
LogPluginManager: Mounting plugin AssetManagerEditor
LogPluginManager: Mounting plugin CryptoKeys
LogPluginManager: Mounting plugin DataValidation
LogPluginManager: Mounting plugin CurveEditorTools
LogPluginManager: Mounting plugin FacialAnimation
LogPluginManager: Mounting plugin GameplayTagsEditor
LogPluginManager: Mounting plugin GeometryMode
LogPluginManager: Mounting plugin MacGraphicsSwitching
LogPluginManager: Mounting plugin MaterialAnalyzer
LogPluginManager: Mounting plugin PluginBrowser
LogPluginManager: Mounting plugin MobileLauncherProfileWizard
LogPluginManager: Mounting plugin Takes
LogPluginManager: Mounting plugin SpeedTreeImporter
LogPluginManager: Mounting plugin OnlineSubsystemGooglePlay
LogPluginManager: Mounting plugin OnlineSubsystemIOS
LogPluginManager: Mounting plugin OculusVR
LogPluginManager: Mounting plugin SteamVR
LogPluginManager: Mounting plugin ContentBrowserAssetDataSource
LogPluginManager: Mounting plugin ContentBrowserClassDataSource
LogPluginManager: Mounting plugin ContentBrowserFileDataSource
PixWinPlugin: PIX capture plugin failed to initialize! Check that the process is launched from PIX.
LogInit: Using libcurl 7.55.1-DEV
LogInit:  - built for x86_64-pc-win32
LogInit:  - supports SSL with OpenSSL/1.1.1
LogInit:  - supports HTTP deflate (compression) using libz 1.2.8
LogInit:  - other features:
LogInit:      CURL_VERSION_SSL
LogInit:      CURL_VERSION_LIBZ
LogInit:      CURL_VERSION_IPV6
LogInit:      CURL_VERSION_ASYNCHDNS
LogInit:      CURL_VERSION_LARGEFILE
LogInit:      CURL_VERSION_IDN
LogInit:  CurlRequestOptions (configurable via config and command line):
LogInit:  - bVerifyPeer = true  - Libcurl will verify peer certificate
LogInit:  - bUseHttpProxy = false  - Libcurl will NOT use HTTP proxy
LogInit:  - bDontReuseConnections = false  - Libcurl will reuse connections
LogInit:  - MaxHostConnections = 16  - Libcurl will limit the number of connections to a host
LogInit:  - LocalHostAddr = Default
LogInit:  - BufferSize = 65536
LogOnline: OSS: Creating online subsystem instance for: NULL
LogInit: WinSock: version 1.1 (2.2), MaxSocks=32767, MaxUdp=65467
LogOnline: OSS: TryLoadSubsystemAndSetDefault: Loaded subsystem for module [NULL]
LogOculusPluginWrapper: OculusPlugin initialized successfully
LogHMD: Failed initializing OVRPlugin 1.59.0
LogInit: Build: ++UE4+Release-4.27-CL-17735300
LogInit: Engine Version: 4.27.1-17735300+++UE4+Release-4.27
LogInit: Compatible Engine Version: 4.27.0-17155196+++UE4+Release-4.27
LogInit: Net CL: 17155196
LogInit: OS: Windows 10 (Release 2009) (), CPU: AMD Ryzen 5 2600 Six-Core Processor            , GPU: NVIDIA GeForce RTX 3070
LogInit: Compiled (64-bit): Oct  6 2021 14:42:51
LogInit: Compiled with Visual C++: 19.24.28315.00
LogInit: Build Configuration: Development
LogInit: Branch Name: ++UE4+Release-4.27
LogInit: Command Line:  -skipcompile
LogInit: Base Directory: X:/Epic Games/Games4Epic/UE_4.27/Engine/Binaries/Win64/
LogInit: Allocator: TBB
LogInit: Installed Engine Build: 1
LogDevObjectVersion: Number of dev versions registered: 29
LogDevObjectVersion:   Dev-Blueprints (B0D832E4-1F89-4F0D-ACCF-7EB736FD4AA2): 10
LogDevObjectVersion:   Dev-Build (E1C64328-A22C-4D53-A36C-8E866417BD8C): 0
LogDevObjectVersion:   Dev-Core (375EC13C-06E4-48FB-B500-84F0262A717E): 4
LogDevObjectVersion:   Dev-Editor (E4B068ED-F494-42E9-A231-DA0B2E46BB41): 40
LogDevObjectVersion:   Dev-Framework (CFFC743F-43B0-4480-9391-14DF171D2073): 37
LogDevObjectVersion:   Dev-Mobile (B02B49B5-BB20-44E9-A304-32B752E40360): 3
LogDevObjectVersion:   Dev-Networking (A4E4105C-59A1-49B5-A7C5-40C4547EDFEE): 0
LogDevObjectVersion:   Dev-Online (39C831C9-5AE6-47DC-9A44-9C173E1C8E7C): 0
LogDevObjectVersion:   Dev-Physics (78F01B33-EBEA-4F98-B9B4-84EACCB95AA2): 14
LogDevObjectVersion:   Dev-Platform (6631380F-2D4D-43E0-8009-CF276956A95A): 0
LogDevObjectVersion:   Dev-Rendering (12F88B9F-8875-4AFC-A67C-D90C383ABD29): 45
LogDevObjectVersion:   Dev-Sequencer (7B5AE74C-D270-4C10-A958-57980B212A5A): 13
LogDevObjectVersion:   Dev-VR (D7296918-1DD6-4BDD-9DE2-64A83CC13884): 3
LogDevObjectVersion:   Dev-LoadTimes (C2A15278-BFE7-4AFE-6C17-90FF531DF755): 1
LogDevObjectVersion:   Private-Geometry (6EACA3D4-40EC-4CC1-B786-8BED09428FC5): 3
LogDevObjectVersion:   Dev-AnimPhys (29E575DD-E0A3-4627-9D10-D276232CDCEA): 17
LogDevObjectVersion:   Dev-Anim (AF43A65D-7FD3-4947-9873-3E8ED9C1BB05): 15
LogDevObjectVersion:   Dev-ReflectionCapture (6B266CEC-1EC7-4B8F-A30B-E4D90942FC07): 1
LogDevObjectVersion:   Dev-Automation (0DF73D61-A23F-47EA-B727-89E90C41499A): 1
LogDevObjectVersion:   FortniteMain (601D1886-AC64-4F84-AA16-D3DE0DEAC7D6): 47
LogDevObjectVersion:   FortniteRelease (E7086368-6B23-4C58-8439-1B7016265E91): 1
LogDevObjectVersion:   Dev-Enterprise (9DFFBCD6-494F-0158-E221-12823C92A888): 10
LogDevObjectVersion:   Dev-Niagara (F2AED0AC-9AFE-416F-8664-AA7FFA26D6FC): 1
LogDevObjectVersion:   Dev-Destruction (174F1F0B-B4C6-45A5-B13F-2EE8D0FB917D): 10
LogDevObjectVersion:   Dev-Physics-Ext (35F94A83-E258-406C-A318-09F59610247C): 41
LogDevObjectVersion:   Dev-PhysicsMaterial-Chaos (B68FC16E-8B1B-42E2-B453-215C058844FE): 1
LogDevObjectVersion:   Dev-CineCamera (B2E18506-4273-CFC2-A54E-F4BB758BBA07): 1
LogDevObjectVersion:   Dev-VirtualProduction (64F58936-FD1B-42BA-BA96-7289D5D0FA4E): 1
LogDevObjectVersion:   Dev-MediaFramework (6F0ED827-A609-4895-9C91-998D90180EA4): 2
LogInit: Presizing for max 25165824 objects, including 0 objects not considered by GC, pre-allocating 0 bytes for permanent pool.
LogConfig: Applying CVar settings from Section [/Script/Engine.StreamingSettings] File [X:/Repo/UnrealFPS/UnrealFPSExperiment/FPSExperiment/Saved/Config/Windows/Engine.ini]
LogConfig: Setting CVar [[s.MinBulkDataSizeForAsyncLoading:131072]]
LogConfig: Setting CVar [[s.AsyncLoadingThreadEnabled:0]]
LogConfig: Setting CVar [[s.EventDrivenLoaderEnabled:1]]
LogConfig: Setting CVar [[s.WarnIfTimeLimitExceeded:0]]
LogConfig: Setting CVar [[s.TimeLimitExceededMultiplier:1.5]]
LogConfig: Setting CVar [[s.TimeLimitExceededMinTime:0.005]]
LogConfig: Setting CVar [[s.UseBackgroundLevelStreaming:1]]
LogConfig: Setting CVar [[s.PriorityAsyncLoadingExtraTime:15.0]]
LogConfig: Setting CVar [[s.LevelStreamingActorsUpdateTimeLimit:5.0]]
LogConfig: Setting CVar [[s.PriorityLevelStreamingActorsUpdateExtraTime:5.0]]
LogConfig: Setting CVar [[s.LevelStreamingComponentsRegistrationGranularity:10]]
LogConfig: Setting CVar [[s.UnregisterComponentsTimeLimit:1.0]]
LogConfig: Setting CVar [[s.LevelStreamingComponentsUnregistrationGranularity:5]]
LogConfig: Setting CVar [[s.FlushStreamingOnExit:1]]
LogInit: Object subsystem initialized
LogConfig: Setting CVar [[con.DebugEarlyDefault:1]]
LogConfig: Setting CVar [[r.setres:1280x720]]
[2022.03.22-19.48.35:386][  0]LogConfig: Setting CVar [[r.VSync:0]]
[2022.03.22-19.48.35:386][  0]LogConfig: Setting CVar [[r.RHICmdBypass:0]]
[2022.03.22-19.48.35:386][  0]LogConfig: Applying CVar settings from Section [/Script/Engine.RendererSettings] File [X:/Repo/UnrealFPS/UnrealFPSExperiment/FPSExperiment/Saved/Config/Windows/Engine.ini]
[2022.03.22-19.48.35:387][  0]LogConfig: Setting CVar [[r.GPUCrashDebugging:0]]
[2022.03.22-19.48.35:387][  0]LogConfig: Applying CVar settings from Section [/Script/Engine.RendererOverrideSettings] File [X:/Repo/UnrealFPS/UnrealFPSExperiment/FPSExperiment/Saved/Config/Windows/Engine.ini]
[2022.03.22-19.48.35:387][  0]LogConfig: Applying CVar settings from Section [/Script/Engine.StreamingSettings] File [X:/Repo/UnrealFPS/UnrealFPSExperiment/FPSExperiment/Saved/Config/Windows/Engine.ini]
[2022.03.22-19.48.35:387][  0]LogConfig: Setting CVar [[s.MinBulkDataSizeForAsyncLoading:131072]]
[2022.03.22-19.48.35:387][  0]LogConfig: Setting CVar [[s.AsyncLoadingThreadEnabled:0]]
[2022.03.22-19.48.35:387][  0]LogConfig: Setting CVar [[s.EventDrivenLoaderEnabled:1]]
[2022.03.22-19.48.35:387][  0]LogConfig: Setting CVar [[s.WarnIfTimeLimitExceeded:0]]
[2022.03.22-19.48.35:387][  0]LogConfig: Setting CVar [[s.TimeLimitExceededMultiplier:1.5]]
[2022.03.22-19.48.35:387][  0]LogConfig: Setting CVar [[s.TimeLimitExceededMinTime:0.005]]
[2022.03.22-19.48.35:387][  0]LogConfig: Setting CVar [[s.UseBackgroundLevelStreaming:1]]
[2022.03.22-19.48.35:387][  0]LogConfig: Setting CVar [[s.PriorityAsyncLoadingExtraTime:15.0]]
[2022.03.22-19.48.35:387][  0]LogConfig: Setting CVar [[s.LevelStreamingActorsUpdateTimeLimit:5.0]]
[2022.03.22-19.48.35:387][  0]LogConfig: Setting CVar [[s.PriorityLevelStreamingActorsUpdateExtraTime:5.0]]
[2022.03.22-19.48.35:387][  0]LogConfig: Setting CVar [[s.LevelStreamingComponentsRegistrationGranularity:10]]
[2022.03.22-19.48.35:387][  0]LogConfig: Setting CVar [[s.UnregisterComponentsTimeLimit:1.0]]
[2022.03.22-19.48.35:387][  0]LogConfig: Setting CVar [[s.LevelStreamingComponentsUnregistrationGranularity:5]]
[2022.03.22-19.48.35:388][  0]LogConfig: Setting CVar [[s.FlushStreamingOnExit:1]]
[2022.03.22-19.48.35:388][  0]LogConfig: Applying CVar settings from Section [/Script/Engine.GarbageCollectionSettings] File [X:/Repo/UnrealFPS/UnrealFPSExperiment/FPSExperiment/Saved/Config/Windows/Engine.ini]
[2022.03.22-19.48.35:388][  0]LogConfig: Setting CVar [[gc.MaxObjectsNotConsideredByGC:1]]
[2022.03.22-19.48.35:388][  0]LogConfig: Setting CVar [[gc.SizeOfPermanentObjectPool:0]]
[2022.03.22-19.48.35:388][  0]LogConfig: Setting CVar [[gc.FlushStreamingOnGC:0]]
[2022.03.22-19.48.35:388][  0]LogConfig: Setting CVar [[gc.NumRetriesBeforeForcingGC:10]]
[2022.03.22-19.48.35:388][  0]LogConfig: Setting CVar [[gc.AllowParallelGC:1]]
[2022.03.22-19.48.35:388][  0]LogConfig: Setting CVar [[gc.TimeBetweenPurgingPendingKillObjects:61.1]]
[2022.03.22-19.48.35:388][  0]LogConfig: Setting CVar [[gc.MaxObjectsInEditor:25165824]]
[2022.03.22-19.48.35:388][  0]LogConfig: Setting CVar [[gc.IncrementalBeginDestroyEnabled:1]]
[2022.03.22-19.48.35:388][  0]LogConfig: Setting CVar [[gc.CreateGCClusters:1]]
[2022.03.22-19.48.35:388][  0]LogConfig: Setting CVar [[gc.MinGCClusterSize:5]]
[2022.03.22-19.48.35:388][  0]LogConfig: Setting CVar [[gc.ActorClusteringEnabled:0]]
[2022.03.22-19.48.35:388][  0]LogConfig: Setting CVar [[gc.BlueprintClusteringEnabled:0]]
[2022.03.22-19.48.35:388][  0]LogConfig: Setting CVar [[gc.UseDisregardForGCOnDedicatedServers:0]]
[2022.03.22-19.48.35:388][  0]LogConfig: Setting CVar [[gc.MultithreadedDestructionEnabled:1]]
[2022.03.22-19.48.35:388][  0]LogConfig: Applying CVar settings from Section [/Script/Engine.NetworkSettings] File [X:/Repo/UnrealFPS/UnrealFPSExperiment/FPSExperiment/Saved/Config/Windows/Engine.ini]
[2022.03.22-19.48.35:388][  0]LogConfig: Applying CVar settings from Section [/Script/UnrealEd.CookerSettings] File [X:/Repo/UnrealFPS/UnrealFPSExperiment/FPSExperiment/Saved/Config/Windows/Engine.ini]
[2022.03.22-19.48.35:404][  0]LogConfig: Applying CVar settings from Section [ViewDistanceQuality@3] File [X:/Repo/UnrealFPS/UnrealFPSExperiment/FPSExperiment/Saved/Config/Windows/Scalability.ini]
[2022.03.22-19.48.35:404][  0]LogConfig: Setting CVar [[r.SkeletalMeshLODBias:0]]
[2022.03.22-19.48.35:404][  0]LogConfig: Setting CVar [[r.ViewDistanceScale:1.0]]
[2022.03.22-19.48.35:404][  0]LogConfig: Applying CVar settings from Section [AntiAliasingQuality@3] File [X:/Repo/UnrealFPS/UnrealFPSExperiment/FPSExperiment/Saved/Config/Windows/Scalability.ini]
[2022.03.22-19.48.35:404][  0]LogConfig: Setting CVar [[r.PostProcessAAQuality:4]]
[2022.03.22-19.48.35:404][  0]LogConfig: Applying CVar settings from Section [ShadowQuality@3] File [X:/Repo/UnrealFPS/UnrealFPSExperiment/FPSExperiment/Saved/Config/Windows/Scalability.ini]
[2022.03.22-19.48.35:404][  0]LogConfig: Setting CVar [[r.LightFunctionQuality:1]]
[2022.03.22-19.48.35:404][  0]LogConfig: Setting CVar [[r.ShadowQuality:5]]
[2022.03.22-19.48.35:404][  0]LogConfig: Setting CVar [[r.Shadow.CSM.MaxCascades:10]]
[2022.03.22-19.48.35:404][  0]LogConfig: Setting CVar [[r.Shadow.MaxResolution:2048]]
[2022.03.22-19.48.35:404][  0]LogConfig: Setting CVar [[r.Shadow.MaxCSMResolution:2048]]
[2022.03.22-19.48.35:404][  0]LogConfig: Setting CVar [[r.Shadow.RadiusThreshold:0.01]]
[2022.03.22-19.48.35:405][  0]LogConfig: Setting CVar [[r.Shadow.DistanceScale:1.0]]
[2022.03.22-19.48.35:405][  0]LogConfig: Setting CVar [[r.Shadow.CSM.TransitionScale:1.0]]
[2022.03.22-19.48.35:405][  0]LogConfig: Setting CVar [[r.Shadow.PreShadowResolutionFactor:1.0]]
[2022.03.22-19.48.35:405][  0]LogConfig: Setting CVar [[r.DistanceFieldShadowing:1]]
[2022.03.22-19.48.35:405][  0]LogConfig: Setting CVar [[r.DistanceFieldAO:1]]
[2022.03.22-19.48.35:405][  0]LogConfig: Setting CVar [[r.AOQuality:2]]
[2022.03.22-19.48.35:405][  0]LogConfig: Setting CVar [[r.VolumetricFog:1]]
[2022.03.22-19.48.35:405][  0]LogConfig: Setting CVar [[r.VolumetricFog.GridPixelSize:8]]
[2022.03.22-19.48.35:405][  0]LogConfig: Setting CVar [[r.VolumetricFog.GridSizeZ:128]]
[2022.03.22-19.48.35:405][  0]LogConfig: Setting CVar [[r.VolumetricFog.HistoryMissSupersampleCount:4]]
[2022.03.22-19.48.35:405][  0]LogConfig: Setting CVar [[r.LightMaxDrawDistanceScale:1]]
[2022.03.22-19.48.35:405][  0]LogConfig: Setting CVar [[r.CapsuleShadows:1]]
[2022.03.22-19.48.35:405][  0]LogConfig: Applying CVar settings from Section [PostProcessQuality@3] File [X:/Repo/UnrealFPS/UnrealFPSExperiment/FPSExperiment/Saved/Config/Windows/Scalability.ini]
[2022.03.22-19.48.35:405][  0]LogConfig: Setting CVar [[r.MotionBlurQuality:4]]
[2022.03.22-19.48.35:405][  0]LogConfig: Setting CVar [[r.AmbientOcclusionMipLevelFactor:0.4]]
[2022.03.22-19.48.35:405][  0]LogConfig: Setting CVar [[r.AmbientOcclusionMaxQuality:100]]
[2022.03.22-19.48.35:405][  0]LogConfig: Setting CVar [[r.AmbientOcclusionLevels:-1]]
[2022.03.22-19.48.35:405][  0]LogConfig: Setting CVar [[r.AmbientOcclusionRadiusScale:1.0]]
[2022.03.22-19.48.35:406][  0]LogConfig: Setting CVar [[r.DepthOfFieldQuality:2]]
[2022.03.22-19.48.35:406][  0]LogConfig: Setting CVar [[r.RenderTargetPoolMin:400]]
[2022.03.22-19.48.35:406][  0]LogConfig: Setting CVar [[r.LensFlareQuality:2]]
[2022.03.22-19.48.35:406][  0]LogConfig: Setting CVar [[r.SceneColorFringeQuality:1]]
[2022.03.22-19.48.35:406][  0]LogConfig: Setting CVar [[r.EyeAdaptationQuality:2]]
[2022.03.22-19.48.35:406][  0]LogConfig: Setting CVar [[r.BloomQuality:5]]
[2022.03.22-19.48.35:406][  0]LogConfig: Setting CVar [[r.FastBlurThreshold:100]]
[2022.03.22-19.48.35:406][  0]LogConfig: Setting CVar [[r.Upscale.Quality:3]]
[2022.03.22-19.48.35:406][  0]LogConfig: Setting CVar [[r.Tonemapper.GrainQuantization:1]]
[2022.03.22-19.48.35:406][  0]LogConfig: Setting CVar [[r.LightShaftQuality:1]]
[2022.03.22-19.48.35:406][  0]LogConfig: Setting CVar [[r.Filter.SizeScale:1]]
[2022.03.22-19.48.35:406][  0]LogConfig: Setting CVar [[r.Tonemapper.Quality:5]]
[2022.03.22-19.48.35:406][  0]LogConfig: Setting CVar [[r.DOF.Gather.AccumulatorQuality:1        ; higher gathering accumulator quality]]
[2022.03.22-19.48.35:406][  0]LogConfig: Setting CVar [[r.DOF.Gather.PostfilterMethod:1          ; Median3x3 postfilering method]]
[2022.03.22-19.48.35:406][  0]LogConfig: Setting CVar [[r.DOF.Gather.EnableBokehSettings:0       ; no bokeh simulation when gathering]]
[2022.03.22-19.48.35:406][  0]LogConfig: Setting CVar [[r.DOF.Gather.RingCount:4                 ; medium number of samples when gathering]]
[2022.03.22-19.48.35:406][  0]LogConfig: Setting CVar [[r.DOF.Scatter.ForegroundCompositing:1    ; additive foreground scattering]]
[2022.03.22-19.48.35:406][  0]LogConfig: Setting CVar [[r.DOF.Scatter.BackgroundCompositing:2    ; additive background scattering]]
[2022.03.22-19.48.35:406][  0]LogConfig: Setting CVar [[r.DOF.Scatter.EnableBokehSettings:1      ; bokeh simulation when scattering]]
[2022.03.22-19.48.35:406][  0]LogConfig: Setting CVar [[r.DOF.Scatter.MaxSpriteRatio:0.1         ; only a maximum of 10% of scattered bokeh]]
[2022.03.22-19.48.35:407][  0]LogConfig: Setting CVar [[r.DOF.Recombine.Quality:1                ; cheap slight out of focus]]
[2022.03.22-19.48.35:407][  0]LogConfig: Setting CVar [[r.DOF.Recombine.EnableBokehSettings:0    ; no bokeh simulation on slight out of focus]]
[2022.03.22-19.48.35:407][  0]LogConfig: Setting CVar [[r.DOF.TemporalAAQuality:1                ; more stable temporal accumulation]]
[2022.03.22-19.48.35:407][  0]LogConfig: Setting CVar [[r.DOF.Kernel.MaxForegroundRadius:0.025]]
[2022.03.22-19.48.35:407][  0]LogConfig: Setting CVar [[r.DOF.Kernel.MaxBackgroundRadius:0.025]]
[2022.03.22-19.48.35:407][  0]LogConfig: Applying CVar settings from Section [TextureQuality@3] File [X:/Repo/UnrealFPS/UnrealFPSExperiment/FPSExperiment/Saved/Config/Windows/Scalability.ini]
[2022.03.22-19.48.35:407][  0]LogConfig: Setting CVar [[r.Streaming.MipBias:0]]
[2022.03.22-19.48.35:407][  0]LogConfig: Setting CVar [[r.Streaming.AmortizeCPUToGPUCopy:0]]
[2022.03.22-19.48.35:407][  0]LogConfig: Setting CVar [[r.Streaming.MaxNumTexturesToStreamPerFrame:0]]
[2022.03.22-19.48.35:407][  0]LogConfig: Setting CVar [[r.Streaming.Boost:1]]
[2022.03.22-19.48.35:407][  0]LogConfig: Setting CVar [[r.MaxAnisotropy:8]]
[2022.03.22-19.48.35:407][  0]LogConfig: Setting CVar [[r.VT.MaxAnisotropy:8]]
[2022.03.22-19.48.35:407][  0]LogConfig: Setting CVar [[r.Streaming.LimitPoolSizeToVRAM:0]]
[2022.03.22-19.48.35:407][  0]LogConfig: Setting CVar [[r.Streaming.PoolSize:1000]]
[2022.03.22-19.48.35:407][  0]LogConfig: Setting CVar [[r.Streaming.MaxEffectiveScreenSize:0]]
[2022.03.22-19.48.35:407][  0]LogConfig: Applying CVar settings from Section [EffectsQuality@3] File [X:/Repo/UnrealFPS/UnrealFPSExperiment/FPSExperiment/Saved/Config/Windows/Scalability.ini]
[2022.03.22-19.48.35:407][  0]LogConfig: Setting CVar [[r.TranslucencyLightingVolumeDim:64]]
[2022.03.22-19.48.35:407][  0]LogConfig: Setting CVar [[r.RefractionQuality:2]]
[2022.03.22-19.48.35:407][  0]LogConfig: Setting CVar [[r.SSR.Quality:3]]
[2022.03.22-19.48.35:407][  0]LogConfig: Setting CVar [[r.SSR.HalfResSceneColor:0]]
[2022.03.22-19.48.35:408][  0]LogConfig: Setting CVar [[r.SceneColorFormat:4]]
[2022.03.22-19.48.35:408][  0]LogConfig: Setting CVar [[r.DetailMode:2]]
[2022.03.22-19.48.35:408][  0]LogConfig: Setting CVar [[r.TranslucencyVolumeBlur:1]]
[2022.03.22-19.48.35:408][  0]LogConfig: Setting CVar [[r.MaterialQualityLevel:1 ; High quality]]
[2022.03.22-19.48.35:408][  0]LogConfig: Setting CVar [[r.AnisotropicMaterials:1]]
[2022.03.22-19.48.35:408][  0]LogConfig: Setting CVar [[r.SSS.Scale:1]]
[2022.03.22-19.48.35:408][  0]LogConfig: Setting CVar [[r.SSS.SampleSet:2]]
[2022.03.22-19.48.35:408][  0]LogConfig: Setting CVar [[r.SSS.Quality:1]]
[2022.03.22-19.48.35:408][  0]LogConfig: Setting CVar [[r.SSS.HalfRes:0]]
[2022.03.22-19.48.35:408][  0]LogConfig: Setting CVar [[r.SSGI.Quality:3]]
[2022.03.22-19.48.35:408][  0]LogConfig: Setting CVar [[r.EmitterSpawnRateScale:1.0]]
[2022.03.22-19.48.35:408][  0]LogConfig: Setting CVar [[r.ParticleLightQuality:2]]
[2022.03.22-19.48.35:408][  0]LogConfig: Setting CVar [[r.SkyAtmosphere.AerialPerspectiveLUT.FastApplyOnOpaque:1 ; Always have FastSkyLUT 1 in this case to avoid wrong sky]]
[2022.03.22-19.48.35:408][  0]LogConfig: Setting CVar [[r.SkyAtmosphere.AerialPerspectiveLUT.SampleCountMaxPerSlice:4]]
[2022.03.22-19.48.35:408][  0]LogConfig: Setting CVar [[r.SkyAtmosphere.AerialPerspectiveLUT.DepthResolution:16.0]]
[2022.03.22-19.48.35:408][  0]LogConfig: Setting CVar [[r.SkyAtmosphere.FastSkyLUT:1]]
[2022.03.22-19.48.35:408][  0]LogConfig: Setting CVar [[r.SkyAtmosphere.FastSkyLUT.SampleCountMin:4.0]]
[2022.03.22-19.48.35:408][  0]LogConfig: Setting CVar [[r.SkyAtmosphere.FastSkyLUT.SampleCountMax:128.0]]
[2022.03.22-19.48.35:408][  0]LogConfig: Setting CVar [[r.SkyAtmosphere.SampleCountMin:4.0]]
[2022.03.22-19.48.35:409][  0]LogConfig: Setting CVar [[r.SkyAtmosphere.SampleCountMax:128.0]]
[2022.03.22-19.48.35:409][  0]LogConfig: Setting CVar [[r.SkyAtmosphere.TransmittanceLUT.UseSmallFormat:0]]
[2022.03.22-19.48.35:409][  0]LogConfig: Setting CVar [[r.SkyAtmosphere.TransmittanceLUT.SampleCount:10.0]]
[2022.03.22-19.48.35:409][  0]LogConfig: Setting CVar [[r.SkyAtmosphere.MultiScatteringLUT.SampleCount:15.0]]
[2022.03.22-19.48.35:409][  0]LogConfig: Setting CVar [[r.SkyLight.RealTimeReflectionCapture:1]]
[2022.03.22-19.48.35:409][  0]LogConfig: Applying CVar settings from Section [FoliageQuality@3] File [X:/Repo/UnrealFPS/UnrealFPSExperiment/FPSExperiment/Saved/Config/Windows/Scalability.ini]
[2022.03.22-19.48.35:409][  0]LogConfig: Setting CVar [[foliage.DensityScale:1.0]]
[2022.03.22-19.48.35:409][  0]LogConfig: Setting CVar [[grass.DensityScale:1.0]]
[2022.03.22-19.48.35:409][  0]LogConfig: Applying CVar settings from Section [ShadingQuality@3] File [X:/Repo/UnrealFPS/UnrealFPSExperiment/FPSExperiment/Saved/Config/Windows/Scalability.ini]
[2022.03.22-19.48.35:409][  0]LogConfig: Setting CVar [[r.HairStrands.SkyLighting.IntegrationType:2]]
[2022.03.22-19.48.35:409][  0]LogConfig: Setting CVar [[r.HairStrands.SkyAO.SampleCount:4]]
[2022.03.22-19.48.35:409][  0]LogConfig: Setting CVar [[r.HairStrands.Visibility.MSAA.SamplePerPixel:4]]
[2022.03.22-19.48.35:409][  0]LogInit: Selected Device Profile: [Windows]
[2022.03.22-19.48.35:409][  0]LogInit: Applying CVar settings loaded from the selected device profile: [Windows]
[2022.03.22-19.48.35:409][  0]LogHAL: Display: Platform has ~ 32 GB [34307088384 / 34359738368 / 32], which maps to Largest [LargestMinGB=32, LargerMinGB=12, DefaultMinGB=8, SmallerMinGB=6, SmallestMinGB=0)
[2022.03.22-19.48.35:409][  0]LogInit: Going up to parent DeviceProfile []
[2022.03.22-19.48.35:409][  0]LogConfig: Applying CVar settings from Section [ViewDistanceQuality@3] File [X:/Repo/UnrealFPS/UnrealFPSExperiment/FPSExperiment/Saved/Config/Windows/Scalability.ini]
[2022.03.22-19.48.35:410][  0]LogConfig: Setting CVar [[r.SkeletalMeshLODBias:0]]
[2022.03.22-19.48.35:410][  0]LogConfig: Setting CVar [[r.ViewDistanceScale:1.0]]
[2022.03.22-19.48.35:410][  0]LogConfig: Applying CVar settings from Section [AntiAliasingQuality@3] File [X:/Repo/UnrealFPS/UnrealFPSExperiment/FPSExperiment/Saved/Config/Windows/Scalability.ini]
[2022.03.22-19.48.35:410][  0]LogConfig: Setting CVar [[r.PostProcessAAQuality:4]]
[2022.03.22-19.48.35:410][  0]LogConfig: Applying CVar settings from Section [ShadowQuality@3] File [X:/Repo/UnrealFPS/UnrealFPSExperiment/FPSExperiment/Saved/Config/Windows/Scalability.ini]
[2022.03.22-19.48.35:410][  0]LogConfig: Setting CVar [[r.LightFunctionQuality:1]]
[2022.03.22-19.48.35:410][  0]LogConfig: Setting CVar [[r.ShadowQuality:5]]
[2022.03.22-19.48.35:410][  0]LogConfig: Setting CVar [[r.Shadow.CSM.MaxCascades:10]]
[2022.03.22-19.48.35:410][  0]LogConfig: Setting CVar [[r.Shadow.MaxResolution:2048]]
[2022.03.22-19.48.35:410][  0]LogConfig: Setting CVar [[r.Shadow.MaxCSMResolution:2048]]
[2022.03.22-19.48.35:410][  0]LogConfig: Setting CVar [[r.Shadow.RadiusThreshold:0.01]]
[2022.03.22-19.48.35:410][  0]LogConfig: Setting CVar [[r.Shadow.DistanceScale:1.0]]
[2022.03.22-19.48.35:410][  0]LogConfig: Setting CVar [[r.Shadow.CSM.TransitionScale:1.0]]
[2022.03.22-19.48.35:410][  0]LogConfig: Setting CVar [[r.Shadow.PreShadowResolutionFactor:1.0]]
[2022.03.22-19.48.35:410][  0]LogConfig: Setting CVar [[r.DistanceFieldShadowing:1]]
[2022.03.22-19.48.35:410][  0]LogConfig: Setting CVar [[r.DistanceFieldAO:1]]
[2022.03.22-19.48.35:411][  0]LogConfig: Setting CVar [[r.AOQuality:2]]
[2022.03.22-19.48.35:411][  0]LogConfig: Setting CVar [[r.VolumetricFog:1]]
[2022.03.22-19.48.35:411][  0]LogConfig: Setting CVar [[r.VolumetricFog.GridPixelSize:8]]
[2022.03.22-19.48.35:411][  0]LogConfig: Setting CVar [[r.VolumetricFog.GridSizeZ:128]]
[2022.03.22-19.48.35:411][  0]LogConfig: Setting CVar [[r.VolumetricFog.HistoryMissSupersampleCount:4]]
[2022.03.22-19.48.35:411][  0]LogConfig: Setting CVar [[r.LightMaxDrawDistanceScale:1]]
[2022.03.22-19.48.35:411][  0]LogConfig: Setting CVar [[r.CapsuleShadows:1]]
[2022.03.22-19.48.35:411][  0]LogConfig: Applying CVar settings from Section [PostProcessQuality@3] File [X:/Repo/UnrealFPS/UnrealFPSExperiment/FPSExperiment/Saved/Config/Windows/Scalability.ini]
[2022.03.22-19.48.35:411][  0]LogConfig: Setting CVar [[r.MotionBlurQuality:4]]
[2022.03.22-19.48.35:411][  0]LogConfig: Setting CVar [[r.AmbientOcclusionMipLevelFactor:0.4]]
[2022.03.22-19.48.35:411][  0]LogConfig: Setting CVar [[r.AmbientOcclusionMaxQuality:100]]
[2022.03.22-19.48.35:411][  0]LogConfig: Setting CVar [[r.AmbientOcclusionLevels:-1]]
[2022.03.22-19.48.35:411][  0]LogConfig: Setting CVar [[r.AmbientOcclusionRadiusScale:1.0]]
[2022.03.22-19.48.35:411][  0]LogConfig: Setting CVar [[r.DepthOfFieldQuality:2]]
[2022.03.22-19.48.35:411][  0]LogConfig: Setting CVar [[r.RenderTargetPoolMin:400]]
[2022.03.22-19.48.35:412][  0]LogConfig: Setting CVar [[r.LensFlareQuality:2]]
[2022.03.22-19.48.35:412][  0]LogConfig: Setting CVar [[r.SceneColorFringeQuality:1]]
[2022.03.22-19.48.35:412][  0]LogConfig: Setting CVar [[r.EyeAdaptationQuality:2]]
[2022.03.22-19.48.35:412][  0]LogConfig: Setting CVar [[r.BloomQuality:5]]
[2022.03.22-19.48.35:412][  0]LogConfig: Setting CVar [[r.FastBlurThreshold:100]]
[2022.03.22-19.48.35:412][  0]LogConfig: Setting CVar [[r.Upscale.Quality:3]]
[2022.03.22-19.48.35:412][  0]LogConfig: Setting CVar [[r.Tonemapper.GrainQuantization:1]]
[2022.03.22-19.48.35:412][  0]LogConfig: Setting CVar [[r.LightShaftQuality:1]]
[2022.03.22-19.48.35:412][  0]LogConfig: Setting CVar [[r.Filter.SizeScale:1]]
[2022.03.22-19.48.35:412][  0]LogConfig: Setting CVar [[r.Tonemapper.Quality:5]]
[2022.03.22-19.48.35:412][  0]LogConfig: Setting CVar [[r.DOF.Gather.AccumulatorQuality:1        ; higher gathering accumulator quality]]
[2022.03.22-19.48.35:412][  0]LogConfig: Setting CVar [[r.DOF.Gather.PostfilterMethod:1          ; Median3x3 postfilering method]]
[2022.03.22-19.48.35:412][  0]LogConfig: Setting CVar [[r.DOF.Gather.EnableBokehSettings:0       ; no bokeh simulation when gathering]]
[2022.03.22-19.48.35:412][  0]LogConfig: Setting CVar [[r.DOF.Gather.RingCount:4                 ; medium number of samples when gathering]]
[2022.03.22-19.48.35:412][  0]LogConfig: Setting CVar [[r.DOF.Scatter.ForegroundCompositing:1    ; additive foreground scattering]]
[2022.03.22-19.48.35:412][  0]LogConfig: Setting CVar [[r.DOF.Scatter.BackgroundCompositing:2    ; additive background scattering]]
[2022.03.22-19.48.35:412][  0]LogConfig: Setting CVar [[r.DOF.Scatter.EnableBokehSettings:1      ; bokeh simulation when scattering]]
[2022.03.22-19.48.35:413][  0]LogConfig: Setting CVar [[r.DOF.Scatter.MaxSpriteRatio:0.1         ; only a maximum of 10% of scattered bokeh]]
[2022.03.22-19.48.35:413][  0]LogConfig: Setting CVar [[r.DOF.Recombine.Quality:1                ; cheap slight out of focus]]
[2022.03.22-19.48.35:413][  0]LogConfig: Setting CVar [[r.DOF.Recombine.EnableBokehSettings:0    ; no bokeh simulation on slight out of focus]]
[2022.03.22-19.48.35:413][  0]LogConfig: Setting CVar [[r.DOF.TemporalAAQuality:1                ; more stable temporal accumulation]]
[2022.03.22-19.48.35:413][  0]LogConfig: Setting CVar [[r.DOF.Kernel.MaxForegroundRadius:0.025]]
[2022.03.22-19.48.35:413][  0]LogConfig: Setting CVar [[r.DOF.Kernel.MaxBackgroundRadius:0.025]]
[2022.03.22-19.48.35:413][  0]LogConfig: Applying CVar settings from Section [TextureQuality@3] File [X:/Repo/UnrealFPS/UnrealFPSExperiment/FPSExperiment/Saved/Config/Windows/Scalability.ini]
[2022.03.22-19.48.35:413][  0]LogConfig: Setting CVar [[r.Streaming.MipBias:0]]
[2022.03.22-19.48.35:413][  0]LogConfig: Setting CVar [[r.Streaming.AmortizeCPUToGPUCopy:0]]
[2022.03.22-19.48.35:413][  0]LogConfig: Setting CVar [[r.Streaming.MaxNumTexturesToStreamPerFrame:0]]
[2022.03.22-19.48.35:413][  0]LogConfig: Setting CVar [[r.Streaming.Boost:1]]
[2022.03.22-19.48.35:413][  0]LogConfig: Setting CVar [[r.MaxAnisotropy:8]]
[2022.03.22-19.48.35:413][  0]LogConfig: Setting CVar [[r.VT.MaxAnisotropy:8]]
[2022.03.22-19.48.35:413][  0]LogConfig: Setting CVar [[r.Streaming.LimitPoolSizeToVRAM:0]]
[2022.03.22-19.48.35:413][  0]LogConfig: Setting CVar [[r.Streaming.PoolSize:1000]]
[2022.03.22-19.48.35:413][  0]LogConfig: Setting CVar [[r.Streaming.MaxEffectiveScreenSize:0]]
[2022.03.22-19.48.35:413][  0]LogConfig: Applying CVar settings from Section [EffectsQuality@3] File [X:/Repo/UnrealFPS/UnrealFPSExperiment/FPSExperiment/Saved/Config/Windows/Scalability.ini]
[2022.03.22-19.48.35:413][  0]LogConfig: Setting CVar [[r.TranslucencyLightingVolumeDim:64]]
[2022.03.22-19.48.35:414][  0]LogConfig: Setting CVar [[r.RefractionQuality:2]]
[2022.03.22-19.48.35:414][  0]LogConfig: Setting CVar [[r.SSR.Quality:3]]
[2022.03.22-19.48.35:414][  0]LogConfig: Setting CVar [[r.SSR.HalfResSceneColor:0]]
[2022.03.22-19.48.35:414][  0]LogConfig: Setting CVar [[r.SceneColorFormat:4]]
[2022.03.22-19.48.35:414][  0]LogConfig: Setting CVar [[r.DetailMode:2]]
[2022.03.22-19.48.35:414][  0]LogConfig: Setting CVar [[r.TranslucencyVolumeBlur:1]]
[2022.03.22-19.48.35:414][  0]LogConfig: Setting CVar [[r.MaterialQualityLevel:1 ; High quality]]
[2022.03.22-19.48.35:414][  0]LogConfig: Setting CVar [[r.AnisotropicMaterials:1]]
[2022.03.22-19.48.35:414][  0]LogConfig: Setting CVar [[r.SSS.Scale:1]]
[2022.03.22-19.48.35:414][  0]LogConfig: Setting CVar [[r.SSS.SampleSet:2]]
[2022.03.22-19.48.35:414][  0]LogConfig: Setting CVar [[r.SSS.Quality:1]]
[2022.03.22-19.48.35:414][  0]LogConfig: Setting CVar [[r.SSS.HalfRes:0]]
[2022.03.22-19.48.35:414][  0]LogConfig: Setting CVar [[r.SSGI.Quality:3]]
[2022.03.22-19.48.35:414][  0]LogConfig: Setting CVar [[r.EmitterSpawnRateScale:1.0]]
[2022.03.22-19.48.35:414][  0]LogConfig: Setting CVar [[r.ParticleLightQuality:2]]
[2022.03.22-19.48.35:414][  0]LogConfig: Setting CVar [[r.SkyAtmosphere.AerialPerspectiveLUT.FastApplyOnOpaque:1 ; Always have FastSkyLUT 1 in this case to avoid wrong sky]]
[2022.03.22-19.48.35:414][  0]LogConfig: Setting CVar [[r.SkyAtmosphere.AerialPerspectiveLUT.SampleCountMaxPerSlice:4]]
[2022.03.22-19.48.35:414][  0]LogConfig: Setting CVar [[r.SkyAtmosphere.AerialPerspectiveLUT.DepthResolution:16.0]]
[2022.03.22-19.48.35:414][  0]LogConfig: Setting CVar [[r.SkyAtmosphere.FastSkyLUT:1]]
[2022.03.22-19.48.35:414][  0]LogConfig: Setting CVar [[r.SkyAtmosphere.FastSkyLUT.SampleCountMin:4.0]]
[2022.03.22-19.48.35:415][  0]LogConfig: Setting CVar [[r.SkyAtmosphere.FastSkyLUT.SampleCountMax:128.0]]
[2022.03.22-19.48.35:415][  0]LogConfig: Setting CVar [[r.SkyAtmosphere.SampleCountMin:4.0]]
[2022.03.22-19.48.35:415][  0]LogConfig: Setting CVar [[r.SkyAtmosphere.SampleCountMax:128.0]]
[2022.03.22-19.48.35:415][  0]LogConfig: Setting CVar [[r.SkyAtmosphere.TransmittanceLUT.UseSmallFormat:0]]
[2022.03.22-19.48.35:415][  0]LogConfig: Setting CVar [[r.SkyAtmosphere.TransmittanceLUT.SampleCount:10.0]]
[2022.03.22-19.48.35:415][  0]LogConfig: Setting CVar [[r.SkyAtmosphere.MultiScatteringLUT.SampleCount:15.0]]
[2022.03.22-19.48.35:415][  0]LogConfig: Setting CVar [[r.SkyLight.RealTimeReflectionCapture:1]]
[2022.03.22-19.48.35:415][  0]LogConfig: Applying CVar settings from Section [FoliageQuality@3] File [X:/Repo/UnrealFPS/UnrealFPSExperiment/FPSExperiment/Saved/Config/Windows/Scalability.ini]
[2022.03.22-19.48.35:415][  0]LogConfig: Setting CVar [[foliage.DensityScale:1.0]]
[2022.03.22-19.48.35:415][  0]LogConfig: Setting CVar [[grass.DensityScale:1.0]]
[2022.03.22-19.48.35:415][  0]LogConfig: Applying CVar settings from Section [ShadingQuality@3] File [X:/Repo/UnrealFPS/UnrealFPSExperiment/FPSExperiment/Saved/Config/Windows/Scalability.ini]
[2022.03.22-19.48.35:415][  0]LogConfig: Setting CVar [[r.HairStrands.SkyLighting.IntegrationType:2]]
[2022.03.22-19.48.35:415][  0]LogConfig: Setting CVar [[r.HairStrands.SkyAO.SampleCount:4]]
[2022.03.22-19.48.35:415][  0]LogConfig: Setting CVar [[r.HairStrands.Visibility.MSAA.SamplePerPixel:4]]
[2022.03.22-19.48.35:415][  0]LogConfig: Applying CVar settings from Section [Startup] File [../../../Engine/Config/ConsoleVariables.ini]
[2022.03.22-19.48.35:416][  0]LogConfig: Setting CVar [[net.UseAdaptiveNetUpdateFrequency:0]]
[2022.03.22-19.48.35:416][  0]LogConfig: Setting CVar [[p.chaos.AllowCreatePhysxBodies:1]]
[2022.03.22-19.48.35:416][  0]LogConfig: Setting CVar [[fx.SkipVectorVMBackendOptimizations:1]]
[2022.03.22-19.48.35:416][  0]LogConfig: Applying CVar settings from Section [ConsoleVariables] File [X:/Repo/UnrealFPS/UnrealFPSExperiment/FPSExperiment/Saved/Config/Windows/Engine.ini]
[2022.03.22-19.48.35:416][  0]LogConfig: Applying CVar settings from Section [ConsoleVariables] File [X:/Repo/UnrealFPS/UnrealFPSExperiment/FPSExperiment/Saved/Config/Windows/Editor.ini]
[2022.03.22-19.48.35:416][  0]LogInit: Computer: STYXBOX-2
[2022.03.22-19.48.35:416][  0]LogInit: User: Stickman
[2022.03.22-19.48.35:416][  0]LogInit: CPU Page size=4096, Cores=6
[2022.03.22-19.48.35:416][  0]LogInit: High frequency timer resolution =10.000000 MHz
[2022.03.22-19.48.35:416][  0]LogMemory: Memory total: Physical=32.0GB (32GB approx)
[2022.03.22-19.48.35:416][  0]LogMemory: Platform Memory Stats for Windows
[2022.03.22-19.48.35:416][  0]LogMemory: Process Physical Memory: 148.16 MB used, 148.16 MB peak
[2022.03.22-19.48.35:416][  0]LogMemory: Process Virtual Memory: 123.85 MB used, 123.85 MB peak
[2022.03.22-19.48.35:416][  0]LogMemory: Physical Memory: 15702.35 MB used,  17015.44 MB free, 32717.79 MB total
[2022.03.22-19.48.35:416][  0]LogMemory: Virtual Memory: 134204944.00 MB used,  12785.54 MB free, 134217728.00 MB total
[2022.03.22-19.48.35:430][  0]LogWindows: WindowsPlatformFeatures enabled
[2022.03.22-19.48.35:792][  0]LogInit: Physics initialised using underlying interface: PhysX
[2022.03.22-19.48.35:793][  0]LogInit: Using OS detected language (en-US).
[2022.03.22-19.48.35:794][  0]LogInit: Using OS detected locale (en-US).
[2022.03.22-19.48.35:796][  0]LogTextLocalizationManager: No specific localization for 'en-US' exists, so the 'en' localization will be used.
[2022.03.22-19.48.36:094][  0]LogInit: Setting process to per monitor DPI aware
[2022.03.22-19.48.36:149][  0]LogWindowsTextInputMethodSystem: Display: IME system deactivated.
[2022.03.22-19.48.36:210][  0]LogSlate: New Slate User Created.  User Index 0, Is Virtual User: 0
[2022.03.22-19.48.36:210][  0]LogSlate: Slate User Registered.  User Index 0, Is Virtual User: 0
[2022.03.22-19.48.39:409][  0]LogD3D11RHI: Loaded GFSDK_Aftermath_Lib.x64.dll
[2022.03.22-19.48.39:640][  0]LogHMD: Failed to initialize OpenVR with code 108
[2022.03.22-19.48.39:640][  0]LogD3D11RHI: D3D11 min allowed feature level: 11_0
[2022.03.22-19.48.39:640][  0]LogD3D11RHI: D3D11 max allowed feature level: 11_0
[2022.03.22-19.48.39:640][  0]LogD3D11RHI: D3D11 adapters:
[2022.03.22-19.48.39:784][  0]LogD3D11RHI:    0. 'NVIDIA GeForce RTX 3070' (Feature Level 11_0)
[2022.03.22-19.48.39:784][  0]LogD3D11RHI:       8043/0/16358 MB DedicatedVideo/DedicatedSystem/SharedSystem, Outputs:2, VendorId:0x10de
[2022.03.22-19.48.39:790][  0]LogD3D11RHI:    1. 'Microsoft Basic Render Driver' (Feature Level 11_0)
[2022.03.22-19.48.39:790][  0]LogD3D11RHI:       0/0/16358 MB DedicatedVideo/DedicatedSystem/SharedSystem, Outputs:0, VendorId:0x1414
[2022.03.22-19.48.39:791][  0]LogD3D11RHI: Chosen D3D11 Adapter:
[2022.03.22-19.48.39:791][  0]LogD3D11RHI:     Description : NVIDIA GeForce RTX 3070
[2022.03.22-19.48.39:791][  0]LogD3D11RHI:     VendorId    : 10de
[2022.03.22-19.48.39:791][  0]LogD3D11RHI:     DeviceId    : 2488
[2022.03.22-19.48.39:791][  0]LogD3D11RHI:     SubSysId    : 47553842
[2022.03.22-19.48.39:791][  0]LogD3D11RHI:     Revision    : 00a1
[2022.03.22-19.48.39:791][  0]LogD3D11RHI:     DedicatedVideoMemory : 8433696768 bytes
[2022.03.22-19.48.39:791][  0]LogD3D11RHI:     DedicatedSystemMemory : 0 bytes
[2022.03.22-19.48.39:791][  0]LogD3D11RHI:     SharedSystemMemory : 17153544192 bytes
[2022.03.22-19.48.39:791][  0]LogD3D11RHI:     AdapterLuid : 0 56512
[2022.03.22-19.48.39:803][  0]LogD3D11RHI: Creating new Direct3DDevice
[2022.03.22-19.48.39:803][  0]LogD3D11RHI:     GPU DeviceId: 0x2488 (for the marketing name, search the web for "GPU Device Id")
[2022.03.22-19.48.39:803][  0]LogWindows: EnumDisplayDevices:
[2022.03.22-19.48.39:803][  0]LogWindows:    0. 'NVIDIA GeForce RTX 3070' (P:0 D:1)
[2022.03.22-19.48.39:804][  0]LogWindows:    1. 'NVIDIA GeForce RTX 3070' (P:1 D:1)
[2022.03.22-19.48.39:804][  0]LogWindows:    2. 'NVIDIA GeForce RTX 3070' (P:0 D:0)
[2022.03.22-19.48.39:804][  0]LogWindows:    3. 'NVIDIA GeForce RTX 3070' (P:0 D:0)
[2022.03.22-19.48.39:804][  0]LogWindows: DebugString: FoundDriverCount:4 
[2022.03.22-19.48.39:805][  0]LogD3D11RHI:     Adapter Name: NVIDIA GeForce RTX 3070
[2022.03.22-19.48.39:805][  0]LogD3D11RHI:   Driver Version: 496.49 (internal:30.0.14.9649, unified:496.49)
[2022.03.22-19.48.39:805][  0]LogD3D11RHI:      Driver Date: 10-20-2021
[2022.03.22-19.48.39:805][  0]LogRHI: Texture pool is 5630 MB (70% of 8043 MB)
[2022.03.22-19.48.39:805][  0]LogD3D11RHI: Creating D3DDevice using adapter:
[2022.03.22-19.48.39:805][  0]LogD3D11RHI:     Description : NVIDIA GeForce RTX 3070
[2022.03.22-19.48.39:805][  0]LogD3D11RHI:     VendorId    : 10de
[2022.03.22-19.48.39:805][  0]LogD3D11RHI:     DeviceId    : 2488
[2022.03.22-19.48.39:805][  0]LogD3D11RHI:     SubSysId    : 47553842
[2022.03.22-19.48.39:805][  0]LogD3D11RHI:     Revision    : 00a1
[2022.03.22-19.48.39:805][  0]LogD3D11RHI:     DedicatedVideoMemory : 8433696768 bytes
[2022.03.22-19.48.39:805][  0]LogD3D11RHI:     DedicatedSystemMemory : 0 bytes
[2022.03.22-19.48.39:805][  0]LogD3D11RHI:     SharedSystemMemory : 17153544192 bytes
[2022.03.22-19.48.39:805][  0]LogD3D11RHI:     AdapterLuid : 0 56512
[2022.03.22-19.48.39:887][  0]LogD3D11RHI: RHI has support for 64 bit atomics
[2022.03.22-19.48.39:887][  0]LogD3D11RHI: Async texture creation enabled
[2022.03.22-19.48.39:887][  0]LogD3D11RHI: Array index from any shader is supported
[2022.03.22-19.48.39:906][  0]LogD3D11RHI: GPU Timing Frequency: 1000.000000 (Debug: 2 1)
[2022.03.22-19.48.39:984][  0]LogRHI: GeForceNow SDK initialized: 1
[2022.03.22-19.48.40:312][  0]LogTargetPlatformManager: Display: Loaded TargetPlatform 'AllDesktop'
[2022.03.22-19.48.40:359][  0]LogTargetPlatformManager: Display: Loaded TargetPlatform 'Android'
[2022.03.22-19.48.40:359][  0]LogTargetPlatformManager: Display: Loaded TargetPlatform 'Android_ASTC'
[2022.03.22-19.48.40:359][  0]LogTargetPlatformManager: Display: Loaded TargetPlatform 'Android_DXT'
[2022.03.22-19.48.40:359][  0]LogTargetPlatformManager: Display: Loaded TargetPlatform 'Android_ETC2'
[2022.03.22-19.48.40:359][  0]LogTargetPlatformManager: Display: Loaded TargetPlatform 'AndroidClient'
[2022.03.22-19.48.40:359][  0]LogTargetPlatformManager: Display: Loaded TargetPlatform 'Android_ASTCClient'
[2022.03.22-19.48.40:359][  0]LogTargetPlatformManager: Display: Loaded TargetPlatform 'Android_DXTClient'
[2022.03.22-19.48.40:359][  0]LogTargetPlatformManager: Display: Loaded TargetPlatform 'Android_ETC2Client'
[2022.03.22-19.48.40:359][  0]LogTargetPlatformManager: Display: Loaded TargetPlatform 'Android_Multi'
[2022.03.22-19.48.40:359][  0]LogTargetPlatformManager: Display: Loaded TargetPlatform 'Android_MultiClient'
[2022.03.22-19.48.40:474][  0]LogTargetPlatformManager: Display: Loaded TargetPlatform 'IOSClient'
[2022.03.22-19.48.40:474][  0]LogTargetPlatformManager: Display: Loaded TargetPlatform 'IOS'
[2022.03.22-19.48.40:513][  0]LogTargetPlatformManager: Display: Loaded TargetPlatform 'Linux'
[2022.03.22-19.48.40:538][  0]LogTargetPlatformManager: Display: Loaded TargetPlatform 'LinuxNoEditor'
[2022.03.22-19.48.40:562][  0]LogTargetPlatformManager: Display: Loaded TargetPlatform 'LinuxClient'
[2022.03.22-19.48.40:585][  0]LogTargetPlatformManager: Display: Loaded TargetPlatform 'LinuxServer'
[2022.03.22-19.48.40:618][  0]LogTargetPlatformManager: Display: Loaded TargetPlatform 'LinuxAArch64NoEditor'
[2022.03.22-19.48.40:642][  0]LogTargetPlatformManager: Display: Loaded TargetPlatform 'LinuxAArch64Client'
[2022.03.22-19.48.40:665][  0]LogTargetPlatformManager: Display: Loaded TargetPlatform 'LinuxAArch64Server'
[2022.03.22-19.48.40:716][  0]LogTargetPlatformManager: Display: Loaded TargetPlatform 'Lumin'
[2022.03.22-19.48.40:716][  0]LogTargetPlatformManager: Display: Loaded TargetPlatform 'LuminClient'
[2022.03.22-19.48.40:757][  0]LogTargetPlatformManager: Display: Loaded TargetPlatform 'MacNoEditor'
[2022.03.22-19.48.40:781][  0]LogTargetPlatformManager: Display: Loaded TargetPlatform 'Mac'
[2022.03.22-19.48.40:804][  0]LogTargetPlatformManager: Display: Loaded TargetPlatform 'MacClient'
[2022.03.22-19.48.40:833][  0]LogTargetPlatformManager: Display: Loaded TargetPlatform 'MacServer'
[2022.03.22-19.48.40:865][  0]LogTargetPlatformManager: Display: Loaded TargetPlatform 'TVOSClient'
[2022.03.22-19.48.40:865][  0]LogTargetPlatformManager: Display: Loaded TargetPlatform 'TVOS'
[2022.03.22-19.48.40:894][  0]LogTargetPlatformManager: Display: Loaded TargetPlatform 'WindowsNoEditor'
[2022.03.22-19.48.40:925][  0]LogTargetPlatformManager: Display: Loaded TargetPlatform 'Windows'
[2022.03.22-19.48.40:951][  0]LogTargetPlatformManager: Display: Loaded TargetPlatform 'WindowsClient'
[2022.03.22-19.48.40:975][  0]LogTargetPlatformManager: Display: Loaded TargetPlatform 'WindowsServer'
[2022.03.22-19.48.40:975][  0]LogTargetPlatformManager: Display: Building Assets For Windows
[2022.03.22-19.48.41:065][  0]LogAudioDebug: Display: Lib vorbis DLL was dynamically loaded.
[2022.03.22-19.48.41:305][  0]LogTextureFormatOodle: Display: Oodle Texture 2.9.0 init RDO Off
[2022.03.22-19.48.41:603][  0]LogRendererCore: Ray tracing is disabled. Reason: r.RayTracing=0.
[2022.03.22-19.48.41:604][  0]LogShaderCompilers: Guid format shader working directory is -18 characters bigger than the processId version (../../../../../../Repo/UnrealFPS/UnrealFPSExperiment/FPSExperiment/Intermediate/Shaders/WorkingDirectory/25928/).
[2022.03.22-19.48.41:604][  0]LogShaderCompilers: Cleaned the shader compiler working directory 'C:/Users/Stickman/AppData/Local/Temp/UnrealShaderWorkingDir/6981F5AF45A87FC7B7DA78803217146D/'.
[2022.03.22-19.48.41:604][  0]LogXGEController: Cannot use XGE Controller as Incredibuild is not installed on this machine.
[2022.03.22-19.48.41:605][  0]LogShaderCompilers: Cannot use XGE Shader Compiler as Incredibuild is not installed on this machine.
[2022.03.22-19.48.41:605][  0]LogShaderCompilers: Display: Using Local Shader Compiler.
[2022.03.22-19.48.45:299][  0]LogDerivedDataCache: Display: Max Cache Size: 512 MB
[2022.03.22-19.48.45:373][  0]LogDerivedDataCache: Loaded boot cache 0.07s 99MB C:/Users/Stickman/AppData/Local/UnrealEngine/4.27/DerivedDataCache/Boot.ddc.
[2022.03.22-19.48.45:373][  0]LogDerivedDataCache: Display: Loaded Boot cache: C:/Users/Stickman/AppData/Local/UnrealEngine/4.27/DerivedDataCache/Boot.ddc
[2022.03.22-19.48.45:373][  0]LogDerivedDataCache: FDerivedDataBackendGraph:  Pak pak cache file ../../../../../../Repo/UnrealFPS/UnrealFPSExperiment/FPSExperiment/DerivedDataCache/DDC.ddp not found, will not use a pak cache.
[2022.03.22-19.48.45:373][  0]LogDerivedDataCache: Unable to find inner node Pak for hierarchical cache Hierarchy.
[2022.03.22-19.48.45:374][  0]LogDerivedDataCache: FDerivedDataBackendGraph:  CompressedPak pak cache file ../../../../../../Repo/UnrealFPS/UnrealFPSExperiment/FPSExperiment/DerivedDataCache/Compressed.ddp not found, will not use a pak cache.
[2022.03.22-19.48.45:374][  0]LogDerivedDataCache: Unable to find inner node CompressedPak for hierarchical cache Hierarchy.
[2022.03.22-19.48.45:401][  0]LogDerivedDataCache: Display: Pak cache opened for reading ../../../Engine/DerivedDataCache/Compressed.ddp.
[2022.03.22-19.48.45:401][  0]LogDerivedDataCache: FDerivedDataBackendGraph:  EnterprisePak pak cache file ../../../Enterprise/DerivedDataCache/Compressed.ddp not found, will not use a pak cache.
[2022.03.22-19.48.45:401][  0]LogDerivedDataCache: Unable to find inner node EnterprisePak for hierarchical cache Hierarchy.
[2022.03.22-19.48.45:459][  0]LogDerivedDataCache: Speed tests for C:/Users/Stickman/AppData/Local/UnrealEngine/Common/DerivedDataCache took 0.06 seconds
[2022.03.22-19.48.45:459][  0]LogDerivedDataCache: Display: Performance to C:/Users/Stickman/AppData/Local/UnrealEngine/Common/DerivedDataCache: Latency=0.05ms. RandomReadSpeed=19.88MBs, RandomWriteSpeed=88.76MBs. Assigned SpeedClass 'Local'
[2022.03.22-19.48.45:464][  0]LogDerivedDataCache: Using Local data cache path C:/Users/Stickman/AppData/Local/UnrealEngine/Common/DerivedDataCache: Writable
[2022.03.22-19.48.45:465][  0]LogDerivedDataCache: Shared data cache path not found in *engine.ini, will not use an Shared cache.
[2022.03.22-19.48.45:465][  0]LogDerivedDataCache: Unable to find inner node Shared for hierarchical cache Hierarchy.
[2022.03.22-19.48.45:525][  0]LogSlate: Using FreeType 2.10.0
[2022.03.22-19.48.45:549][  0]LogSlate: SlateFontServices - WITH_FREETYPE: 1, WITH_HARFBUZZ: 1
[2022.03.22-19.48.45:824][  0]LogAssetRegistry: FAssetRegistry took 0.0048 seconds to start up
[2022.03.22-19.48.46:103][  0]LogInit: Selected Device Profile: [Windows]
[2022.03.22-19.48.46:104][  0]LogInit: Active device profile: [0000020F96F00900][0000020F93F9C140 49] Windows
[2022.03.22-19.48.46:104][  0]LogInit: Profiles: [0000020F96F00900][0000020F93F9C140 49] Windows, [0000020F96EBF300][0000020F93CBC2C0 49] WindowsNoEditor, [0000020F96F03500][0000020F93CC0440 49] WindowsServer, [0000020F96EBFD00][0000020F93FCA5C0 49] WindowsClient, [0000020F96F03800][0000020F93B8E740 49] IOS, [0000020F96EBE300][0000020F93F98880 49] iPadAir, [0000020F96F02000][0000020F93B929C0 49] iPadAir2, [0000020F96E64A00][0000020F93FAAC40 49] IPadPro, [0000020F96E64B00][0000020F9272AC80 49] iPadAir3, [0000020F96EBD400][0000020F93FAEE00 49] iPadAir4, [0000020F96E67400][0000020F93FB2F80 49] iPadMini2, [0000020F96EBE500][0000020F926C1100 49] iPadMini3, [0000020F96E65700][0000020F926C5280 49] iPadMini4, [0000020F96F01100][0000020F926C9400 49] iPadMini5, [0000020F96E98300][0000020F926D16C0 49] iPhone6, [0000020F96E98400][0000020F926CD700 49] iPodTouch6, [0000020F96E67600][0000020F926D99C0 49] iPhone7, [0000020F96E65800][0000020F926D5A00 49] iPodTouch7, [0000020F96E9BF00][0000020F926DDB80 49] iPhone5S, [0000020F96EBDD00][0000020F92804180 49] iPhone6Plus, [0000020F96E64200][0000020F92808300 49] iPhone6S, [0000020F96EBDF00][0000020F9280C480 49] iPhone6SPlus, [0000020F96E67C00][0000020F92810600 49] iPhone7Plus, [0000020F96EBC300][0000020F92814780 49] iPhoneSE, [0000020F96E67500][0000020F92818900 49] iPhone8, [0000020F96EBD900][0000020F9272EA40 49] iPhone8Plus, [0000020F96E65100][0000020F9281CB80 49] iPhoneX, [0000020F96EBC400][0000020F92820CC0 49] iPhoneXS, [0000020F96E65300][0000020F92828E40 49] iPhoneXSMax, [0000020F96EBCF00][0000020F931AEFC0 49] iPhoneXR, [0000020F96E67800][0000020F931B3140 49] iPhone11, [0000020F96EBE900][0000020F931B72C0 49] iPhone11Pro, [0000020F96E67700][0000020F931BB440 49] iPhone11ProMax, [0000020F96EBFC00][0000020F931BF5C0 49] iPhoneSE2, [0000020F96E66E00][0000020F931C3740 49] iPhone12Mini, [0000020F96EBF700][0000020F931C78C0 49] iPhone12, [0000020F96E66400][0000020F931CBA40 49] iPhone12Pro, [0000020F96EBC700][0000020F931CFBC0 49] iPhone12ProMax, [0000020F96E66300][0000020F931D21C0 49] iPadPro105, [0000020F96EBEC00][0000020F931D6340 49] iPadPro129, [0000020F96E66200][0000020F88D8A4C0 49] iPadPro97, [0000020F96EBCB00][0000020F88D8E640 49] iPadPro2_129, [0000020F96E67200][0000020F88D927C0 49] iPad5, [0000020F96EBEF00][0000020F88D96940 49] iPad6, [0000020F96E67300][0000020F88D9AAC0 49] iPad7, [0000020F96EBC200][0000020F92824C00 49] iPad8, [0000020F96E65A00][0000020F88D9ED40 49] iPadPro11, [0000020F96EBD100][0000020F88DA2E80 49] iPadPro2_11, [0000020F96E65D00][0000020F88DA6FC0 49] iPadPro3_129, [0000020F96EBF400][0000020F88DAF140 49] iPadPro4_129, [0000020F96E67000][0000020F88DB32C0 49] AppleTV, [0000020F96EBFA00][0000020F88DB7440 49] AppleTV4K, [0000020F96E64100][0000020F88DBB5C0 49] TVOS, [0000020F96EBE000][0000020F88DBF740 49] Mac, [0000020F96E67B00][0000020F88DC38C0 49] MacClient, [0000020F96EBD600][0000020F93C0FA40 49] MacNoEditor, [0000020F96E66C00][0000020F93C13BC0 49] MacServer, [0000020F96EBCA00][0000020F93C161C0 49] Linux, [0000020F96E66000][0000020F93C1A340 49] LinuxAArch64, [0000020F96EBE200][0000020F93C1E4C0 49] LinuxNoEditor, [0000020F96E66500][0000020F93C22640 49] LinuxAArch64NoEditor, [0000020F96EBD000][0000020F93C267C0 49] LinuxClient, [0000020F96E67900][0000020F93C2A940 49] LinuxAArch64Client, [0000020F96EBD200][0000020F93C2EAC0 49] LinuxServer, [0000020F96E65900][0000020F93C32C40 49] LinuxAArch64Server, [0000020F96EBF200][0000020F88DAAD80 49] Android, [0000020F96E64600][0000020F93C36EC0 49] Android_Low, [0000020F96EBE800][0000020F93C3B000 49] Android_Mid, [0000020F96F03A00][0000020F93C3F140 49] Android_High, [0000020F96E99C00][0000020F93C472C0 49] Android_Default, [0000020F96F02100][0000020F93C57440 49] Android_Adreno4xx, [0000020F96E9A700][0000020F93C5B5C0 49] Android_Adreno5xx_Low, [0000020F96F00A00][0000020F93C5F740 49] Android_Adreno5xx, [0000020F96E9AD00][0000020F93C638C0 49] Android_Adreno6xx, [0000020F96F01200][0000020F93C67A40 49] Android_Adreno6xx_Vulkan, [0000020F96E9A800][0000020F93C6BBC0 49] Android_Mali_T6xx, [0000020F96F02600][0000020F93C6E1C0 49] Android_Mali_T7xx, [0000020F96E9AE00][0000020F93C72340 49] Android_Mali_T8xx, [0000020F96F03200][0000020F93C764C0 49] Android_Mali_G71, [0000020F96E9BC00][0000020F93C7A640 49] Android_Mali_G72, [0000020F96F02A00][0000020F93C7E7C0 49] Android_Mali_G72_Vulkan, [0000020F96E99B00][0000020F93C82940 49] Android_Mali_G76, [0000020F96F01A00][0000020F93C86AC0 49] Android_Mali_G76_Vulkan, [0000020F96E9A000][0000020F93C8AC40 49] Android_Mali_G77, [0000020F96F02D00][0000020F93C8EDC0 49] Android_Mali_G77_Vulkan, [0000020F96E9B800][0000020F93C92F40 49] Android_Mali_G78, [0000020F96F02800][0000020F93C43080 49] Android_Mali_G78_Vulkan, [0000020F96E99200][0000020F93C971C0 49] Android_Mali_G710, [0000020F96F00E00][0000020F93C9B300 49] Android_Mali_G710_Vulkan, [0000020F96E9B500][0000020F93CA3480 49] Android_Vulkan_SM5, [0000020F96F03400][0000020F93CA7600 49] Android_PowerVR_G6xxx, [0000020F96E9AC00][0000020F93CAB780 49] Android_PowerVR_GT7xxx, [0000020F96F03C00][0000020F93CAF900 49] Android_PowerVR_GE8xxx, [0000020F96E98E00][0000020F93CB3A80 49] Android_PowerVR_GM9xxx, [0000020F96F01800][0000020F93CB7C00 49] Android_PowerVR_GM9xxx_Vulkan, [0000020F96E9A400][0000020F928D0200 49] Android_TegraK1, [0000020F96F01000][0000020F928D4380 49] Android_Unknown_Vulkan, [0000020F96EBF500][0000020F928D8500 49] Lumin, [0000020F96F01E00][0000020F928DC680 49] Lumin_Desktop, [0000020F96EBD700][0000020F928E0800 49] HoloLens, 
[2022.03.22-19.48.46:588][  0]LogMeshReduction: Using QuadricMeshReduction for automatic static mesh reduction
[2022.03.22-19.48.46:588][  0]LogMeshReduction: Using SimplygonMeshReduction for automatic skeletal mesh reduction
[2022.03.22-19.48.46:588][  0]LogMeshReduction: Using ProxyLODMeshReduction for automatic mesh merging
[2022.03.22-19.48.46:588][  0]LogMeshReduction: No distributed automatic mesh merging module available
[2022.03.22-19.48.46:588][  0]LogMeshMerging: No distributed automatic mesh merging module available
[2022.03.22-19.48.46:658][  0]LogNetVersion: FPSExperiment 1.0.0, NetCL: 17155196, EngineNetVer: 17, GameNetVer: 0 (Checksum: 290680636)
[2022.03.22-19.48.49:817][  0]LogTexture: Default maximum texture size for cubemaps generated from long-lat sources has been changed from 512 to unlimited. In order to preserve old behaiour for '/Engine/MapTemplates/Sky/DaylightAmbientCubemap.DaylightAmbientCubemap', its maximum texture size has been explicitly set to 512.
[2022.03.22-19.48.49:965][  0]LogHMD: PokeAHoleMaterial loaded successfully
[2022.03.22-19.48.49:972][  0]LogUObjectArray: 17178 objects as part of root set at end of initial load.
[2022.03.22-19.48.49:972][  0]LogUObjectAllocator: 4301856 out of 0 bytes used by permanent object pool.
[2022.03.22-19.48.49:973][  0]LogUObjectArray: CloseDisregardForGC: 0/0 objects in disregard for GC pool
[2022.03.22-19.48.51:096][  0]LogNiagaraDebuggerClient: Niagara Debugger Client Initialized | Session: B72A26C94E2CAA9D235FFBBA50C222C8 | Instance: 21DF705946D5506884F750BCEBE1C41A (STYXBOX-2-25928).
[2022.03.22-19.48.51:299][  0]LogImageWrapper: Warning: PNG Warning: Duplicate iCCP chunk
[2022.03.22-19.48.51:299][  0]LogImageWrapper: Warning: PNG Warning: Duplicate iCCP chunk
[2022.03.22-19.48.51:299][  0]LogPython: Using Python 3.7.7
[2022.03.22-19.48.52:601][  0]LogTcpMessaging: Initializing TcpMessaging bridge
[2022.03.22-19.48.52:632][  0]LogUdpMessaging: Initializing bridge on interface 0.0.0.0:0 to multicast group 230.0.0.1:6666.
[2022.03.22-19.48.54:561][  0]SourceControl: Source control is disabled
[2022.03.22-19.48.54:562][  0]SourceControl: Source control is disabled
[2022.03.22-19.48.54:589][  0]SourceControl: Source control is disabled
[2022.03.22-19.48.54:677][  0]SourceControl: Source control is disabled
[2022.03.22-19.48.54:742][  0]SourceControl: Source control is disabled
[2022.03.22-19.48.54:842][  0]LogUProjectInfo: Found projects:
[2022.03.22-19.48.55:729][  0]LogOpenImageDenoise: OIDN starting up
[2022.03.22-19.48.56:005][  0]LogAndroidPermission: UAndroidPermissionCallbackProxy::GetInstance
[2022.03.22-19.48.56:105][  0]LogAudioCaptureCore: Display: No Audio Capture implementations found. Audio input will be silent.
[2022.03.22-19.48.56:105][  0]LogAudioCaptureCore: Display: No Audio Capture implementations found. Audio input will be silent.
[2022.03.22-19.48.57:208][  0]LogOcInput: OculusInput pre-init called
[2022.03.22-19.48.57:567][  0]LogImageWrapper: Warning: PNG Warning: Duplicate iCCP chunk
[2022.03.22-19.48.57:567][  0]LogImageWrapper: Warning: PNG Warning: Duplicate iCCP chunk
[2022.03.22-19.48.57:567][  0]LogCollectionManager: Loaded 0 collections in 0.000800 seconds
[2022.03.22-19.48.57:781][  0]LogFileCache: Scanning file cache for directory 'X:/Repo/UnrealFPS/UnrealFPSExperiment/FPSExperiment/Saved/Collections/' took 0.00s
[2022.03.22-19.48.57:782][  0]LogFileCache: Scanning file cache for directory 'X:/Repo/UnrealFPS/UnrealFPSExperiment/FPSExperiment/Content/Developers/Stickman/Collections/' took 0.00s
[2022.03.22-19.48.57:782][  0]LogFileCache: Scanning file cache for directory 'X:/Repo/UnrealFPS/UnrealFPSExperiment/FPSExperiment/Content/Collections/' took 0.00s
[2022.03.22-19.48.57:782][  0]LogEngine: Initializing Engine...
[2022.03.22-19.48.57:868][  0]LogHMD: Failed to initialize OpenVR with code 108
[2022.03.22-19.48.57:935][  0]LogHMD: Optional extension XR_VARJO_quad_views is not available
[2022.03.22-19.48.57:936][  0]LogHMD: Warning: Required extension XR_EXT_eye_gaze_interaction is not available
[2022.03.22-19.48.57:936][  0]LogHMD: Could not enable all required OpenXR extensions for OpenXREyeTracker on current system. This plugin will be loaded but ignored, but will be enabled on a target platform that supports the required extension.
[2022.03.22-19.48.57:981][  0]LogHMD: Failed to create an OpenXR instance, result is XR_ERROR_RUNTIME_FAILURE. Please check if you have an OpenXR runtime installed. The following extensions were enabled:
[2022.03.22-19.48.57:981][  0]LogHMD: - XR_KHR_D3D11_enable
[2022.03.22-19.48.57:981][  0]LogHMD: - XR_KHR_D3D12_enable
[2022.03.22-19.48.57:982][  0]LogHMD: - XR_KHR_opengl_enable
[2022.03.22-19.48.57:982][  0]LogHMD: - XR_KHR_vulkan_enable
[2022.03.22-19.48.57:982][  0]LogHMD: - XR_KHR_composition_layer_depth
[2022.03.22-19.48.57:982][  0]LogHMD: - XR_KHR_visibility_mask
[2022.03.22-19.48.57:982][  0]LogHMD: - XR_EXT_hand_tracking
[2022.03.22-19.48.57:982][  0]LogMagicLeap: Warning: VR disabled because ZI is not enabled.  To enable, in the editor, Edit -> Project Settings -> Plugins -> Magic Leap Plugin -> Enable Zero Iteration
[2022.03.22-19.48.57:983][  0]LogStats: UGameplayTagsManager::InitializeManager -  0.000 s
[2022.03.22-19.48.58:334][  0]LogInit: Initializing FReadOnlyCVARCache
[2022.03.22-19.48.58:366][  0]LogAIModule: Creating AISystem for world Untitled
[2022.03.22-19.48.58:367][  0]LogAudio: Display: Initializing Audio Device Manager...
[2022.03.22-19.48.58:392][  0]LogAudio: Display: Loading Default Audio Settings Objects...
[2022.03.22-19.48.58:398][  0]LogAudio: Display: No default SoundConcurrencyObject specified (or failed to load).
[2022.03.22-19.48.58:398][  0]LogAudio: Display: Audio Device Manager Initialized
[2022.03.22-19.48.58:399][  0]LogAudio: Display: Creating Audio Device:                 Id: 1, Scope: Shared, Realtime: True
[2022.03.22-19.48.58:399][  0]LogAudioMixer: Display: Audio Mixer Platform Settings:
[2022.03.22-19.48.58:399][  0]LogAudioMixer: Display: 	Sample Rate:						  48000
[2022.03.22-19.48.58:399][  0]LogAudioMixer: Display: 	Callback Buffer Frame Size Requested: 1024
[2022.03.22-19.48.58:399][  0]LogAudioMixer: Display: 	Callback Buffer Frame Size To Use:	  1024
[2022.03.22-19.48.58:399][  0]LogAudioMixer: Display: 	Number of buffers to queue:			  2
[2022.03.22-19.48.58:399][  0]LogAudioMixer: Display: 	Max Channels (voices):				  32
[2022.03.22-19.48.58:399][  0]LogAudioMixer: Display: 	Number of Async Source Workers:		  0
[2022.03.22-19.48.58:399][  0]LogAudio: Display: AudioDevice MaxSources: 32
[2022.03.22-19.48.58:399][  0]LogAudio: Display: Audio Spatialization Plugin: None (built-in).
[2022.03.22-19.48.58:400][  0]LogAudio: Display: Audio Reverb Plugin: None (built-in).
[2022.03.22-19.48.58:400][  0]LogAudio: Display: Audio Occlusion Plugin: None (built-in).
[2022.03.22-19.48.58:400][  0]LogAudioMixer: Display: Initializing audio mixer.
[2022.03.22-19.48.58:424][  0]LogAudioMixer: Display: 0: FrontLeft
[2022.03.22-19.48.58:424][  0]LogAudioMixer: Display: 1: FrontRight
[2022.03.22-19.48.58:461][  0]LogAudioMixer: Display: Using Audio Device Realtek HD Audio 2nd output (Realtek(R) Audio)
[2022.03.22-19.48.58:461][  0]LogAudioMixer: Display: Initializing Sound Submixes...
[2022.03.22-19.48.58:488][  0]LogAudioMixer: Display: Creating Master Submix 'MasterSubmixDefault'
[2022.03.22-19.48.58:488][  0]LogAudioMixer: Display: Creating Master Submix 'MasterReverbSubmixDefault'
[2022.03.22-19.48.58:489][  0]LogAudioMixer: Display: Creating Master Submix 'MasterEQSubmixDefault'
[2022.03.22-19.48.58:489][  0]LogAudioMixer: FMixerPlatformXAudio2::StartAudioStream() called
[2022.03.22-19.48.58:489][  0]LogAudioMixer: Display: Output buffers initialized: Frames=1024, Channels=2, Samples=2048
[2022.03.22-19.48.58:492][  0]LogAudioMixer: Display: Starting AudioMixerPlatformInterface::RunInternal()
[2022.03.22-19.48.58:492][  0]LogAudioMixer: Display: FMixerPlatformXAudio2::SubmitBuffer() called for the first time
[2022.03.22-19.48.58:492][  0]LogInit: FAudioDevice initialized.
[2022.03.22-19.48.58:492][  0]LogAudio: Display: Audio Device (ID: 1) registered with world 'Untitled'.
[2022.03.22-19.48.58:492][  0]LogNetVersion: Set ProjectVersion to 1.0.0.0. Version Checksum will be recalculated on next use.
[2022.03.22-19.48.58:600][  0]LogDerivedDataCache: Saved boot cache 0.11s 99MB C:/Users/Stickman/AppData/Local/UnrealEngine/4.27/DerivedDataCache/Boot.ddc.
[2022.03.22-19.48.58:601][  0]LogInit: Texture streaming: Enabled
[2022.03.22-19.48.58:678][  0]LogAnalytics: Display: [UEEditor.Rocket.Release] APIServer = https://datarouter.ol.epicgames.com/. AppVersion = 4.27.1-17735300+++UE4+Release-4.27
[2022.03.22-19.48.58:700][  0]LogEngineSessionManager: EngineSessionManager initialized
[2022.03.22-19.48.58:700][  0]LogEditorSessionSummary: Verbose: Initializing EditorSessionSummaryWriter for editor session tracking
[2022.03.22-19.48.58:702][  0]LogEditorSessionSummary: EditorSessionSummaryWriter initialized
[2022.03.22-19.48.58:771][  0]LogInit: Transaction tracking system initialized
[2022.03.22-19.48.58:922][  0]BlueprintLog: New page: Editor Load
[2022.03.22-19.48.59:306][  0]LocalizationService: Localization service is disabled
[2022.03.22-19.48.59:462][  0]TimingProfiler: Initialize
[2022.03.22-19.48.59:462][  0]TimingProfiler: OnSessionChanged
[2022.03.22-19.48.59:462][  0]LoadingProfiler: Initialize
[2022.03.22-19.48.59:462][  0]LoadingProfiler: OnSessionChanged
[2022.03.22-19.48.59:462][  0]NetworkingProfiler: Initialize
[2022.03.22-19.48.59:462][  0]NetworkingProfiler: OnSessionChanged
[2022.03.22-19.48.59:462][  0]MemoryProfiler: Initialize
[2022.03.22-19.48.59:462][  0]MemoryProfiler: OnSessionChanged
[2022.03.22-19.49.00:178][  0]LogCook: Display: CookSettings for Memory: MemoryMaxUsedVirtual 0MiB, MemoryMaxUsedPhysical 16384MiB, MemoryMinFreeVirtual 0MiB, MemoryMinFreePhysical 1024MiB
[2022.03.22-19.49.00:178][  0]LogCook: Display: Mobile HDR setting 1
[2022.03.22-19.49.00:456][  0]LogFileCache: Scanning file cache for directory 'X:/Repo/UnrealFPS/UnrealFPSExperiment/FPSExperiment/Content/' took 0.01s
[2022.03.22-19.49.01:513][  0]LogImageWrapper: Warning: PNG Warning: Duplicate iCCP chunk
[2022.03.22-19.49.01:513][  0]LogImageWrapper: Warning: PNG Warning: Duplicate iCCP chunk
[2022.03.22-19.49.01:568][  0]LogInit: Display: Engine is initialized. Leaving FEngineLoop::Init()
[2022.03.22-19.49.01:571][  0]SourceControl: Source control is disabled
[2022.03.22-19.49.01:712][  0]LogSlate: Took 0.005802 seconds to synchronously load lazily loaded font '../../../Engine/Content/Slate/Fonts/Roboto-Regular.ttf' (155K)
[2022.03.22-19.49.18:883][  0]LogSlate: Window 'Restore Packages' being destroyed
[2022.03.22-19.49.18:884][  0]LogWindowsTextInputMethodSystem: Display: IME system deactivated.
[2022.03.22-19.49.18:901][  0]LogUnrealEdMisc: Loading editor; pre map load, took 46.724
[2022.03.22-19.49.18:902][  0]Cmd: MAP LOAD FILE="../../../../../../Repo/UnrealFPS/UnrealFPSExperiment/FPSExperiment/Content/FirstPersonCPP/Maps/FirstPersonExampleMap.umap" TEMPLATE=0 SHOWPROGRESS=1 FEATURELEVEL=3
[2022.03.22-19.49.18:904][  0]LightingResults: New page: Lighting Build
[2022.03.22-19.49.18:906][  0]LogWorld: UWorld::CleanupWorld for Untitled, bSessionEnded=true, bCleanupResources=true
[2022.03.22-19.49.18:906][  0]LogSlate: InvalidateAllWidgets triggered.  All widgets were invalidated
[2022.03.22-19.49.18:907][  0]MapCheck: New page: Map Check
[2022.03.22-19.49.18:907][  0]LightingResults: New page: Lighting Build
[2022.03.22-19.49.18:921][  0]LogAudio: Display: Audio Device unregistered from world 'None'.
[2022.03.22-19.49.18:929][  0]LogUObjectHash: Compacting FUObjectHashTables data took   1.56ms
[2022.03.22-19.49.19:114][  0]LogAudio: Display: Audio Device (ID: 1) registered with world 'FirstPersonExampleMap'.
[2022.03.22-19.49.19:115][  0]LogAIModule: Creating AISystem for world FirstPersonExampleMap
[2022.03.22-19.49.19:142][  0]LogEditorServer: Finished looking for orphan Actors (0.000 secs)
[2022.03.22-19.49.19:152][  0]LogUObjectHash: Compacting FUObjectHashTables data took   1.15ms
[2022.03.22-19.49.19:153][  0]Cmd: MAP CHECKDEP NOCLEARLOG
[2022.03.22-19.49.19:153][  0]MapCheck: Map check complete: 0 Error(s), 0 Warning(s), took 0.318ms to complete.
[2022.03.22-19.49.19:154][  0]LogFileHelpers: Loading map 'FirstPersonExampleMap' took 0.252
[2022.03.22-19.49.19:157][  0]LogUnrealEdMisc: Total Editor Startup Time, took 46.980
[2022.03.22-19.49.19:199][  0]LogWindowsTextInputMethodSystem: Display: IME system deactivated.
[2022.03.22-19.49.19:273][  0]LogSlate: Updating window title bar state: overlay mode, drag disabled, window buttons hidden, title bar hidden
[2022.03.22-19.49.19:281][  0]LogSlate: Updating window title bar state: overlay mode, drag disabled, window buttons hidden, title bar hidden
[2022.03.22-19.49.19:288][  0]LogSlate: Updating window title bar state: overlay mode, drag disabled, window buttons hidden, title bar hidden
[2022.03.22-19.49.19:295][  0]LogSlate: Updating window title bar state: overlay mode, drag disabled, window buttons hidden, title bar hidden
[2022.03.22-19.49.19:317][  0]LogNativeClassHierarchy: Verbose: Native class hierarchy populated in 0.0120 seconds. Added 3827 classes and 930 folders.
[2022.03.22-19.49.19:320][  0]LogNativeClassHierarchy: Verbose: Native class hierarchy updated for 'WidgetCarousel' in 0.0003 seconds. Added 0 classes and 0 folders.
[2022.03.22-19.49.19:339][  0]LogPakFile: PakFile PrimaryIndexSize=187
[2022.03.22-19.49.19:340][  0]LogPakFile: PakFile PathHashIndexSize=101
[2022.03.22-19.49.19:340][  0]LogPakFile: PakFile FullDirectoryIndexSize=148
[2022.03.22-19.49.19:340][  0]LogShaderLibrary: Display: ShaderCodeLibraryPakFileMountedCallback: PakFile 'X:/Epic Games/Games4Epic/UE_4.27/FeaturePacks/FP_FirstPerson.upack' (chunk index -1, root 'root:/') mounted
[2022.03.22-19.49.19:340][  0]LogShaderLibrary: Display: ShaderCodeLibraryPakFileMountedCallback: pending pak file info (ChunkID:-1 Root:root:/ File:X:/Epic Games/Games4Epic/UE_4.27/FeaturePacks/FP_FirstPerson.upack)
[2022.03.22-19.49.19:340][  0]LogPakFile: OnPakFileMounted2Time == 0.000166
[2022.03.22-19.49.19:348][  0]LogPakFile: PakFile PrimaryIndexSize=189
[2022.03.22-19.49.19:349][  0]LogPakFile: PakFile PathHashIndexSize=101
[2022.03.22-19.49.19:349][  0]LogPakFile: PakFile FullDirectoryIndexSize=152
[2022.03.22-19.49.19:349][  0]LogShaderLibrary: Display: ShaderCodeLibraryPakFileMountedCallback: PakFile 'X:/Epic Games/Games4Epic/UE_4.27/FeaturePacks/FP_FirstPersonBP.upack' (chunk index -1, root 'root:/') mounted
[2022.03.22-19.49.19:349][  0]LogShaderLibrary: Display: ShaderCodeLibraryPakFileMountedCallback: pending pak file info (ChunkID:-1 Root:root:/ File:X:/Epic Games/Games4Epic/UE_4.27/FeaturePacks/FP_FirstPersonBP.upack)
[2022.03.22-19.49.19:349][  0]LogPakFile: OnPakFileMounted2Time == 0.000192
[2022.03.22-19.49.19:355][  0]LogPakFile: PakFile PrimaryIndexSize=191
[2022.03.22-19.49.19:355][  0]LogPakFile: PakFile PathHashIndexSize=101
[2022.03.22-19.49.19:355][  0]LogPakFile: PakFile FullDirectoryIndexSize=160
[2022.03.22-19.49.19:356][  0]LogShaderLibrary: Display: ShaderCodeLibraryPakFileMountedCallback: PakFile 'X:/Epic Games/Games4Epic/UE_4.27/FeaturePacks/MobileStarterContent.upack' (chunk index -1, root 'root:/') mounted
[2022.03.22-19.49.19:356][  0]LogShaderLibrary: Display: ShaderCodeLibraryPakFileMountedCallback: pending pak file info (ChunkID:-1 Root:root:/ File:X:/Epic Games/Games4Epic/UE_4.27/FeaturePacks/MobileStarterContent.upack)
[2022.03.22-19.49.19:356][  0]LogPakFile: OnPakFileMounted2Time == 0.000179
[2022.03.22-19.49.19:363][  0]LogPakFile: PakFile PrimaryIndexSize=185
[2022.03.22-19.49.19:363][  0]LogPakFile: PakFile PathHashIndexSize=101
[2022.03.22-19.49.19:363][  0]LogPakFile: PakFile FullDirectoryIndexSize=148
[2022.03.22-19.49.19:363][  0]LogShaderLibrary: Display: ShaderCodeLibraryPakFileMountedCallback: PakFile 'X:/Epic Games/Games4Epic/UE_4.27/FeaturePacks/StarterContent.upack' (chunk index -1, root 'root:/') mounted
[2022.03.22-19.49.19:363][  0]LogShaderLibrary: Display: ShaderCodeLibraryPakFileMountedCallback: pending pak file info (ChunkID:-1 Root:root:/ File:X:/Epic Games/Games4Epic/UE_4.27/FeaturePacks/StarterContent.upack)
[2022.03.22-19.49.19:363][  0]LogPakFile: OnPakFileMounted2Time == 0.000219
[2022.03.22-19.49.19:370][  0]LogPakFile: PakFile PrimaryIndexSize=190
[2022.03.22-19.49.19:370][  0]LogPakFile: PakFile PathHashIndexSize=101
[2022.03.22-19.49.19:370][  0]LogPakFile: PakFile FullDirectoryIndexSize=154
[2022.03.22-19.49.19:370][  0]LogShaderLibrary: Display: ShaderCodeLibraryPakFileMountedCallback: PakFile 'X:/Epic Games/Games4Epic/UE_4.27/FeaturePacks/TP_2DSideScroller.upack' (chunk index -1, root 'root:/') mounted
[2022.03.22-19.49.19:370][  0]LogShaderLibrary: Display: ShaderCodeLibraryPakFileMountedCallback: pending pak file info (ChunkID:-1 Root:root:/ File:X:/Epic Games/Games4Epic/UE_4.27/FeaturePacks/TP_2DSideScroller.upack)
[2022.03.22-19.49.19:370][  0]LogPakFile: OnPakFileMounted2Time == 0.000155
[2022.03.22-19.49.19:376][  0]LogPakFile: PakFile PrimaryIndexSize=192
[2022.03.22-19.49.19:376][  0]LogPakFile: PakFile PathHashIndexSize=101
[2022.03.22-19.49.19:376][  0]LogPakFile: PakFile FullDirectoryIndexSize=158
[2022.03.22-19.49.19:377][  0]LogShaderLibrary: Display: ShaderCodeLibraryPakFileMountedCallback: PakFile 'X:/Epic Games/Games4Epic/UE_4.27/FeaturePacks/TP_2DSideScrollerBP.upack' (chunk index -1, root 'root:/') mounted
[2022.03.22-19.49.19:377][  0]LogShaderLibrary: Display: ShaderCodeLibraryPakFileMountedCallback: pending pak file info (ChunkID:-1 Root:root:/ File:X:/Epic Games/Games4Epic/UE_4.27/FeaturePacks/TP_2DSideScrollerBP.upack)
[2022.03.22-19.49.19:377][  0]LogPakFile: OnPakFileMounted2Time == 0.000182
[2022.03.22-19.49.19:383][  0]LogPakFile: PakFile PrimaryIndexSize=182
[2022.03.22-19.49.19:383][  0]LogPakFile: PakFile PathHashIndexSize=101
[2022.03.22-19.49.19:383][  0]LogPakFile: PakFile FullDirectoryIndexSize=138
[2022.03.22-19.49.19:384][  0]LogShaderLibrary: Display: ShaderCodeLibraryPakFileMountedCallback: PakFile 'X:/Epic Games/Games4Epic/UE_4.27/FeaturePacks/TP_Flying.upack' (chunk index -1, root 'root:/') mounted
[2022.03.22-19.49.19:384][  0]LogShaderLibrary: Display: ShaderCodeLibraryPakFileMountedCallback: pending pak file info (ChunkID:-1 Root:root:/ File:X:/Epic Games/Games4Epic/UE_4.27/FeaturePacks/TP_Flying.upack)
[2022.03.22-19.49.19:384][  0]LogPakFile: OnPakFileMounted2Time == 0.000226
[2022.03.22-19.49.19:392][  0]LogPakFile: PakFile PrimaryIndexSize=184
[2022.03.22-19.49.19:392][  0]LogPakFile: PakFile PathHashIndexSize=101
[2022.03.22-19.49.19:392][  0]LogPakFile: PakFile FullDirectoryIndexSize=142
[2022.03.22-19.49.19:392][  0]LogShaderLibrary: Display: ShaderCodeLibraryPakFileMountedCallback: PakFile 'X:/Epic Games/Games4Epic/UE_4.27/FeaturePacks/TP_FlyingBP.upack' (chunk index -1, root 'root:/') mounted
[2022.03.22-19.49.19:392][  0]LogShaderLibrary: Display: ShaderCodeLibraryPakFileMountedCallback: pending pak file info (ChunkID:-1 Root:root:/ File:X:/Epic Games/Games4Epic/UE_4.27/FeaturePacks/TP_FlyingBP.upack)
[2022.03.22-19.49.19:392][  0]LogPakFile: OnPakFileMounted2Time == 0.000130
[2022.03.22-19.49.19:400][  0]LogPakFile: PakFile PrimaryIndexSize=188
[2022.03.22-19.49.19:400][  0]LogPakFile: PakFile PathHashIndexSize=101
[2022.03.22-19.49.19:400][  0]LogPakFile: PakFile FullDirectoryIndexSize=150
[2022.03.22-19.49.19:400][  0]LogShaderLibrary: Display: ShaderCodeLibraryPakFileMountedCallback: PakFile 'X:/Epic Games/Games4Epic/UE_4.27/FeaturePacks/TP_HandheldARBP.upack' (chunk index -1, root 'root:/') mounted
[2022.03.22-19.49.19:401][  0]LogShaderLibrary: Display: ShaderCodeLibraryPakFileMountedCallback: pending pak file info (ChunkID:-1 Root:root:/ File:X:/Epic Games/Games4Epic/UE_4.27/FeaturePacks/TP_HandheldARBP.upack)
[2022.03.22-19.49.19:401][  0]LogPakFile: OnPakFileMounted2Time == 0.000173
[2022.03.22-19.49.19:407][  0]LogPakFile: PakFile PrimaryIndexSize=182
[2022.03.22-19.49.19:407][  0]LogPakFile: PakFile PathHashIndexSize=101
[2022.03.22-19.49.19:407][  0]LogPakFile: PakFile FullDirectoryIndexSize=138
[2022.03.22-19.49.19:407][  0]LogShaderLibrary: Display: ShaderCodeLibraryPakFileMountedCallback: PakFile 'X:/Epic Games/Games4Epic/UE_4.27/FeaturePacks/TP_Puzzle.upack' (chunk index -1, root 'root:/') mounted
[2022.03.22-19.49.19:407][  0]LogShaderLibrary: Display: ShaderCodeLibraryPakFileMountedCallback: pending pak file info (ChunkID:-1 Root:root:/ File:X:/Epic Games/Games4Epic/UE_4.27/FeaturePacks/TP_Puzzle.upack)
[2022.03.22-19.49.19:408][  0]LogPakFile: OnPakFileMounted2Time == 0.000225
[2022.03.22-19.49.19:414][  0]LogPakFile: PakFile PrimaryIndexSize=184
[2022.03.22-19.49.19:414][  0]LogPakFile: PakFile PathHashIndexSize=101
[2022.03.22-19.49.19:414][  0]LogPakFile: PakFile FullDirectoryIndexSize=142
[2022.03.22-19.49.19:414][  0]LogShaderLibrary: Display: ShaderCodeLibraryPakFileMountedCallback: PakFile 'X:/Epic Games/Games4Epic/UE_4.27/FeaturePacks/TP_PuzzleBP.upack' (chunk index -1, root 'root:/') mounted
[2022.03.22-19.49.19:415][  0]LogShaderLibrary: Display: ShaderCodeLibraryPakFileMountedCallback: pending pak file info (ChunkID:-1 Root:root:/ File:X:/Epic Games/Games4Epic/UE_4.27/FeaturePacks/TP_PuzzleBP.upack)
[2022.03.22-19.49.19:415][  0]LogPakFile: OnPakFileMounted2Time == 0.000297
[2022.03.22-19.49.19:421][  0]LogPakFile: PakFile PrimaryIndexSize=183
[2022.03.22-19.49.19:421][  0]LogPakFile: PakFile PathHashIndexSize=101
[2022.03.22-19.49.19:421][  0]LogPakFile: PakFile FullDirectoryIndexSize=140
[2022.03.22-19.49.19:421][  0]LogShaderLibrary: Display: ShaderCodeLibraryPakFileMountedCallback: PakFile 'X:/Epic Games/Games4Epic/UE_4.27/FeaturePacks/TP_Rolling.upack' (chunk index -1, root 'root:/') mounted
[2022.03.22-19.49.19:422][  0]LogShaderLibrary: Display: ShaderCodeLibraryPakFileMountedCallback: pending pak file info (ChunkID:-1 Root:root:/ File:X:/Epic Games/Games4Epic/UE_4.27/FeaturePacks/TP_Rolling.upack)
[2022.03.22-19.49.19:422][  0]LogPakFile: OnPakFileMounted2Time == 0.000216
[2022.03.22-19.49.19:428][  0]LogPakFile: PakFile PrimaryIndexSize=185
[2022.03.22-19.49.19:428][  0]LogPakFile: PakFile PathHashIndexSize=101
[2022.03.22-19.49.19:428][  0]LogPakFile: PakFile FullDirectoryIndexSize=144
[2022.03.22-19.49.19:428][  0]LogShaderLibrary: Display: ShaderCodeLibraryPakFileMountedCallback: PakFile 'X:/Epic Games/Games4Epic/UE_4.27/FeaturePacks/TP_RollingBP.upack' (chunk index -1, root 'root:/') mounted
[2022.03.22-19.49.19:428][  0]LogShaderLibrary: Display: ShaderCodeLibraryPakFileMountedCallback: pending pak file info (ChunkID:-1 Root:root:/ File:X:/Epic Games/Games4Epic/UE_4.27/FeaturePacks/TP_RollingBP.upack)
[2022.03.22-19.49.19:428][  0]LogPakFile: OnPakFileMounted2Time == 0.000175
[2022.03.22-19.49.19:435][  0]LogPakFile: PakFile PrimaryIndexSize=188
[2022.03.22-19.49.19:435][  0]LogPakFile: PakFile PathHashIndexSize=101
[2022.03.22-19.49.19:435][  0]LogPakFile: PakFile FullDirectoryIndexSize=150
[2022.03.22-19.49.19:435][  0]LogShaderLibrary: Display: ShaderCodeLibraryPakFileMountedCallback: PakFile 'X:/Epic Games/Games4Epic/UE_4.27/FeaturePacks/TP_SideScroller.upack' (chunk index -1, root 'root:/') mounted
[2022.03.22-19.49.19:436][  0]LogShaderLibrary: Display: ShaderCodeLibraryPakFileMountedCallback: pending pak file info (ChunkID:-1 Root:root:/ File:X:/Epic Games/Games4Epic/UE_4.27/FeaturePacks/TP_SideScroller.upack)
[2022.03.22-19.49.19:436][  0]LogPakFile: OnPakFileMounted2Time == 0.000243
[2022.03.22-19.49.19:442][  0]LogPakFile: PakFile PrimaryIndexSize=190
[2022.03.22-19.49.19:442][  0]LogPakFile: PakFile PathHashIndexSize=101
[2022.03.22-19.49.19:443][  0]LogPakFile: PakFile FullDirectoryIndexSize=154
[2022.03.22-19.49.19:443][  0]LogShaderLibrary: Display: ShaderCodeLibraryPakFileMountedCallback: PakFile 'X:/Epic Games/Games4Epic/UE_4.27/FeaturePacks/TP_SideScrollerBP.upack' (chunk index -1, root 'root:/') mounted
[2022.03.22-19.49.19:443][  0]LogShaderLibrary: Display: ShaderCodeLibraryPakFileMountedCallback: pending pak file info (ChunkID:-1 Root:root:/ File:X:/Epic Games/Games4Epic/UE_4.27/FeaturePacks/TP_SideScrollerBP.upack)
[2022.03.22-19.49.19:443][  0]LogPakFile: OnPakFileMounted2Time == 0.000296
[2022.03.22-19.49.19:450][  0]LogPakFile: PakFile PrimaryIndexSize=187
[2022.03.22-19.49.19:450][  0]LogPakFile: PakFile PathHashIndexSize=101
[2022.03.22-19.49.19:450][  0]LogPakFile: PakFile FullDirectoryIndexSize=148
[2022.03.22-19.49.19:450][  0]LogShaderLibrary: Display: ShaderCodeLibraryPakFileMountedCallback: PakFile 'X:/Epic Games/Games4Epic/UE_4.27/FeaturePacks/TP_ThirdPerson.upack' (chunk index -1, root 'root:/') mounted
[2022.03.22-19.49.19:450][  0]LogShaderLibrary: Display: ShaderCodeLibraryPakFileMountedCallback: pending pak file info (ChunkID:-1 Root:root:/ File:X:/Epic Games/Games4Epic/UE_4.27/FeaturePacks/TP_ThirdPerson.upack)
[2022.03.22-19.49.19:450][  0]LogPakFile: OnPakFileMounted2Time == 0.000172
[2022.03.22-19.49.19:457][  0]LogPakFile: PakFile PrimaryIndexSize=189
[2022.03.22-19.49.19:457][  0]LogPakFile: PakFile PathHashIndexSize=101
[2022.03.22-19.49.19:457][  0]LogPakFile: PakFile FullDirectoryIndexSize=152
[2022.03.22-19.49.19:457][  0]LogShaderLibrary: Display: ShaderCodeLibraryPakFileMountedCallback: PakFile 'X:/Epic Games/Games4Epic/UE_4.27/FeaturePacks/TP_ThirdPersonBP.upack' (chunk index -1, root 'root:/') mounted
[2022.03.22-19.49.19:457][  0]LogShaderLibrary: Display: ShaderCodeLibraryPakFileMountedCallback: pending pak file info (ChunkID:-1 Root:root:/ File:X:/Epic Games/Games4Epic/UE_4.27/FeaturePacks/TP_ThirdPersonBP.upack)
[2022.03.22-19.49.19:457][  0]LogPakFile: OnPakFileMounted2Time == 0.000151
[2022.03.22-19.49.19:463][  0]LogPakFile: PakFile PrimaryIndexSize=183
[2022.03.22-19.49.19:463][  0]LogPakFile: PakFile PathHashIndexSize=101
[2022.03.22-19.49.19:463][  0]LogPakFile: PakFile FullDirectoryIndexSize=140
[2022.03.22-19.49.19:464][  0]LogShaderLibrary: Display: ShaderCodeLibraryPakFileMountedCallback: PakFile 'X:/Epic Games/Games4Epic/UE_4.27/FeaturePacks/TP_TopDown.upack' (chunk index -1, root 'root:/') mounted
[2022.03.22-19.49.19:464][  0]LogShaderLibrary: Display: ShaderCodeLibraryPakFileMountedCallback: pending pak file info (ChunkID:-1 Root:root:/ File:X:/Epic Games/Games4Epic/UE_4.27/FeaturePacks/TP_TopDown.upack)
[2022.03.22-19.49.19:464][  0]LogPakFile: OnPakFileMounted2Time == 0.000133
[2022.03.22-19.49.19:470][  0]LogPakFile: PakFile PrimaryIndexSize=185
[2022.03.22-19.49.19:470][  0]LogPakFile: PakFile PathHashIndexSize=101
[2022.03.22-19.49.19:470][  0]LogPakFile: PakFile FullDirectoryIndexSize=144
[2022.03.22-19.49.19:470][  0]LogShaderLibrary: Display: ShaderCodeLibraryPakFileMountedCallback: PakFile 'X:/Epic Games/Games4Epic/UE_4.27/FeaturePacks/TP_TopDownBP.upack' (chunk index -1, root 'root:/') mounted
[2022.03.22-19.49.19:470][  0]LogShaderLibrary: Display: ShaderCodeLibraryPakFileMountedCallback: pending pak file info (ChunkID:-1 Root:root:/ File:X:/Epic Games/Games4Epic/UE_4.27/FeaturePacks/TP_TopDownBP.upack)
[2022.03.22-19.49.19:470][  0]LogPakFile: OnPakFileMounted2Time == 0.000136
[2022.03.22-19.49.19:481][  0]LogPakFile: PakFile PrimaryIndexSize=185
[2022.03.22-19.49.19:481][  0]LogPakFile: PakFile PathHashIndexSize=101
[2022.03.22-19.49.19:481][  0]LogPakFile: PakFile FullDirectoryIndexSize=144
[2022.03.22-19.49.19:482][  0]LogShaderLibrary: Display: ShaderCodeLibraryPakFileMountedCallback: PakFile 'X:/Epic Games/Games4Epic/UE_4.27/FeaturePacks/TP_TwinStick.upack' (chunk index -1, root 'root:/') mounted
[2022.03.22-19.49.19:482][  0]LogShaderLibrary: Display: ShaderCodeLibraryPakFileMountedCallback: pending pak file info (ChunkID:-1 Root:root:/ File:X:/Epic Games/Games4Epic/UE_4.27/FeaturePacks/TP_TwinStick.upack)
[2022.03.22-19.49.19:482][  0]LogPakFile: OnPakFileMounted2Time == 0.000161
[2022.03.22-19.49.19:488][  0]LogPakFile: PakFile PrimaryIndexSize=187
[2022.03.22-19.49.19:488][  0]LogPakFile: PakFile PathHashIndexSize=101
[2022.03.22-19.49.19:488][  0]LogPakFile: PakFile FullDirectoryIndexSize=148
[2022.03.22-19.49.19:488][  0]LogShaderLibrary: Display: ShaderCodeLibraryPakFileMountedCallback: PakFile 'X:/Epic Games/Games4Epic/UE_4.27/FeaturePacks/TP_TwinStickBP.upack' (chunk index -1, root 'root:/') mounted
[2022.03.22-19.49.19:489][  0]LogShaderLibrary: Display: ShaderCodeLibraryPakFileMountedCallback: pending pak file info (ChunkID:-1 Root:root:/ File:X:/Epic Games/Games4Epic/UE_4.27/FeaturePacks/TP_TwinStickBP.upack)
[2022.03.22-19.49.19:489][  0]LogPakFile: OnPakFileMounted2Time == 0.000194
[2022.03.22-19.49.19:495][  0]LogPakFile: PakFile PrimaryIndexSize=183
[2022.03.22-19.49.19:495][  0]LogPakFile: PakFile PathHashIndexSize=101
[2022.03.22-19.49.19:495][  0]LogPakFile: PakFile FullDirectoryIndexSize=140
[2022.03.22-19.49.19:495][  0]LogShaderLibrary: Display: ShaderCodeLibraryPakFileMountedCallback: PakFile 'X:/Epic Games/Games4Epic/UE_4.27/FeaturePacks/TP_Vehicle.upack' (chunk index -1, root 'root:/') mounted
[2022.03.22-19.49.19:495][  0]LogShaderLibrary: Display: ShaderCodeLibraryPakFileMountedCallback: pending pak file info (ChunkID:-1 Root:root:/ File:X:/Epic Games/Games4Epic/UE_4.27/FeaturePacks/TP_Vehicle.upack)
[2022.03.22-19.49.19:496][  0]LogPakFile: OnPakFileMounted2Time == 0.000178
[2022.03.22-19.49.19:502][  0]LogPakFile: PakFile PrimaryIndexSize=186
[2022.03.22-19.49.19:502][  0]LogPakFile: PakFile PathHashIndexSize=101
[2022.03.22-19.49.19:502][  0]LogPakFile: PakFile FullDirectoryIndexSize=146
[2022.03.22-19.49.19:502][  0]LogShaderLibrary: Display: ShaderCodeLibraryPakFileMountedCallback: PakFile 'X:/Epic Games/Games4Epic/UE_4.27/FeaturePacks/TP_VehicleAdv.upack' (chunk index -1, root 'root:/') mounted
[2022.03.22-19.49.19:502][  0]LogShaderLibrary: Display: ShaderCodeLibraryPakFileMountedCallback: pending pak file info (ChunkID:-1 Root:root:/ File:X:/Epic Games/Games4Epic/UE_4.27/FeaturePacks/TP_VehicleAdv.upack)
[2022.03.22-19.49.19:502][  0]LogPakFile: OnPakFileMounted2Time == 0.000184
[2022.03.22-19.49.19:509][  0]LogPakFile: PakFile PrimaryIndexSize=188
[2022.03.22-19.49.19:509][  0]LogPakFile: PakFile PathHashIndexSize=101
[2022.03.22-19.49.19:509][  0]LogPakFile: PakFile FullDirectoryIndexSize=150
[2022.03.22-19.49.19:509][  0]LogShaderLibrary: Display: ShaderCodeLibraryPakFileMountedCallback: PakFile 'X:/Epic Games/Games4Epic/UE_4.27/FeaturePacks/TP_VehicleAdvBP.upack' (chunk index -1, root 'root:/') mounted
[2022.03.22-19.49.19:510][  0]LogShaderLibrary: Display: ShaderCodeLibraryPakFileMountedCallback: pending pak file info (ChunkID:-1 Root:root:/ File:X:/Epic Games/Games4Epic/UE_4.27/FeaturePacks/TP_VehicleAdvBP.upack)
[2022.03.22-19.49.19:510][  0]LogPakFile: OnPakFileMounted2Time == 0.000224
[2022.03.22-19.49.19:517][  0]LogPakFile: PakFile PrimaryIndexSize=185
[2022.03.22-19.49.19:517][  0]LogPakFile: PakFile PathHashIndexSize=101
[2022.03.22-19.49.19:517][  0]LogPakFile: PakFile FullDirectoryIndexSize=144
[2022.03.22-19.49.19:517][  0]LogShaderLibrary: Display: ShaderCodeLibraryPakFileMountedCallback: PakFile 'X:/Epic Games/Games4Epic/UE_4.27/FeaturePacks/TP_VehicleBP.upack' (chunk index -1, root 'root:/') mounted
[2022.03.22-19.49.19:517][  0]LogShaderLibrary: Display: ShaderCodeLibraryPakFileMountedCallback: pending pak file info (ChunkID:-1 Root:root:/ File:X:/Epic Games/Games4Epic/UE_4.27/FeaturePacks/TP_VehicleBP.upack)
[2022.03.22-19.49.19:517][  0]LogPakFile: OnPakFileMounted2Time == 0.000213
[2022.03.22-19.49.19:524][  0]LogPakFile: PakFile PrimaryIndexSize=192
[2022.03.22-19.49.19:524][  0]LogPakFile: PakFile PathHashIndexSize=101
[2022.03.22-19.49.19:524][  0]LogPakFile: PakFile FullDirectoryIndexSize=158
[2022.03.22-19.49.19:524][  0]LogShaderLibrary: Display: ShaderCodeLibraryPakFileMountedCallback: PakFile 'X:/Epic Games/Games4Epic/UE_4.27/FeaturePacks/TP_VirtualRealityBP.upack' (chunk index -1, root 'root:/') mounted
[2022.03.22-19.49.19:524][  0]LogShaderLibrary: Display: ShaderCodeLibraryPakFileMountedCallback: pending pak file info (ChunkID:-1 Root:root:/ File:X:/Epic Games/Games4Epic/UE_4.27/FeaturePacks/TP_VirtualRealityBP.upack)
[2022.03.22-19.49.19:524][  0]LogPakFile: OnPakFileMounted2Time == 0.000150
[2022.03.22-19.49.19:973][  0]LogNativeClassHierarchy: Verbose: Native class hierarchy updated for 'AddContentDialog' in 0.0003 seconds. Added 0 classes and 0 folders.
[2022.03.22-19.49.19:975][  0]LogNativeClassHierarchy: Verbose: Native class hierarchy updated for 'SceneOutliner' in 0.0003 seconds. Added 2 classes and 0 folders.
[2022.03.22-19.49.20:117][  0]LogSlate: Took 0.006621 seconds to synchronously load lazily loaded font '../../../Engine/Content/Editor/Slate/Fonts/FontAwesome.ttf' (139K)
[2022.03.22-19.49.20:125][  0]LogSlate: Took 0.006721 seconds to synchronously load lazily loaded font '../../../Engine/Content/Slate/Fonts/Roboto-Bold.ttf' (160K)
[2022.03.22-19.49.20:266][  0]LogRenderer: Reallocating scene render targets to support 1208x632 Format 10 NumSamples 1 (Frame:1).
[2022.03.22-19.49.20:325][  0]LogSlate: Took 0.005663 seconds to synchronously load lazily loaded font '../../../Engine/Content/Slate/Fonts/Roboto-Light.ttf' (167K)
[2022.03.22-19.49.20:409][  0]LogNativeClassHierarchy: Verbose: Native class hierarchy updated for 'HierarchicalLODOutliner' in 0.0003 seconds. Added 0 classes and 0 folders.
[2022.03.22-19.49.20:409][  0]LogLoad: (Engine Initialization) Total time: 48.23 seconds
[2022.03.22-19.49.20:409][  0]LogLoad: (Engine Initialization) Total Blueprint compile time: 0.00 seconds
[2022.03.22-19.49.20:456][  0]LogAssetRegistry: Asset discovery search completed in 34.6352 seconds
[2022.03.22-19.49.20:491][  0]LogCollectionManager: Fixed up redirectors for 0 collections in 0.000004 seconds (updated 0 objects)
[2022.03.22-19.49.20:493][  0]LogContentStreaming: Texture pool size now 1000 MB
[2022.03.22-19.49.21:431][ 87]LogSlate: Took 0.000204 seconds to synchronously load lazily loaded font '../../../Engine/Content/Slate/Fonts/Roboto-Light.ttf' (167K)
[2022.03.22-19.49.22:233][135]LogSlate: Took 0.006783 seconds to synchronously load lazily loaded font '../../../Engine/Content/Slate/Fonts/Roboto-Italic.ttf' (157K)
